[0.011s] Invoking command in '/home/dj/yolo_ws/build/yolo_msgs': CMAKE_PREFIX_PATH=${CMAKE_PREFIX_PATH}:/home/dj/yolo_ws/install/yolo_ros:/home/dj/yolo_ws/install/deep_sort_ros:/opt/ros/humble /usr/bin/cmake /home/dj/yolo_ws/src/yolo_ros/yolo_msgs -DCMAKE_EXPORT_COMPILE_COMMANDS=ON -DCMAKE_BUILD_TYPE=release -DGGML_CUDA=ON -DAMENT_CMAKE_SYMLINK_INSTALL=1 -DCMAKE_INSTALL_PREFIX=/home/dj/yolo_ws/install/yolo_msgs
[0.022s] -- Found ament_cmake: 1.3.10 (/opt/ros/humble/share/ament_cmake/cmake)
[0.104s] -- Override CMake install command with custom implementation using symlinks instead of copying resources
[0.110s] -- Found rosidl_default_generators: 1.2.0 (/opt/ros/humble/share/rosidl_default_generators/cmake)
[0.112s] -- Using all available rosidl_typesupport_c: rosidl_typesupport_fastrtps_c;rosidl_typesupport_introspection_c
[0.113s] -- Found rosidl_adapter: 3.1.5 (/opt/ros/humble/share/rosidl_adapter/cmake)
[0.132s] -- Using all available rosidl_typesupport_cpp: rosidl_typesupport_fastrtps_cpp;rosidl_typesupport_introspection_cpp
[0.148s] -- Found std_msgs: 4.2.4 (/opt/ros/humble/share/std_msgs/cmake)
[0.160s] -- Found geometry_msgs: 4.2.4 (/opt/ros/humble/share/geometry_msgs/cmake)
[0.397s] -- Found ament_cmake_ros: 0.10.0 (/opt/ros/humble/share/ament_cmake_ros/cmake)
[0.570s] -- Using all available rosidl_typesupport_c: rosidl_typesupport_fastrtps_c;rosidl_typesupport_introspection_c
[0.793s] -- Using all available rosidl_typesupport_cpp: rosidl_typesupport_fastrtps_cpp;rosidl_typesupport_introspection_cpp
[0.810s] -- Found python_cmake_module: 0.10.0 (/opt/ros/humble/share/python_cmake_module/cmake)
[0.827s] -- Using PYTHON_EXECUTABLE: /usr/bin/python3
[0.827s] -- Using PYTHON_INCLUDE_DIRS: /usr/include/python3.10
[0.827s] -- Using PYTHON_LIBRARIES: /usr/lib/x86_64-linux-gnu/libpython3.10.so
[0.860s] -- Configuring done
[0.896s] -- Generating done
[0.898s] [33mCMake Warning:
[0.898s]   Manually-specified variables were not used by the project:
[0.899s] 
[0.899s]     GGML_CUDA
[0.899s] 
[0.899s] [0m
[0.905s] -- Build files have been written to: /home/dj/yolo_ws/build/yolo_msgs
[0.913s] Invoked command in '/home/dj/yolo_ws/build/yolo_msgs' returned '0': CMAKE_PREFIX_PATH=${CMAKE_PREFIX_PATH}:/home/dj/yolo_ws/install/yolo_ros:/home/dj/yolo_ws/install/deep_sort_ros:/opt/ros/humble /usr/bin/cmake /home/dj/yolo_ws/src/yolo_ros/yolo_msgs -DCMAKE_EXPORT_COMPILE_COMMANDS=ON -DCMAKE_BUILD_TYPE=release -DGGML_CUDA=ON -DAMENT_CMAKE_SYMLINK_INSTALL=1 -DCMAKE_INSTALL_PREFIX=/home/dj/yolo_ws/install/yolo_msgs
[0.915s] Invoking command in '/home/dj/yolo_ws/build/yolo_msgs': CMAKE_PREFIX_PATH=${CMAKE_PREFIX_PATH}:/home/dj/yolo_ws/install/yolo_ros:/home/dj/yolo_ws/install/deep_sort_ros:/opt/ros/humble /usr/bin/cmake --build /home/dj/yolo_ws/build/yolo_msgs -- -j16 -l16
[0.950s] [35m[1mConsolidate compiler generated dependencies of target yolo_msgs__rosidl_generator_c[0m
[0.956s] [  0%] Built target yolo_msgs__cpp
[0.963s] [  4%] [32mBuilding C object CMakeFiles/yolo_msgs__rosidl_generator_c.dir/rosidl_generator_c/yolo_msgs/msg/detail/vector2__functions.c.o[0m
[0.963s] [  5%] [32mBuilding C object CMakeFiles/yolo_msgs__rosidl_generator_c.dir/rosidl_generator_c/yolo_msgs/msg/detail/mask__functions.c.o[0m
[0.964s] [  4%] [32mBuilding C object CMakeFiles/yolo_msgs__rosidl_generator_c.dir/rosidl_generator_c/yolo_msgs/msg/detail/point2_d__functions.c.o[0m
[0.964s] [  4%] Built target ament_cmake_python_symlink_yolo_msgs
[0.964s] [  5%] [32mBuilding C object CMakeFiles/yolo_msgs__rosidl_generator_c.dir/rosidl_generator_c/yolo_msgs/msg/detail/bounding_box3_d__functions.c.o[0m
[0.964s] [  5%] [32mBuilding C object CMakeFiles/yolo_msgs__rosidl_generator_c.dir/rosidl_generator_c/yolo_msgs/msg/detail/pose2_d__functions.c.o[0m
[0.964s] [  5%] [32mBuilding C object CMakeFiles/yolo_msgs__rosidl_generator_c.dir/rosidl_generator_c/yolo_msgs/msg/detail/key_point2_d__functions.c.o[0m
[0.964s] [  4%] [32mBuilding C object CMakeFiles/yolo_msgs__rosidl_generator_c.dir/rosidl_generator_c/yolo_msgs/msg/detail/bounding_box2_d__functions.c.o[0m
[0.964s] [  7%] [32mBuilding C object CMakeFiles/yolo_msgs__rosidl_generator_c.dir/rosidl_generator_c/yolo_msgs/msg/detail/key_point3_d__functions.c.o[0m
[0.965s] [  7%] [32mBuilding C object CMakeFiles/yolo_msgs__rosidl_generator_c.dir/rosidl_generator_c/yolo_msgs/msg/detail/key_point2_d_array__functions.c.o[0m
[0.965s] [  9%] [32mBuilding C object CMakeFiles/yolo_msgs__rosidl_generator_c.dir/rosidl_generator_c/yolo_msgs/msg/detail/key_point3_d_array__functions.c.o[0m
[0.965s] [  9%] [32mBuilding C object CMakeFiles/yolo_msgs__rosidl_generator_c.dir/rosidl_generator_c/yolo_msgs/msg/detail/detection__functions.c.o[0m
[0.965s] [  9%] [32mBuilding C object CMakeFiles/yolo_msgs__rosidl_generator_c.dir/rosidl_generator_c/yolo_msgs/msg/detail/detection_array__functions.c.o[0m
[0.967s] [35m[1mConsolidate compiler generated dependencies of target yolo_msgs__rosidl_typesupport_introspection_cpp[0m
[0.967s] [35m[1mConsolidate compiler generated dependencies of target yolo_msgs__rosidl_typesupport_fastrtps_cpp[0m
[0.968s] [35m[1mConsolidate compiler generated dependencies of target yolo_msgs__rosidl_typesupport_cpp[0m
[0.985s] [ 12%] [32mBuilding CXX object CMakeFiles/yolo_msgs__rosidl_typesupport_cpp.dir/rosidl_typesupport_cpp/yolo_msgs/msg/point2_d__type_support.cpp.o[0m
[0.985s] [ 12%] [32mBuilding CXX object CMakeFiles/yolo_msgs__rosidl_typesupport_introspection_cpp.dir/rosidl_typesupport_introspection_cpp/yolo_msgs/msg/detail/point2_d__type_support.cpp.o[0m
[0.985s] [ 12%] [32mBuilding CXX object CMakeFiles/yolo_msgs__rosidl_typesupport_fastrtps_cpp.dir/rosidl_typesupport_fastrtps_cpp/yolo_msgs/msg/detail/dds_fastrtps/point2_d__type_support.cpp.o[0m
[1.129s] [ 15%] [32mBuilding CXX object CMakeFiles/yolo_msgs__rosidl_typesupport_cpp.dir/rosidl_typesupport_cpp/yolo_msgs/msg/vector2__type_support.cpp.o[0m
[1.130s] [ 15%] [32mBuilding C object CMakeFiles/yolo_msgs__rosidl_generator_c.dir/rosidl_generator_c/yolo_msgs/srv/detail/set_classes__functions.c.o[0m
[1.130s] [ 15%] [32mBuilding CXX object CMakeFiles/yolo_msgs__rosidl_typesupport_fastrtps_cpp.dir/rosidl_typesupport_fastrtps_cpp/yolo_msgs/msg/detail/dds_fastrtps/vector2__type_support.cpp.o[0m
[1.130s] [ 16%] [32mBuilding CXX object CMakeFiles/yolo_msgs__rosidl_typesupport_fastrtps_cpp.dir/rosidl_typesupport_fastrtps_cpp/yolo_msgs/msg/detail/dds_fastrtps/bounding_box3_d__type_support.cpp.o[0m
[1.131s] [ 18%] [32mBuilding CXX object CMakeFiles/yolo_msgs__rosidl_typesupport_introspection_cpp.dir/rosidl_typesupport_introspection_cpp/yolo_msgs/msg/detail/bounding_box2_d__type_support.cpp.o[0m
[1.131s] [ 18%] [32mBuilding CXX object CMakeFiles/yolo_msgs__rosidl_typesupport_cpp.dir/rosidl_typesupport_cpp/yolo_msgs/msg/bounding_box2_d__type_support.cpp.o[0m
[1.131s] [ 15%] [32mBuilding CXX object CMakeFiles/yolo_msgs__rosidl_typesupport_fastrtps_cpp.dir/rosidl_typesupport_fastrtps_cpp/yolo_msgs/msg/detail/dds_fastrtps/bounding_box2_d__type_support.cpp.o[0m
[1.131s] [ 19%] [32mBuilding CXX object CMakeFiles/yolo_msgs__rosidl_typesupport_introspection_cpp.dir/rosidl_typesupport_introspection_cpp/yolo_msgs/msg/detail/vector2__type_support.cpp.o[0m
[1.132s] [ 21%] [32mBuilding CXX object CMakeFiles/yolo_msgs__rosidl_typesupport_fastrtps_cpp.dir/rosidl_typesupport_fastrtps_cpp/yolo_msgs/msg/detail/dds_fastrtps/pose2_d__type_support.cpp.o[0m
[1.132s] [ 21%] [32mBuilding CXX object CMakeFiles/yolo_msgs__rosidl_typesupport_introspection_cpp.dir/rosidl_typesupport_introspection_cpp/yolo_msgs/msg/detail/pose2_d__type_support.cpp.o[0m
[1.132s] [ 21%] [32mBuilding CXX object CMakeFiles/yolo_msgs__rosidl_typesupport_cpp.dir/rosidl_typesupport_cpp/yolo_msgs/msg/pose2_d__type_support.cpp.o[0m
[1.139s] [ 21%] [32mBuilding CXX object CMakeFiles/yolo_msgs__rosidl_typesupport_introspection_cpp.dir/rosidl_typesupport_introspection_cpp/yolo_msgs/msg/detail/bounding_box3_d__type_support.cpp.o[0m
[1.157s] running egg_info
[1.174s] writing yolo_msgs.egg-info/PKG-INFO
[1.174s] writing dependency_links to yolo_msgs.egg-info/dependency_links.txt
[1.175s] writing top-level names to yolo_msgs.egg-info/top_level.txt
[1.233s] reading manifest file 'yolo_msgs.egg-info/SOURCES.txt'
[1.237s] writing manifest file 'yolo_msgs.egg-info/SOURCES.txt'
[1.277s] [ 22%] [32m[1mLinking C shared library libyolo_msgs__rosidl_generator_c.so[0m
[1.297s] [ 22%] Built target ament_cmake_python_build_yolo_msgs_egg
[1.311s] [ 23%] [32mBuilding CXX object CMakeFiles/yolo_msgs__rosidl_typesupport_cpp.dir/rosidl_typesupport_cpp/yolo_msgs/msg/bounding_box3_d__type_support.cpp.o[0m
[1.413s] [ 24%] Built target yolo_msgs__rosidl_generator_c
[1.429s] [ 25%] [32mBuilding CXX object CMakeFiles/yolo_msgs__rosidl_typesupport_introspection_cpp.dir/rosidl_typesupport_introspection_cpp/yolo_msgs/msg/detail/mask__type_support.cpp.o[0m
[1.429s] [ 26%] [32mBuilding CXX object CMakeFiles/yolo_msgs__rosidl_typesupport_fastrtps_cpp.dir/rosidl_typesupport_fastrtps_cpp/yolo_msgs/msg/detail/dds_fastrtps/mask__type_support.cpp.o[0m
[1.438s] [ 27%] [32mBuilding CXX object CMakeFiles/yolo_msgs__rosidl_typesupport_cpp.dir/rosidl_typesupport_cpp/yolo_msgs/msg/mask__type_support.cpp.o[0m
[1.438s] [ 28%] [32mBuilding CXX object CMakeFiles/yolo_msgs__rosidl_typesupport_introspection_cpp.dir/rosidl_typesupport_introspection_cpp/yolo_msgs/msg/detail/key_point2_d__type_support.cpp.o[0m
[1.472s] [ 29%] [32mBuilding CXX object CMakeFiles/yolo_msgs__rosidl_typesupport_fastrtps_cpp.dir/rosidl_typesupport_fastrtps_cpp/yolo_msgs/msg/detail/dds_fastrtps/key_point2_d__type_support.cpp.o[0m
[1.511s] [ 30%] [32mBuilding CXX object CMakeFiles/yolo_msgs__rosidl_typesupport_introspection_cpp.dir/rosidl_typesupport_introspection_cpp/yolo_msgs/msg/detail/key_point2_d_array__type_support.cpp.o[0m
[1.552s] [35m[1mConsolidate compiler generated dependencies of target yolo_msgs__rosidl_typesupport_introspection_c[0m
[1.553s] [35m[1mConsolidate compiler generated dependencies of target yolo_msgs__rosidl_typesupport_fastrtps_c[0m
[1.557s] [ 31%] [32mBuilding CXX object CMakeFiles/yolo_msgs__rosidl_typesupport_fastrtps_cpp.dir/rosidl_typesupport_fastrtps_cpp/yolo_msgs/msg/detail/dds_fastrtps/key_point2_d_array__type_support.cpp.o[0m
[1.575s] [ 32%] [32mBuilding C object CMakeFiles/yolo_msgs__rosidl_typesupport_introspection_c.dir/rosidl_typesupport_introspection_c/yolo_msgs/msg/detail/point2_d__type_support.c.o[0m
[1.595s] [ 32%] [32mBuilding CXX object CMakeFiles/yolo_msgs__rosidl_typesupport_fastrtps_c.dir/rosidl_typesupport_fastrtps_c/yolo_msgs/msg/detail/vector2__type_support_c.cpp.o[0m
[1.598s] [ 33%] [32mBuilding CXX object CMakeFiles/yolo_msgs__rosidl_typesupport_fastrtps_c.dir/rosidl_typesupport_fastrtps_c/yolo_msgs/msg/detail/point2_d__type_support_c.cpp.o[0m
[1.607s] [35m[1mConsolidate compiler generated dependencies of target yolo_msgs__rosidl_typesupport_c[0m
[1.616s] [ 34%] [32mBuilding CXX object CMakeFiles/yolo_msgs__rosidl_typesupport_fastrtps_c.dir/rosidl_typesupport_fastrtps_c/yolo_msgs/msg/detail/pose2_d__type_support_c.cpp.o[0m
[1.622s] [ 35%] [32mBuilding CXX object CMakeFiles/yolo_msgs__rosidl_typesupport_fastrtps_c.dir/rosidl_typesupport_fastrtps_c/yolo_msgs/msg/detail/bounding_box2_d__type_support_c.cpp.o[0m
[1.625s] [ 35%] [32mBuilding CXX object CMakeFiles/yolo_msgs__rosidl_typesupport_c.dir/rosidl_typesupport_c/yolo_msgs/msg/point2_d__type_support.cpp.o[0m
[1.635s] [ 36%] [32mBuilding CXX object CMakeFiles/yolo_msgs__rosidl_typesupport_fastrtps_c.dir/rosidl_typesupport_fastrtps_c/yolo_msgs/msg/detail/bounding_box3_d__type_support_c.cpp.o[0m
[1.652s] [ 37%] [32mBuilding C object CMakeFiles/yolo_msgs__rosidl_typesupport_introspection_c.dir/rosidl_typesupport_introspection_c/yolo_msgs/msg/detail/vector2__type_support.c.o[0m
[1.664s] [ 38%] [32mBuilding CXX object CMakeFiles/yolo_msgs__rosidl_typesupport_fastrtps_c.dir/rosidl_typesupport_fastrtps_c/yolo_msgs/msg/detail/mask__type_support_c.cpp.o[0m
[1.674s] [ 39%] [32mBuilding CXX object CMakeFiles/yolo_msgs__rosidl_typesupport_c.dir/rosidl_typesupport_c/yolo_msgs/msg/vector2__type_support.cpp.o[0m
[1.694s] [ 39%] [32mBuilding CXX object CMakeFiles/yolo_msgs__rosidl_typesupport_fastrtps_c.dir/rosidl_typesupport_fastrtps_c/yolo_msgs/msg/detail/key_point2_d__type_support_c.cpp.o[0m
[1.734s] [ 39%] [32mBuilding C object CMakeFiles/yolo_msgs__rosidl_typesupport_introspection_c.dir/rosidl_typesupport_introspection_c/yolo_msgs/msg/detail/pose2_d__type_support.c.o[0m
[1.736s] [ 40%] [32mBuilding CXX object CMakeFiles/yolo_msgs__rosidl_typesupport_c.dir/rosidl_typesupport_c/yolo_msgs/msg/pose2_d__type_support.cpp.o[0m
[1.780s] [ 41%] [32mBuilding CXX object CMakeFiles/yolo_msgs__rosidl_typesupport_cpp.dir/rosidl_typesupport_cpp/yolo_msgs/msg/key_point2_d__type_support.cpp.o[0m
[1.788s] [ 42%] [32mBuilding C object CMakeFiles/yolo_msgs__rosidl_typesupport_introspection_c.dir/rosidl_typesupport_introspection_c/yolo_msgs/msg/detail/bounding_box2_d__type_support.c.o[0m
[1.788s] [ 43%] [32mBuilding CXX object CMakeFiles/yolo_msgs__rosidl_typesupport_c.dir/rosidl_typesupport_c/yolo_msgs/msg/bounding_box2_d__type_support.cpp.o[0m
[1.845s] [ 44%] [32mBuilding C object CMakeFiles/yolo_msgs__rosidl_typesupport_introspection_c.dir/rosidl_typesupport_introspection_c/yolo_msgs/msg/detail/bounding_box3_d__type_support.c.o[0m
[1.867s] [ 45%] [32mBuilding CXX object CMakeFiles/yolo_msgs__rosidl_typesupport_c.dir/rosidl_typesupport_c/yolo_msgs/msg/bounding_box3_d__type_support.cpp.o[0m
[1.921s] [ 45%] [32mBuilding CXX object CMakeFiles/yolo_msgs__rosidl_typesupport_c.dir/rosidl_typesupport_c/yolo_msgs/msg/mask__type_support.cpp.o[0m
[1.932s] [ 45%] [32mBuilding CXX object CMakeFiles/yolo_msgs__rosidl_typesupport_fastrtps_cpp.dir/rosidl_typesupport_fastrtps_cpp/yolo_msgs/msg/detail/dds_fastrtps/key_point3_d__type_support.cpp.o[0m
[1.941s] [ 46%] [32mBuilding C object CMakeFiles/yolo_msgs__rosidl_typesupport_introspection_c.dir/rosidl_typesupport_introspection_c/yolo_msgs/msg/detail/mask__type_support.c.o[0m
[1.957s] [ 47%] [32mBuilding CXX object CMakeFiles/yolo_msgs__rosidl_typesupport_fastrtps_cpp.dir/rosidl_typesupport_fastrtps_cpp/yolo_msgs/msg/detail/dds_fastrtps/key_point3_d_array__type_support.cpp.o[0m
[1.972s] [ 48%] [32mBuilding CXX object CMakeFiles/yolo_msgs__rosidl_typesupport_c.dir/rosidl_typesupport_c/yolo_msgs/msg/key_point2_d__type_support.cpp.o[0m
[2.002s] [ 48%] [32mBuilding CXX object CMakeFiles/yolo_msgs__rosidl_typesupport_cpp.dir/rosidl_typesupport_cpp/yolo_msgs/msg/key_point2_d_array__type_support.cpp.o[0m
[2.023s] [ 49%] [32mBuilding CXX object CMakeFiles/yolo_msgs__rosidl_typesupport_introspection_cpp.dir/rosidl_typesupport_introspection_cpp/yolo_msgs/msg/detail/key_point3_d_array__type_support.cpp.o[0m
[2.025s] [ 50%] [32mBuilding CXX object CMakeFiles/yolo_msgs__rosidl_typesupport_introspection_cpp.dir/rosidl_typesupport_introspection_cpp/yolo_msgs/msg/detail/key_point3_d__type_support.cpp.o[0m
[2.027s] [ 49%] [32mBuilding CXX object CMakeFiles/yolo_msgs__rosidl_typesupport_c.dir/rosidl_typesupport_c/yolo_msgs/msg/key_point2_d_array__type_support.cpp.o[0m
[2.027s] [ 51%] [32mBuilding C object CMakeFiles/yolo_msgs__rosidl_typesupport_introspection_c.dir/rosidl_typesupport_introspection_c/yolo_msgs/msg/detail/key_point2_d__type_support.c.o[0m
[2.028s] [ 52%] [32mBuilding CXX object CMakeFiles/yolo_msgs__rosidl_typesupport_fastrtps_cpp.dir/rosidl_typesupport_fastrtps_cpp/yolo_msgs/msg/detail/dds_fastrtps/detection__type_support.cpp.o[0m
[2.030s] [ 53%] [32mBuilding CXX object CMakeFiles/yolo_msgs__rosidl_typesupport_fastrtps_c.dir/rosidl_typesupport_fastrtps_c/yolo_msgs/msg/detail/key_point2_d_array__type_support_c.cpp.o[0m
[2.060s] [ 54%] [32mBuilding CXX object CMakeFiles/yolo_msgs__rosidl_typesupport_cpp.dir/rosidl_typesupport_cpp/yolo_msgs/msg/key_point3_d__type_support.cpp.o[0m
[2.074s] [ 55%] [32mBuilding CXX object CMakeFiles/yolo_msgs__rosidl_typesupport_c.dir/rosidl_typesupport_c/yolo_msgs/msg/key_point3_d__type_support.cpp.o[0m
[2.082s] [ 56%] [32mBuilding CXX object CMakeFiles/yolo_msgs__rosidl_typesupport_c.dir/rosidl_typesupport_c/yolo_msgs/msg/key_point3_d_array__type_support.cpp.o[0m
[2.092s] [ 57%] [32mBuilding CXX object CMakeFiles/yolo_msgs__rosidl_typesupport_introspection_cpp.dir/rosidl_typesupport_introspection_cpp/yolo_msgs/msg/detail/detection__type_support.cpp.o[0m
[2.093s] [ 57%] [32mBuilding C object CMakeFiles/yolo_msgs__rosidl_typesupport_introspection_c.dir/rosidl_typesupport_introspection_c/yolo_msgs/msg/detail/key_point2_d_array__type_support.c.o[0m
[2.102s] [ 58%] [32mBuilding CXX object CMakeFiles/yolo_msgs__rosidl_typesupport_cpp.dir/rosidl_typesupport_cpp/yolo_msgs/msg/key_point3_d_array__type_support.cpp.o[0m
[2.119s] [ 59%] [32mBuilding C object CMakeFiles/yolo_msgs__rosidl_typesupport_introspection_c.dir/rosidl_typesupport_introspection_c/yolo_msgs/msg/detail/key_point3_d__type_support.c.o[0m
[2.132s] [ 59%] [32mBuilding CXX object CMakeFiles/yolo_msgs__rosidl_typesupport_c.dir/rosidl_typesupport_c/yolo_msgs/msg/detection__type_support.cpp.o[0m
[2.132s] [ 60%] [32mBuilding C object CMakeFiles/yolo_msgs__rosidl_typesupport_introspection_c.dir/rosidl_typesupport_introspection_c/yolo_msgs/msg/detail/key_point3_d_array__type_support.c.o[0m
[2.169s] [ 62%] [32mBuilding CXX object CMakeFiles/yolo_msgs__rosidl_typesupport_fastrtps_c.dir/rosidl_typesupport_fastrtps_c/yolo_msgs/msg/detail/key_point3_d__type_support_c.cpp.o[0m
[2.173s] [ 62%] [32mBuilding C object CMakeFiles/yolo_msgs__rosidl_typesupport_introspection_c.dir/rosidl_typesupport_introspection_c/yolo_msgs/msg/detail/detection__type_support.c.o[0m
[2.178s] [ 63%] [32mBuilding CXX object CMakeFiles/yolo_msgs__rosidl_typesupport_cpp.dir/rosidl_typesupport_cpp/yolo_msgs/msg/detection__type_support.cpp.o[0m
[2.178s] [ 64%] [32mBuilding CXX object CMakeFiles/yolo_msgs__rosidl_typesupport_c.dir/rosidl_typesupport_c/yolo_msgs/msg/detection_array__type_support.cpp.o[0m
[2.234s] [ 65%] [32mBuilding CXX object CMakeFiles/yolo_msgs__rosidl_typesupport_fastrtps_cpp.dir/rosidl_typesupport_fastrtps_cpp/yolo_msgs/msg/detail/dds_fastrtps/detection_array__type_support.cpp.o[0m
[2.239s] [ 66%] [32mBuilding CXX object CMakeFiles/yolo_msgs__rosidl_typesupport_cpp.dir/rosidl_typesupport_cpp/yolo_msgs/msg/detection_array__type_support.cpp.o[0m
[2.240s] [ 67%] [32mBuilding CXX object CMakeFiles/yolo_msgs__rosidl_typesupport_c.dir/rosidl_typesupport_c/yolo_msgs/srv/set_classes__type_support.cpp.o[0m
[2.248s] [ 68%] [32mBuilding C object CMakeFiles/yolo_msgs__rosidl_typesupport_introspection_c.dir/rosidl_typesupport_introspection_c/yolo_msgs/msg/detail/detection_array__type_support.c.o[0m
[2.309s] [ 69%] [32m[1mLinking CXX shared library libyolo_msgs__rosidl_typesupport_c.so[0m
[2.328s] [ 69%] [32mBuilding C object CMakeFiles/yolo_msgs__rosidl_typesupport_introspection_c.dir/rosidl_typesupport_introspection_c/yolo_msgs/srv/detail/set_classes__type_support.c.o[0m
[2.356s] [ 70%] [32mBuilding CXX object CMakeFiles/yolo_msgs__rosidl_typesupport_fastrtps_cpp.dir/rosidl_typesupport_fastrtps_cpp/yolo_msgs/srv/detail/dds_fastrtps/set_classes__type_support.cpp.o[0m
[2.380s] [ 71%] [32mBuilding CXX object CMakeFiles/yolo_msgs__rosidl_typesupport_introspection_cpp.dir/rosidl_typesupport_introspection_cpp/yolo_msgs/msg/detail/detection_array__type_support.cpp.o[0m
[2.395s] [ 72%] [32m[1mLinking C shared library libyolo_msgs__rosidl_typesupport_introspection_c.so[0m
[2.432s] [ 73%] Built target yolo_msgs__rosidl_typesupport_c
[2.444s] [ 74%] Built target yolo_msgs__rosidl_typesupport_introspection_c
[2.447s] [ 74%] [32mBuilding CXX object CMakeFiles/yolo_msgs__rosidl_typesupport_cpp.dir/rosidl_typesupport_cpp/yolo_msgs/srv/set_classes__type_support.cpp.o[0m
[2.448s] [ 75%] [32mBuilding CXX object CMakeFiles/yolo_msgs__rosidl_typesupport_introspection_cpp.dir/rosidl_typesupport_introspection_cpp/yolo_msgs/srv/detail/set_classes__type_support.cpp.o[0m
[2.456s] [ 76%] [32mBuilding CXX object CMakeFiles/yolo_msgs__rosidl_typesupport_fastrtps_c.dir/rosidl_typesupport_fastrtps_c/yolo_msgs/msg/detail/key_point3_d_array__type_support_c.cpp.o[0m
[2.467s] [ 77%] [32mBuilding CXX object CMakeFiles/yolo_msgs__rosidl_typesupport_fastrtps_c.dir/rosidl_typesupport_fastrtps_c/yolo_msgs/msg/detail/detection__type_support_c.cpp.o[0m
[2.482s] [ 77%] [32mBuilding CXX object CMakeFiles/yolo_msgs__rosidl_typesupport_fastrtps_c.dir/rosidl_typesupport_fastrtps_c/yolo_msgs/msg/detail/detection_array__type_support_c.cpp.o[0m
[2.510s] [ 78%] [32mBuilding CXX object CMakeFiles/yolo_msgs__rosidl_typesupport_fastrtps_c.dir/rosidl_typesupport_fastrtps_c/yolo_msgs/srv/detail/set_classes__type_support_c.cpp.o[0m
[2.754s] [ 79%] [32m[1mLinking CXX shared library libyolo_msgs__rosidl_typesupport_cpp.so[0m
[2.795s] [ 80%] Built target yolo_msgs__rosidl_typesupport_cpp
[2.878s] [ 80%] [32m[1mLinking CXX shared library libyolo_msgs__rosidl_typesupport_fastrtps_cpp.so[0m
[2.910s] [ 81%] [32m[1mLinking CXX shared library libyolo_msgs__rosidl_typesupport_fastrtps_c.so[0m
[2.944s] [ 82%] Built target yolo_msgs__rosidl_typesupport_fastrtps_cpp
[2.978s] [ 83%] [32m[1mLinking CXX shared library libyolo_msgs__rosidl_typesupport_introspection_cpp.so[0m
[2.979s] [ 84%] Built target yolo_msgs__rosidl_typesupport_fastrtps_c
[3.040s] [ 84%] Built target yolo_msgs__rosidl_typesupport_introspection_cpp
[3.058s] [ 84%] Built target yolo_msgs
[3.075s] [ 85%] Built target yolo_msgs__py
[3.087s] [35m[1mConsolidate compiler generated dependencies of target yolo_msgs__rosidl_generator_py[0m
[3.106s] [ 89%] [32mBuilding C object CMakeFiles/yolo_msgs__rosidl_generator_py.dir/rosidl_generator_py/yolo_msgs/msg/_point2_d_s.c.o[0m
[3.106s] [ 89%] [32mBuilding C object CMakeFiles/yolo_msgs__rosidl_generator_py.dir/rosidl_generator_py/yolo_msgs/msg/_pose2_d_s.c.o[0m
[3.106s] [ 89%] [32mBuilding C object CMakeFiles/yolo_msgs__rosidl_generator_py.dir/rosidl_generator_py/yolo_msgs/msg/_bounding_box3_d_s.c.o[0m
[3.106s] [ 89%] [32mBuilding C object CMakeFiles/yolo_msgs__rosidl_generator_py.dir/rosidl_generator_py/yolo_msgs/msg/_vector2_s.c.o[0m
[3.107s] [ 90%] [32mBuilding C object CMakeFiles/yolo_msgs__rosidl_generator_py.dir/rosidl_generator_py/yolo_msgs/msg/_mask_s.c.o[0m
[3.107s] [ 91%] [32mBuilding C object CMakeFiles/yolo_msgs__rosidl_generator_py.dir/rosidl_generator_py/yolo_msgs/msg/_key_point2_d_array_s.c.o[0m
[3.107s] [ 91%] [32mBuilding C object CMakeFiles/yolo_msgs__rosidl_generator_py.dir/rosidl_generator_py/yolo_msgs/msg/_bounding_box2_d_s.c.o[0m
[3.107s] [ 89%] [32mBuilding C object CMakeFiles/yolo_msgs__rosidl_generator_py.dir/rosidl_generator_py/yolo_msgs/msg/_key_point2_d_s.c.o[0m
[3.107s] [ 92%] [32mBuilding C object CMakeFiles/yolo_msgs__rosidl_generator_py.dir/rosidl_generator_py/yolo_msgs/msg/_key_point3_d_s.c.o[0m
[3.108s] [ 93%] [32mBuilding C object CMakeFiles/yolo_msgs__rosidl_generator_py.dir/rosidl_generator_py/yolo_msgs/msg/_key_point3_d_array_s.c.o[0m
[3.108s] [ 94%] [32mBuilding C object CMakeFiles/yolo_msgs__rosidl_generator_py.dir/rosidl_generator_py/yolo_msgs/msg/_detection_s.c.o[0m
[3.108s] [ 94%] [32mBuilding C object CMakeFiles/yolo_msgs__rosidl_generator_py.dir/rosidl_generator_py/yolo_msgs/msg/_detection_array_s.c.o[0m
[3.109s] [ 95%] [32mBuilding C object CMakeFiles/yolo_msgs__rosidl_generator_py.dir/rosidl_generator_py/yolo_msgs/srv/_set_classes_s.c.o[0m
[3.265s] [ 96%] [32m[1mLinking C shared library rosidl_generator_py/yolo_msgs/libyolo_msgs__rosidl_generator_py.so[0m
[3.302s] [ 96%] Built target yolo_msgs__rosidl_generator_py
[3.310s] [35m[1mConsolidate compiler generated dependencies of target yolo_msgs__rosidl_typesupport_fastrtps_c__pyext[0m
[3.310s] [35m[1mConsolidate compiler generated dependencies of target yolo_msgs__rosidl_typesupport_c__pyext[0m
[3.310s] [35m[1mConsolidate compiler generated dependencies of target yolo_msgs__rosidl_typesupport_introspection_c__pyext[0m
[3.321s] [ 99%] [32mBuilding C object CMakeFiles/yolo_msgs__rosidl_typesupport_introspection_c__pyext.dir/rosidl_generator_py/yolo_msgs/_yolo_msgs_s.ep.rosidl_typesupport_introspection_c.c.o[0m
[3.321s] [ 99%] [32mBuilding C object CMakeFiles/yolo_msgs__rosidl_typesupport_c__pyext.dir/rosidl_generator_py/yolo_msgs/_yolo_msgs_s.ep.rosidl_typesupport_c.c.o[0m
[3.321s] [ 99%] [32mBuilding C object CMakeFiles/yolo_msgs__rosidl_typesupport_fastrtps_c__pyext.dir/rosidl_generator_py/yolo_msgs/_yolo_msgs_s.ep.rosidl_typesupport_fastrtps_c.c.o[0m
[3.485s] [ 99%] [32m[1mLinking C shared library rosidl_generator_py/yolo_msgs/yolo_msgs_s__rosidl_typesupport_c.cpython-310-x86_64-linux-gnu.so[0m
[3.488s] [100%] [32m[1mLinking C shared library rosidl_generator_py/yolo_msgs/yolo_msgs_s__rosidl_typesupport_introspection_c.cpython-310-x86_64-linux-gnu.so[0m
[3.500s] [100%] [32m[1mLinking C shared library rosidl_generator_py/yolo_msgs/yolo_msgs_s__rosidl_typesupport_fastrtps_c.cpython-310-x86_64-linux-gnu.so[0m
[3.515s] [100%] Built target yolo_msgs__rosidl_typesupport_c__pyext
[3.520s] [100%] Built target yolo_msgs__rosidl_typesupport_introspection_c__pyext
[3.532s] [100%] Built target yolo_msgs__rosidl_typesupport_fastrtps_c__pyext
[3.544s] Invoked command in '/home/dj/yolo_ws/build/yolo_msgs' returned '0': CMAKE_PREFIX_PATH=${CMAKE_PREFIX_PATH}:/home/dj/yolo_ws/install/yolo_ros:/home/dj/yolo_ws/install/deep_sort_ros:/opt/ros/humble /usr/bin/cmake --build /home/dj/yolo_ws/build/yolo_msgs -- -j16 -l16
[3.553s] Invoking command in '/home/dj/yolo_ws/build/yolo_msgs': CMAKE_PREFIX_PATH=${CMAKE_PREFIX_PATH}:/home/dj/yolo_ws/install/yolo_ros:/home/dj/yolo_ws/install/deep_sort_ros:/opt/ros/humble /usr/bin/cmake --install /home/dj/yolo_ws/build/yolo_msgs
[3.559s] -- Install configuration: "release"
[3.559s] -- Execute custom install script
[3.559s] -- Up-to-date symlink: /home/dj/yolo_ws/install/yolo_msgs/share/ament_index/resource_index/rosidl_interfaces/yolo_msgs
[3.560s] -- Up-to-date symlink: /home/dj/yolo_ws/install/yolo_msgs/include/yolo_msgs/yolo_msgs/msg/bounding_box2_d.h
[3.560s] -- Up-to-date symlink: /home/dj/yolo_ws/install/yolo_msgs/include/yolo_msgs/yolo_msgs/msg/bounding_box3_d.h
[3.560s] -- Up-to-date symlink: /home/dj/yolo_ws/install/yolo_msgs/include/yolo_msgs/yolo_msgs/msg/detail/bounding_box2_d__functions.h
[3.561s] -- Up-to-date symlink: /home/dj/yolo_ws/install/yolo_msgs/include/yolo_msgs/yolo_msgs/msg/detail/bounding_box2_d__struct.h
[3.561s] -- Up-to-date symlink: /home/dj/yolo_ws/install/yolo_msgs/include/yolo_msgs/yolo_msgs/msg/detail/bounding_box2_d__type_support.h
[3.561s] -- Up-to-date symlink: /home/dj/yolo_ws/install/yolo_msgs/include/yolo_msgs/yolo_msgs/msg/detail/bounding_box3_d__functions.h
[3.561s] -- Up-to-date symlink: /home/dj/yolo_ws/install/yolo_msgs/include/yolo_msgs/yolo_msgs/msg/detail/bounding_box3_d__struct.h
[3.561s] -- Up-to-date symlink: /home/dj/yolo_ws/install/yolo_msgs/include/yolo_msgs/yolo_msgs/msg/detail/bounding_box3_d__type_support.h
[3.561s] -- Up-to-date symlink: /home/dj/yolo_ws/install/yolo_msgs/include/yolo_msgs/yolo_msgs/msg/detail/detection__functions.h
[3.561s] -- Up-to-date symlink: /home/dj/yolo_ws/install/yolo_msgs/include/yolo_msgs/yolo_msgs/msg/detail/detection__struct.h
[3.561s] -- Up-to-date symlink: /home/dj/yolo_ws/install/yolo_msgs/include/yolo_msgs/yolo_msgs/msg/detail/detection__type_support.h
[3.561s] -- Up-to-date symlink: /home/dj/yolo_ws/install/yolo_msgs/include/yolo_msgs/yolo_msgs/msg/detail/detection_array__functions.h
[3.561s] -- Up-to-date symlink: /home/dj/yolo_ws/install/yolo_msgs/include/yolo_msgs/yolo_msgs/msg/detail/detection_array__struct.h
[3.561s] -- Up-to-date symlink: /home/dj/yolo_ws/install/yolo_msgs/include/yolo_msgs/yolo_msgs/msg/detail/detection_array__type_support.h
[3.561s] -- Up-to-date symlink: /home/dj/yolo_ws/install/yolo_msgs/include/yolo_msgs/yolo_msgs/msg/detail/key_point2_d__functions.h
[3.561s] -- Up-to-date symlink: /home/dj/yolo_ws/install/yolo_msgs/include/yolo_msgs/yolo_msgs/msg/detail/key_point2_d__struct.h
[3.561s] -- Up-to-date symlink: /home/dj/yolo_ws/install/yolo_msgs/include/yolo_msgs/yolo_msgs/msg/detail/key_point2_d__type_support.h
[3.561s] -- Up-to-date symlink: /home/dj/yolo_ws/install/yolo_msgs/include/yolo_msgs/yolo_msgs/msg/detail/key_point2_d_array__functions.h
[3.561s] -- Up-to-date symlink: /home/dj/yolo_ws/install/yolo_msgs/include/yolo_msgs/yolo_msgs/msg/detail/key_point2_d_array__struct.h
[3.561s] -- Up-to-date symlink: /home/dj/yolo_ws/install/yolo_msgs/include/yolo_msgs/yolo_msgs/msg/detail/key_point2_d_array__type_support.h
[3.562s] -- Up-to-date symlink: /home/dj/yolo_ws/install/yolo_msgs/include/yolo_msgs/yolo_msgs/msg/detail/key_point3_d__functions.h
[3.562s] -- Up-to-date symlink: /home/dj/yolo_ws/install/yolo_msgs/include/yolo_msgs/yolo_msgs/msg/detail/key_point3_d__struct.h
[3.562s] -- Up-to-date symlink: /home/dj/yolo_ws/install/yolo_msgs/include/yolo_msgs/yolo_msgs/msg/detail/key_point3_d__type_support.h
[3.562s] -- Up-to-date symlink: /home/dj/yolo_ws/install/yolo_msgs/include/yolo_msgs/yolo_msgs/msg/detail/key_point3_d_array__functions.h
[3.562s] -- Up-to-date symlink: /home/dj/yolo_ws/install/yolo_msgs/include/yolo_msgs/yolo_msgs/msg/detail/key_point3_d_array__struct.h
[3.562s] -- Up-to-date symlink: /home/dj/yolo_ws/install/yolo_msgs/include/yolo_msgs/yolo_msgs/msg/detail/key_point3_d_array__type_support.h
[3.562s] -- Up-to-date symlink: /home/dj/yolo_ws/install/yolo_msgs/include/yolo_msgs/yolo_msgs/msg/detail/mask__functions.h
[3.562s] -- Up-to-date symlink: /home/dj/yolo_ws/install/yolo_msgs/include/yolo_msgs/yolo_msgs/msg/detail/mask__struct.h
[3.562s] -- Up-to-date symlink: /home/dj/yolo_ws/install/yolo_msgs/include/yolo_msgs/yolo_msgs/msg/detail/mask__type_support.h
[3.562s] -- Up-to-date symlink: /home/dj/yolo_ws/install/yolo_msgs/include/yolo_msgs/yolo_msgs/msg/detail/point2_d__functions.h
[3.562s] -- Up-to-date symlink: /home/dj/yolo_ws/install/yolo_msgs/include/yolo_msgs/yolo_msgs/msg/detail/point2_d__struct.h
[3.562s] -- Up-to-date symlink: /home/dj/yolo_ws/install/yolo_msgs/include/yolo_msgs/yolo_msgs/msg/detail/point2_d__type_support.h
[3.562s] -- Up-to-date symlink: /home/dj/yolo_ws/install/yolo_msgs/include/yolo_msgs/yolo_msgs/msg/detail/pose2_d__functions.h
[3.562s] -- Up-to-date symlink: /home/dj/yolo_ws/install/yolo_msgs/include/yolo_msgs/yolo_msgs/msg/detail/pose2_d__struct.h
[3.562s] -- Up-to-date symlink: /home/dj/yolo_ws/install/yolo_msgs/include/yolo_msgs/yolo_msgs/msg/detail/pose2_d__type_support.h
[3.563s] -- Up-to-date symlink: /home/dj/yolo_ws/install/yolo_msgs/include/yolo_msgs/yolo_msgs/msg/detail/vector2__functions.h
[3.563s] -- Up-to-date symlink: /home/dj/yolo_ws/install/yolo_msgs/include/yolo_msgs/yolo_msgs/msg/detail/vector2__struct.h
[3.563s] -- Up-to-date symlink: /home/dj/yolo_ws/install/yolo_msgs/include/yolo_msgs/yolo_msgs/msg/detail/vector2__type_support.h
[3.563s] -- Up-to-date symlink: /home/dj/yolo_ws/install/yolo_msgs/include/yolo_msgs/yolo_msgs/msg/detection.h
[3.563s] -- Up-to-date symlink: /home/dj/yolo_ws/install/yolo_msgs/include/yolo_msgs/yolo_msgs/msg/detection_array.h
[3.563s] -- Up-to-date symlink: /home/dj/yolo_ws/install/yolo_msgs/include/yolo_msgs/yolo_msgs/msg/key_point2_d.h
[3.563s] -- Up-to-date symlink: /home/dj/yolo_ws/install/yolo_msgs/include/yolo_msgs/yolo_msgs/msg/key_point2_d_array.h
[3.563s] -- Up-to-date symlink: /home/dj/yolo_ws/install/yolo_msgs/include/yolo_msgs/yolo_msgs/msg/key_point3_d.h
[3.563s] -- Up-to-date symlink: /home/dj/yolo_ws/install/yolo_msgs/include/yolo_msgs/yolo_msgs/msg/key_point3_d_array.h
[3.563s] -- Up-to-date symlink: /home/dj/yolo_ws/install/yolo_msgs/include/yolo_msgs/yolo_msgs/msg/mask.h
[3.563s] -- Up-to-date symlink: /home/dj/yolo_ws/install/yolo_msgs/include/yolo_msgs/yolo_msgs/msg/point2_d.h
[3.563s] -- Up-to-date symlink: /home/dj/yolo_ws/install/yolo_msgs/include/yolo_msgs/yolo_msgs/msg/pose2_d.h
[3.563s] -- Up-to-date symlink: /home/dj/yolo_ws/install/yolo_msgs/include/yolo_msgs/yolo_msgs/msg/rosidl_generator_c__visibility_control.h
[3.563s] -- Up-to-date symlink: /home/dj/yolo_ws/install/yolo_msgs/include/yolo_msgs/yolo_msgs/msg/vector2.h
[3.563s] -- Up-to-date symlink: /home/dj/yolo_ws/install/yolo_msgs/include/yolo_msgs/yolo_msgs/srv/detail/set_classes__functions.h
[3.563s] -- Up-to-date symlink: /home/dj/yolo_ws/install/yolo_msgs/include/yolo_msgs/yolo_msgs/srv/detail/set_classes__struct.h
[3.564s] -- Up-to-date symlink: /home/dj/yolo_ws/install/yolo_msgs/include/yolo_msgs/yolo_msgs/srv/detail/set_classes__type_support.h
[3.564s] -- Up-to-date symlink: /home/dj/yolo_ws/install/yolo_msgs/include/yolo_msgs/yolo_msgs/srv/set_classes.h
[3.564s] -- Up-to-date symlink: /home/dj/yolo_ws/install/yolo_msgs/share/yolo_msgs/environment/library_path.sh
[3.564s] -- Up-to-date symlink: /home/dj/yolo_ws/install/yolo_msgs/share/yolo_msgs/environment/library_path.dsv
[3.564s] -- Up-to-date symlink: /home/dj/yolo_ws/install/yolo_msgs/include/yolo_msgs/yolo_msgs/msg/detail/bounding_box2_d__rosidl_typesupport_fastrtps_c.h
[3.564s] -- Up-to-date symlink: /home/dj/yolo_ws/install/yolo_msgs/include/yolo_msgs/yolo_msgs/msg/detail/bounding_box3_d__rosidl_typesupport_fastrtps_c.h
[3.564s] -- Up-to-date symlink: /home/dj/yolo_ws/install/yolo_msgs/include/yolo_msgs/yolo_msgs/msg/detail/detection__rosidl_typesupport_fastrtps_c.h
[3.565s] -- Up-to-date symlink: /home/dj/yolo_ws/install/yolo_msgs/include/yolo_msgs/yolo_msgs/msg/detail/detection_array__rosidl_typesupport_fastrtps_c.h
[3.565s] -- Up-to-date symlink: /home/dj/yolo_ws/install/yolo_msgs/include/yolo_msgs/yolo_msgs/msg/detail/key_point2_d__rosidl_typesupport_fastrtps_c.h
[3.565s] -- Up-to-date symlink: /home/dj/yolo_ws/install/yolo_msgs/include/yolo_msgs/yolo_msgs/msg/detail/key_point2_d_array__rosidl_typesupport_fastrtps_c.h
[3.565s] -- Up-to-date symlink: /home/dj/yolo_ws/install/yolo_msgs/include/yolo_msgs/yolo_msgs/msg/detail/key_point3_d__rosidl_typesupport_fastrtps_c.h
[3.565s] -- Up-to-date symlink: /home/dj/yolo_ws/install/yolo_msgs/include/yolo_msgs/yolo_msgs/msg/detail/key_point3_d_array__rosidl_typesupport_fastrtps_c.h
[3.565s] -- Up-to-date symlink: /home/dj/yolo_ws/install/yolo_msgs/include/yolo_msgs/yolo_msgs/msg/detail/mask__rosidl_typesupport_fastrtps_c.h
[3.565s] -- Up-to-date symlink: /home/dj/yolo_ws/install/yolo_msgs/include/yolo_msgs/yolo_msgs/msg/detail/point2_d__rosidl_typesupport_fastrtps_c.h
[3.565s] -- Up-to-date symlink: /home/dj/yolo_ws/install/yolo_msgs/include/yolo_msgs/yolo_msgs/msg/detail/pose2_d__rosidl_typesupport_fastrtps_c.h
[3.565s] -- Up-to-date symlink: /home/dj/yolo_ws/install/yolo_msgs/include/yolo_msgs/yolo_msgs/msg/detail/vector2__rosidl_typesupport_fastrtps_c.h
[3.565s] -- Up-to-date symlink: /home/dj/yolo_ws/install/yolo_msgs/include/yolo_msgs/yolo_msgs/msg/rosidl_typesupport_fastrtps_c__visibility_control.h
[3.565s] -- Up-to-date symlink: /home/dj/yolo_ws/install/yolo_msgs/include/yolo_msgs/yolo_msgs/srv/detail/set_classes__rosidl_typesupport_fastrtps_c.h
[3.566s] -- Up-to-date symlink: /home/dj/yolo_ws/install/yolo_msgs/include/yolo_msgs/yolo_msgs/msg/detail/bounding_box2_d__rosidl_typesupport_introspection_c.h
[3.566s] -- Up-to-date symlink: /home/dj/yolo_ws/install/yolo_msgs/include/yolo_msgs/yolo_msgs/msg/detail/bounding_box3_d__rosidl_typesupport_introspection_c.h
[3.566s] -- Up-to-date symlink: /home/dj/yolo_ws/install/yolo_msgs/include/yolo_msgs/yolo_msgs/msg/detail/detection__rosidl_typesupport_introspection_c.h
[3.566s] -- Up-to-date symlink: /home/dj/yolo_ws/install/yolo_msgs/include/yolo_msgs/yolo_msgs/msg/detail/detection_array__rosidl_typesupport_introspection_c.h
[3.566s] -- Up-to-date symlink: /home/dj/yolo_ws/install/yolo_msgs/include/yolo_msgs/yolo_msgs/msg/detail/key_point2_d__rosidl_typesupport_introspection_c.h
[3.566s] -- Up-to-date symlink: /home/dj/yolo_ws/install/yolo_msgs/include/yolo_msgs/yolo_msgs/msg/detail/key_point2_d_array__rosidl_typesupport_introspection_c.h
[3.566s] -- Up-to-date symlink: /home/dj/yolo_ws/install/yolo_msgs/include/yolo_msgs/yolo_msgs/msg/detail/key_point3_d__rosidl_typesupport_introspection_c.h
[3.566s] -- Up-to-date symlink: /home/dj/yolo_ws/install/yolo_msgs/include/yolo_msgs/yolo_msgs/msg/detail/key_point3_d_array__rosidl_typesupport_introspection_c.h
[3.566s] -- Up-to-date symlink: /home/dj/yolo_ws/install/yolo_msgs/include/yolo_msgs/yolo_msgs/msg/detail/mask__rosidl_typesupport_introspection_c.h
[3.566s] -- Up-to-date symlink: /home/dj/yolo_ws/install/yolo_msgs/include/yolo_msgs/yolo_msgs/msg/detail/point2_d__rosidl_typesupport_introspection_c.h
[3.566s] -- Up-to-date symlink: /home/dj/yolo_ws/install/yolo_msgs/include/yolo_msgs/yolo_msgs/msg/detail/pose2_d__rosidl_typesupport_introspection_c.h
[3.566s] -- Up-to-date symlink: /home/dj/yolo_ws/install/yolo_msgs/include/yolo_msgs/yolo_msgs/msg/detail/vector2__rosidl_typesupport_introspection_c.h
[3.566s] -- Up-to-date symlink: /home/dj/yolo_ws/install/yolo_msgs/include/yolo_msgs/yolo_msgs/msg/rosidl_typesupport_introspection_c__visibility_control.h
[3.566s] -- Up-to-date symlink: /home/dj/yolo_ws/install/yolo_msgs/include/yolo_msgs/yolo_msgs/srv/detail/set_classes__rosidl_typesupport_introspection_c.h
[3.567s] -- Up-to-date symlink: /home/dj/yolo_ws/install/yolo_msgs/include/yolo_msgs/yolo_msgs/msg/bounding_box2_d.hpp
[3.567s] -- Up-to-date symlink: /home/dj/yolo_ws/install/yolo_msgs/include/yolo_msgs/yolo_msgs/msg/bounding_box3_d.hpp
[3.567s] -- Up-to-date symlink: /home/dj/yolo_ws/install/yolo_msgs/include/yolo_msgs/yolo_msgs/msg/detail/bounding_box2_d__builder.hpp
[3.567s] -- Up-to-date symlink: /home/dj/yolo_ws/install/yolo_msgs/include/yolo_msgs/yolo_msgs/msg/detail/bounding_box2_d__struct.hpp
[3.567s] -- Up-to-date symlink: /home/dj/yolo_ws/install/yolo_msgs/include/yolo_msgs/yolo_msgs/msg/detail/bounding_box2_d__traits.hpp
[3.567s] -- Up-to-date symlink: /home/dj/yolo_ws/install/yolo_msgs/include/yolo_msgs/yolo_msgs/msg/detail/bounding_box3_d__builder.hpp
[3.567s] -- Up-to-date symlink: /home/dj/yolo_ws/install/yolo_msgs/include/yolo_msgs/yolo_msgs/msg/detail/bounding_box3_d__struct.hpp
[3.567s] -- Up-to-date symlink: /home/dj/yolo_ws/install/yolo_msgs/include/yolo_msgs/yolo_msgs/msg/detail/bounding_box3_d__traits.hpp
[3.567s] -- Up-to-date symlink: /home/dj/yolo_ws/install/yolo_msgs/include/yolo_msgs/yolo_msgs/msg/detail/detection__builder.hpp
[3.568s] -- Up-to-date symlink: /home/dj/yolo_ws/install/yolo_msgs/include/yolo_msgs/yolo_msgs/msg/detail/detection__struct.hpp
[3.568s] -- Up-to-date symlink: /home/dj/yolo_ws/install/yolo_msgs/include/yolo_msgs/yolo_msgs/msg/detail/detection__traits.hpp
[3.568s] -- Up-to-date symlink: /home/dj/yolo_ws/install/yolo_msgs/include/yolo_msgs/yolo_msgs/msg/detail/detection_array__builder.hpp
[3.568s] -- Up-to-date symlink: /home/dj/yolo_ws/install/yolo_msgs/include/yolo_msgs/yolo_msgs/msg/detail/detection_array__struct.hpp
[3.568s] -- Up-to-date symlink: /home/dj/yolo_ws/install/yolo_msgs/include/yolo_msgs/yolo_msgs/msg/detail/detection_array__traits.hpp
[3.568s] -- Up-to-date symlink: /home/dj/yolo_ws/install/yolo_msgs/include/yolo_msgs/yolo_msgs/msg/detail/key_point2_d__builder.hpp
[3.568s] -- Up-to-date symlink: /home/dj/yolo_ws/install/yolo_msgs/include/yolo_msgs/yolo_msgs/msg/detail/key_point2_d__struct.hpp
[3.568s] -- Up-to-date symlink: /home/dj/yolo_ws/install/yolo_msgs/include/yolo_msgs/yolo_msgs/msg/detail/key_point2_d__traits.hpp
[3.568s] -- Up-to-date symlink: /home/dj/yolo_ws/install/yolo_msgs/include/yolo_msgs/yolo_msgs/msg/detail/key_point2_d_array__builder.hpp
[3.568s] -- Up-to-date symlink: /home/dj/yolo_ws/install/yolo_msgs/include/yolo_msgs/yolo_msgs/msg/detail/key_point2_d_array__struct.hpp
[3.568s] -- Up-to-date symlink: /home/dj/yolo_ws/install/yolo_msgs/include/yolo_msgs/yolo_msgs/msg/detail/key_point2_d_array__traits.hpp
[3.568s] -- Up-to-date symlink: /home/dj/yolo_ws/install/yolo_msgs/include/yolo_msgs/yolo_msgs/msg/detail/key_point3_d__builder.hpp
[3.568s] -- Up-to-date symlink: /home/dj/yolo_ws/install/yolo_msgs/include/yolo_msgs/yolo_msgs/msg/detail/key_point3_d__struct.hpp
[3.568s] -- Up-to-date symlink: /home/dj/yolo_ws/install/yolo_msgs/include/yolo_msgs/yolo_msgs/msg/detail/key_point3_d__traits.hpp
[3.569s] -- Up-to-date symlink: /home/dj/yolo_ws/install/yolo_msgs/include/yolo_msgs/yolo_msgs/msg/detail/key_point3_d_array__builder.hpp
[3.569s] -- Up-to-date symlink: /home/dj/yolo_ws/install/yolo_msgs/include/yolo_msgs/yolo_msgs/msg/detail/key_point3_d_array__struct.hpp
[3.569s] -- Up-to-date symlink: /home/dj/yolo_ws/install/yolo_msgs/include/yolo_msgs/yolo_msgs/msg/detail/key_point3_d_array__traits.hpp
[3.569s] -- Up-to-date symlink: /home/dj/yolo_ws/install/yolo_msgs/include/yolo_msgs/yolo_msgs/msg/detail/mask__builder.hpp
[3.569s] -- Up-to-date symlink: /home/dj/yolo_ws/install/yolo_msgs/include/yolo_msgs/yolo_msgs/msg/detail/mask__struct.hpp
[3.569s] -- Up-to-date symlink: /home/dj/yolo_ws/install/yolo_msgs/include/yolo_msgs/yolo_msgs/msg/detail/mask__traits.hpp
[3.569s] -- Up-to-date symlink: /home/dj/yolo_ws/install/yolo_msgs/include/yolo_msgs/yolo_msgs/msg/detail/point2_d__builder.hpp
[3.569s] -- Up-to-date symlink: /home/dj/yolo_ws/install/yolo_msgs/include/yolo_msgs/yolo_msgs/msg/detail/point2_d__struct.hpp
[3.569s] -- Up-to-date symlink: /home/dj/yolo_ws/install/yolo_msgs/include/yolo_msgs/yolo_msgs/msg/detail/point2_d__traits.hpp
[3.569s] -- Up-to-date symlink: /home/dj/yolo_ws/install/yolo_msgs/include/yolo_msgs/yolo_msgs/msg/detail/pose2_d__builder.hpp
[3.569s] -- Up-to-date symlink: /home/dj/yolo_ws/install/yolo_msgs/include/yolo_msgs/yolo_msgs/msg/detail/pose2_d__struct.hpp
[3.569s] -- Up-to-date symlink: /home/dj/yolo_ws/install/yolo_msgs/include/yolo_msgs/yolo_msgs/msg/detail/pose2_d__traits.hpp
[3.569s] -- Up-to-date symlink: /home/dj/yolo_ws/install/yolo_msgs/include/yolo_msgs/yolo_msgs/msg/detail/vector2__builder.hpp
[3.570s] -- Up-to-date symlink: /home/dj/yolo_ws/install/yolo_msgs/include/yolo_msgs/yolo_msgs/msg/detail/vector2__struct.hpp
[3.570s] -- Up-to-date symlink: /home/dj/yolo_ws/install/yolo_msgs/include/yolo_msgs/yolo_msgs/msg/detail/vector2__traits.hpp
[3.570s] -- Up-to-date symlink: /home/dj/yolo_ws/install/yolo_msgs/include/yolo_msgs/yolo_msgs/msg/detection.hpp
[3.570s] -- Up-to-date symlink: /home/dj/yolo_ws/install/yolo_msgs/include/yolo_msgs/yolo_msgs/msg/detection_array.hpp
[3.570s] -- Up-to-date symlink: /home/dj/yolo_ws/install/yolo_msgs/include/yolo_msgs/yolo_msgs/msg/key_point2_d.hpp
[3.570s] -- Up-to-date symlink: /home/dj/yolo_ws/install/yolo_msgs/include/yolo_msgs/yolo_msgs/msg/key_point2_d_array.hpp
[3.570s] -- Up-to-date symlink: /home/dj/yolo_ws/install/yolo_msgs/include/yolo_msgs/yolo_msgs/msg/key_point3_d.hpp
[3.570s] -- Up-to-date symlink: /home/dj/yolo_ws/install/yolo_msgs/include/yolo_msgs/yolo_msgs/msg/key_point3_d_array.hpp
[3.570s] -- Up-to-date symlink: /home/dj/yolo_ws/install/yolo_msgs/include/yolo_msgs/yolo_msgs/msg/mask.hpp
[3.570s] -- Up-to-date symlink: /home/dj/yolo_ws/install/yolo_msgs/include/yolo_msgs/yolo_msgs/msg/point2_d.hpp
[3.570s] -- Up-to-date symlink: /home/dj/yolo_ws/install/yolo_msgs/include/yolo_msgs/yolo_msgs/msg/pose2_d.hpp
[3.570s] -- Up-to-date symlink: /home/dj/yolo_ws/install/yolo_msgs/include/yolo_msgs/yolo_msgs/msg/vector2.hpp
[3.570s] -- Up-to-date symlink: /home/dj/yolo_ws/install/yolo_msgs/include/yolo_msgs/yolo_msgs/srv/detail/set_classes__builder.hpp
[3.570s] -- Up-to-date symlink: /home/dj/yolo_ws/install/yolo_msgs/include/yolo_msgs/yolo_msgs/srv/detail/set_classes__struct.hpp
[3.571s] -- Up-to-date symlink: /home/dj/yolo_ws/install/yolo_msgs/include/yolo_msgs/yolo_msgs/srv/detail/set_classes__traits.hpp
[3.571s] -- Up-to-date symlink: /home/dj/yolo_ws/install/yolo_msgs/include/yolo_msgs/yolo_msgs/srv/set_classes.hpp
[3.571s] -- Up-to-date symlink: /home/dj/yolo_ws/install/yolo_msgs/include/yolo_msgs/yolo_msgs/msg/detail/bounding_box2_d__rosidl_typesupport_fastrtps_cpp.hpp
[3.571s] -- Up-to-date symlink: /home/dj/yolo_ws/install/yolo_msgs/include/yolo_msgs/yolo_msgs/msg/detail/bounding_box3_d__rosidl_typesupport_fastrtps_cpp.hpp
[3.571s] -- Up-to-date symlink: /home/dj/yolo_ws/install/yolo_msgs/include/yolo_msgs/yolo_msgs/msg/detail/detection__rosidl_typesupport_fastrtps_cpp.hpp
[3.571s] -- Up-to-date symlink: /home/dj/yolo_ws/install/yolo_msgs/include/yolo_msgs/yolo_msgs/msg/detail/detection_array__rosidl_typesupport_fastrtps_cpp.hpp
[3.571s] -- Up-to-date symlink: /home/dj/yolo_ws/install/yolo_msgs/include/yolo_msgs/yolo_msgs/msg/detail/key_point2_d__rosidl_typesupport_fastrtps_cpp.hpp
[3.572s] -- Up-to-date symlink: /home/dj/yolo_ws/install/yolo_msgs/include/yolo_msgs/yolo_msgs/msg/detail/key_point2_d_array__rosidl_typesupport_fastrtps_cpp.hpp
[3.572s] -- Up-to-date symlink: /home/dj/yolo_ws/install/yolo_msgs/include/yolo_msgs/yolo_msgs/msg/detail/key_point3_d__rosidl_typesupport_fastrtps_cpp.hpp
[3.572s] -- Up-to-date symlink: /home/dj/yolo_ws/install/yolo_msgs/include/yolo_msgs/yolo_msgs/msg/detail/key_point3_d_array__rosidl_typesupport_fastrtps_cpp.hpp
[3.572s] -- Up-to-date symlink: /home/dj/yolo_ws/install/yolo_msgs/include/yolo_msgs/yolo_msgs/msg/detail/mask__rosidl_typesupport_fastrtps_cpp.hpp
[3.572s] -- Up-to-date symlink: /home/dj/yolo_ws/install/yolo_msgs/include/yolo_msgs/yolo_msgs/msg/detail/point2_d__rosidl_typesupport_fastrtps_cpp.hpp
[3.572s] -- Up-to-date symlink: /home/dj/yolo_ws/install/yolo_msgs/include/yolo_msgs/yolo_msgs/msg/detail/pose2_d__rosidl_typesupport_fastrtps_cpp.hpp
[3.572s] -- Up-to-date symlink: /home/dj/yolo_ws/install/yolo_msgs/include/yolo_msgs/yolo_msgs/msg/detail/vector2__rosidl_typesupport_fastrtps_cpp.hpp
[3.572s] -- Up-to-date symlink: /home/dj/yolo_ws/install/yolo_msgs/include/yolo_msgs/yolo_msgs/msg/rosidl_typesupport_fastrtps_cpp__visibility_control.h
[3.572s] -- Up-to-date symlink: /home/dj/yolo_ws/install/yolo_msgs/include/yolo_msgs/yolo_msgs/srv/detail/set_classes__rosidl_typesupport_fastrtps_cpp.hpp
[3.573s] -- Up-to-date symlink: /home/dj/yolo_ws/install/yolo_msgs/include/yolo_msgs/yolo_msgs/msg/detail/bounding_box2_d__rosidl_typesupport_introspection_cpp.hpp
[3.573s] -- Up-to-date symlink: /home/dj/yolo_ws/install/yolo_msgs/include/yolo_msgs/yolo_msgs/msg/detail/bounding_box3_d__rosidl_typesupport_introspection_cpp.hpp
[3.573s] -- Up-to-date symlink: /home/dj/yolo_ws/install/yolo_msgs/include/yolo_msgs/yolo_msgs/msg/detail/detection__rosidl_typesupport_introspection_cpp.hpp
[3.573s] -- Up-to-date symlink: /home/dj/yolo_ws/install/yolo_msgs/include/yolo_msgs/yolo_msgs/msg/detail/detection_array__rosidl_typesupport_introspection_cpp.hpp
[3.573s] -- Up-to-date symlink: /home/dj/yolo_ws/install/yolo_msgs/include/yolo_msgs/yolo_msgs/msg/detail/key_point2_d__rosidl_typesupport_introspection_cpp.hpp
[3.573s] -- Up-to-date symlink: /home/dj/yolo_ws/install/yolo_msgs/include/yolo_msgs/yolo_msgs/msg/detail/key_point2_d_array__rosidl_typesupport_introspection_cpp.hpp
[3.573s] -- Up-to-date symlink: /home/dj/yolo_ws/install/yolo_msgs/include/yolo_msgs/yolo_msgs/msg/detail/key_point3_d__rosidl_typesupport_introspection_cpp.hpp
[3.573s] -- Up-to-date symlink: /home/dj/yolo_ws/install/yolo_msgs/include/yolo_msgs/yolo_msgs/msg/detail/key_point3_d_array__rosidl_typesupport_introspection_cpp.hpp
[3.573s] -- Up-to-date symlink: /home/dj/yolo_ws/install/yolo_msgs/include/yolo_msgs/yolo_msgs/msg/detail/mask__rosidl_typesupport_introspection_cpp.hpp
[3.573s] -- Up-to-date symlink: /home/dj/yolo_ws/install/yolo_msgs/include/yolo_msgs/yolo_msgs/msg/detail/point2_d__rosidl_typesupport_introspection_cpp.hpp
[3.573s] -- Up-to-date symlink: /home/dj/yolo_ws/install/yolo_msgs/include/yolo_msgs/yolo_msgs/msg/detail/pose2_d__rosidl_typesupport_introspection_cpp.hpp
[3.573s] -- Up-to-date symlink: /home/dj/yolo_ws/install/yolo_msgs/include/yolo_msgs/yolo_msgs/msg/detail/vector2__rosidl_typesupport_introspection_cpp.hpp
[3.573s] -- Up-to-date symlink: /home/dj/yolo_ws/install/yolo_msgs/include/yolo_msgs/yolo_msgs/srv/detail/set_classes__rosidl_typesupport_introspection_cpp.hpp
[3.573s] -- Up-to-date symlink: /home/dj/yolo_ws/install/yolo_msgs/share/yolo_msgs/environment/pythonpath.sh
[3.574s] -- Up-to-date symlink: /home/dj/yolo_ws/install/yolo_msgs/share/yolo_msgs/environment/pythonpath.dsv
[3.574s] -- Up-to-date symlink: /home/dj/yolo_ws/install/yolo_msgs/local/lib/python3.10/dist-packages/yolo_msgs-4.0.1-py3.10.egg-info/PKG-INFO
[3.574s] -- Up-to-date symlink: /home/dj/yolo_ws/install/yolo_msgs/local/lib/python3.10/dist-packages/yolo_msgs-4.0.1-py3.10.egg-info/SOURCES.txt
[3.574s] -- Up-to-date symlink: /home/dj/yolo_ws/install/yolo_msgs/local/lib/python3.10/dist-packages/yolo_msgs-4.0.1-py3.10.egg-info/dependency_links.txt
[3.574s] -- Up-to-date symlink: /home/dj/yolo_ws/install/yolo_msgs/local/lib/python3.10/dist-packages/yolo_msgs-4.0.1-py3.10.egg-info/top_level.txt
[3.575s] -- Up-to-date symlink: /home/dj/yolo_ws/install/yolo_msgs/local/lib/python3.10/dist-packages/yolo_msgs/__init__.py
[3.575s] -- Up-to-date symlink: /home/dj/yolo_ws/install/yolo_msgs/local/lib/python3.10/dist-packages/yolo_msgs/_yolo_msgs_s.ep.rosidl_typesupport_c.c
[3.575s] -- Up-to-date symlink: /home/dj/yolo_ws/install/yolo_msgs/local/lib/python3.10/dist-packages/yolo_msgs/_yolo_msgs_s.ep.rosidl_typesupport_fastrtps_c.c
[3.575s] -- Up-to-date symlink: /home/dj/yolo_ws/install/yolo_msgs/local/lib/python3.10/dist-packages/yolo_msgs/_yolo_msgs_s.ep.rosidl_typesupport_introspection_c.c
[3.575s] -- Up-to-date symlink: /home/dj/yolo_ws/install/yolo_msgs/local/lib/python3.10/dist-packages/yolo_msgs/libyolo_msgs__rosidl_generator_py.so
[3.575s] -- Up-to-date symlink: /home/dj/yolo_ws/install/yolo_msgs/local/lib/python3.10/dist-packages/yolo_msgs/msg/__init__.py
[3.575s] -- Up-to-date symlink: /home/dj/yolo_ws/install/yolo_msgs/local/lib/python3.10/dist-packages/yolo_msgs/msg/_bounding_box2_d.py
[3.575s] -- Up-to-date symlink: /home/dj/yolo_ws/install/yolo_msgs/local/lib/python3.10/dist-packages/yolo_msgs/msg/_bounding_box2_d_s.c
[3.575s] -- Up-to-date symlink: /home/dj/yolo_ws/install/yolo_msgs/local/lib/python3.10/dist-packages/yolo_msgs/msg/_bounding_box3_d.py
[3.575s] -- Up-to-date symlink: /home/dj/yolo_ws/install/yolo_msgs/local/lib/python3.10/dist-packages/yolo_msgs/msg/_bounding_box3_d_s.c
[3.575s] -- Up-to-date symlink: /home/dj/yolo_ws/install/yolo_msgs/local/lib/python3.10/dist-packages/yolo_msgs/msg/_detection.py
[3.575s] -- Up-to-date symlink: /home/dj/yolo_ws/install/yolo_msgs/local/lib/python3.10/dist-packages/yolo_msgs/msg/_detection_array.py
[3.575s] -- Up-to-date symlink: /home/dj/yolo_ws/install/yolo_msgs/local/lib/python3.10/dist-packages/yolo_msgs/msg/_detection_array_s.c
[3.575s] -- Up-to-date symlink: /home/dj/yolo_ws/install/yolo_msgs/local/lib/python3.10/dist-packages/yolo_msgs/msg/_detection_s.c
[3.575s] -- Up-to-date symlink: /home/dj/yolo_ws/install/yolo_msgs/local/lib/python3.10/dist-packages/yolo_msgs/msg/_key_point2_d.py
[3.576s] -- Up-to-date symlink: /home/dj/yolo_ws/install/yolo_msgs/local/lib/python3.10/dist-packages/yolo_msgs/msg/_key_point2_d_array.py
[3.576s] -- Up-to-date symlink: /home/dj/yolo_ws/install/yolo_msgs/local/lib/python3.10/dist-packages/yolo_msgs/msg/_key_point2_d_array_s.c
[3.576s] -- Up-to-date symlink: /home/dj/yolo_ws/install/yolo_msgs/local/lib/python3.10/dist-packages/yolo_msgs/msg/_key_point2_d_s.c
[3.576s] -- Up-to-date symlink: /home/dj/yolo_ws/install/yolo_msgs/local/lib/python3.10/dist-packages/yolo_msgs/msg/_key_point3_d.py
[3.576s] -- Up-to-date symlink: /home/dj/yolo_ws/install/yolo_msgs/local/lib/python3.10/dist-packages/yolo_msgs/msg/_key_point3_d_array.py
[3.576s] -- Up-to-date symlink: /home/dj/yolo_ws/install/yolo_msgs/local/lib/python3.10/dist-packages/yolo_msgs/msg/_key_point3_d_array_s.c
[3.576s] -- Up-to-date symlink: /home/dj/yolo_ws/install/yolo_msgs/local/lib/python3.10/dist-packages/yolo_msgs/msg/_key_point3_d_s.c
[3.576s] -- Up-to-date symlink: /home/dj/yolo_ws/install/yolo_msgs/local/lib/python3.10/dist-packages/yolo_msgs/msg/_mask.py
[3.576s] -- Up-to-date symlink: /home/dj/yolo_ws/install/yolo_msgs/local/lib/python3.10/dist-packages/yolo_msgs/msg/_mask_s.c
[3.576s] -- Up-to-date symlink: /home/dj/yolo_ws/install/yolo_msgs/local/lib/python3.10/dist-packages/yolo_msgs/msg/_point2_d.py
[3.576s] -- Up-to-date symlink: /home/dj/yolo_ws/install/yolo_msgs/local/lib/python3.10/dist-packages/yolo_msgs/msg/_point2_d_s.c
[3.576s] -- Up-to-date symlink: /home/dj/yolo_ws/install/yolo_msgs/local/lib/python3.10/dist-packages/yolo_msgs/msg/_pose2_d.py
[3.576s] -- Up-to-date symlink: /home/dj/yolo_ws/install/yolo_msgs/local/lib/python3.10/dist-packages/yolo_msgs/msg/_pose2_d_s.c
[3.576s] -- Up-to-date symlink: /home/dj/yolo_ws/install/yolo_msgs/local/lib/python3.10/dist-packages/yolo_msgs/msg/_vector2.py
[3.576s] -- Up-to-date symlink: /home/dj/yolo_ws/install/yolo_msgs/local/lib/python3.10/dist-packages/yolo_msgs/msg/_vector2_s.c
[3.577s] -- Up-to-date symlink: /home/dj/yolo_ws/install/yolo_msgs/local/lib/python3.10/dist-packages/yolo_msgs/srv/__init__.py
[3.577s] -- Up-to-date symlink: /home/dj/yolo_ws/install/yolo_msgs/local/lib/python3.10/dist-packages/yolo_msgs/srv/_set_classes.py
[3.577s] -- Up-to-date symlink: /home/dj/yolo_ws/install/yolo_msgs/local/lib/python3.10/dist-packages/yolo_msgs/srv/_set_classes_s.c
[3.577s] -- Up-to-date symlink: /home/dj/yolo_ws/install/yolo_msgs/local/lib/python3.10/dist-packages/yolo_msgs/yolo_msgs_s__rosidl_typesupport_c.cpython-310-x86_64-linux-gnu.so
[3.577s] -- Up-to-date symlink: /home/dj/yolo_ws/install/yolo_msgs/local/lib/python3.10/dist-packages/yolo_msgs/yolo_msgs_s__rosidl_typesupport_fastrtps_c.cpython-310-x86_64-linux-gnu.so
[3.577s] -- Up-to-date symlink: /home/dj/yolo_ws/install/yolo_msgs/local/lib/python3.10/dist-packages/yolo_msgs/yolo_msgs_s__rosidl_typesupport_introspection_c.cpython-310-x86_64-linux-gnu.so
[3.577s] -- Up-to-date symlink: /home/dj/yolo_ws/install/yolo_msgs/local/lib/python3.10/dist-packages/yolo_msgs/yolo_msgs_s__rosidl_typesupport_fastrtps_c.cpython-310-x86_64-linux-gnu.so
[3.577s] -- Up-to-date symlink: /home/dj/yolo_ws/install/yolo_msgs/local/lib/python3.10/dist-packages/yolo_msgs/yolo_msgs_s__rosidl_typesupport_introspection_c.cpython-310-x86_64-linux-gnu.so
[3.577s] -- Up-to-date symlink: /home/dj/yolo_ws/install/yolo_msgs/local/lib/python3.10/dist-packages/yolo_msgs/yolo_msgs_s__rosidl_typesupport_c.cpython-310-x86_64-linux-gnu.so
[3.577s] -- Up-to-date symlink: /home/dj/yolo_ws/install/yolo_msgs/share/yolo_msgs/msg/Point2D.idl
[3.577s] -- Up-to-date symlink: /home/dj/yolo_ws/install/yolo_msgs/share/yolo_msgs/msg/Vector2.idl
[3.578s] -- Up-to-date symlink: /home/dj/yolo_ws/install/yolo_msgs/share/yolo_msgs/msg/Pose2D.idl
[3.578s] -- Up-to-date symlink: /home/dj/yolo_ws/install/yolo_msgs/share/yolo_msgs/msg/BoundingBox2D.idl
[3.578s] -- Up-to-date symlink: /home/dj/yolo_ws/install/yolo_msgs/share/yolo_msgs/msg/BoundingBox3D.idl
[3.578s] -- Up-to-date symlink: /home/dj/yolo_ws/install/yolo_msgs/share/yolo_msgs/msg/Mask.idl
[3.578s] -- Up-to-date symlink: /home/dj/yolo_ws/install/yolo_msgs/share/yolo_msgs/msg/KeyPoint2D.idl
[3.578s] -- Up-to-date symlink: /home/dj/yolo_ws/install/yolo_msgs/share/yolo_msgs/msg/KeyPoint2DArray.idl
[3.578s] -- Up-to-date symlink: /home/dj/yolo_ws/install/yolo_msgs/share/yolo_msgs/msg/KeyPoint3D.idl
[3.578s] -- Up-to-date symlink: /home/dj/yolo_ws/install/yolo_msgs/share/yolo_msgs/msg/KeyPoint3DArray.idl
[3.578s] -- Up-to-date symlink: /home/dj/yolo_ws/install/yolo_msgs/share/yolo_msgs/msg/Detection.idl
[3.578s] -- Up-to-date symlink: /home/dj/yolo_ws/install/yolo_msgs/share/yolo_msgs/msg/DetectionArray.idl
[3.578s] -- Up-to-date symlink: /home/dj/yolo_ws/install/yolo_msgs/share/yolo_msgs/srv/SetClasses.idl
[3.578s] -- Up-to-date symlink: /home/dj/yolo_ws/install/yolo_msgs/share/yolo_msgs/msg/Point2D.msg
[3.579s] -- Up-to-date symlink: /home/dj/yolo_ws/install/yolo_msgs/share/yolo_msgs/msg/Vector2.msg
[3.579s] -- Up-to-date symlink: /home/dj/yolo_ws/install/yolo_msgs/share/yolo_msgs/msg/Pose2D.msg
[3.579s] -- Up-to-date symlink: /home/dj/yolo_ws/install/yolo_msgs/share/yolo_msgs/msg/BoundingBox2D.msg
[3.579s] -- Up-to-date symlink: /home/dj/yolo_ws/install/yolo_msgs/share/yolo_msgs/msg/BoundingBox3D.msg
[3.579s] -- Up-to-date symlink: /home/dj/yolo_ws/install/yolo_msgs/share/yolo_msgs/msg/Mask.msg
[3.579s] -- Up-to-date symlink: /home/dj/yolo_ws/install/yolo_msgs/share/yolo_msgs/msg/KeyPoint2D.msg
[3.579s] -- Up-to-date symlink: /home/dj/yolo_ws/install/yolo_msgs/share/yolo_msgs/msg/KeyPoint2DArray.msg
[3.579s] -- Up-to-date symlink: /home/dj/yolo_ws/install/yolo_msgs/share/yolo_msgs/msg/KeyPoint3D.msg
[3.579s] -- Up-to-date symlink: /home/dj/yolo_ws/install/yolo_msgs/share/yolo_msgs/msg/KeyPoint3DArray.msg
[3.579s] -- Up-to-date symlink: /home/dj/yolo_ws/install/yolo_msgs/share/yolo_msgs/msg/Detection.msg
[3.579s] -- Up-to-date symlink: /home/dj/yolo_ws/install/yolo_msgs/share/yolo_msgs/msg/DetectionArray.msg
[3.579s] -- Up-to-date symlink: /home/dj/yolo_ws/install/yolo_msgs/share/yolo_msgs/srv/SetClasses.srv
[3.580s] -- Up-to-date symlink: /home/dj/yolo_ws/install/yolo_msgs/share/yolo_msgs/srv/SetClasses_Request.msg
[3.580s] -- Up-to-date symlink: /home/dj/yolo_ws/install/yolo_msgs/share/yolo_msgs/srv/SetClasses_Response.msg
[3.580s] -- Up-to-date symlink: /home/dj/yolo_ws/install/yolo_msgs/share/ament_index/resource_index/package_run_dependencies/yolo_msgs
[3.580s] -- Up-to-date symlink: /home/dj/yolo_ws/install/yolo_msgs/share/ament_index/resource_index/parent_prefix_path/yolo_msgs
[3.580s] -- Up-to-date symlink: /home/dj/yolo_ws/install/yolo_msgs/share/yolo_msgs/environment/ament_prefix_path.sh
[3.580s] -- Up-to-date symlink: /home/dj/yolo_ws/install/yolo_msgs/share/yolo_msgs/environment/ament_prefix_path.dsv
[3.580s] -- Up-to-date symlink: /home/dj/yolo_ws/install/yolo_msgs/share/yolo_msgs/environment/path.sh
[3.580s] -- Up-to-date symlink: /home/dj/yolo_ws/install/yolo_msgs/share/yolo_msgs/environment/path.dsv
[3.580s] -- Up-to-date symlink: /home/dj/yolo_ws/install/yolo_msgs/share/yolo_msgs/local_setup.bash
[3.580s] -- Up-to-date symlink: /home/dj/yolo_ws/install/yolo_msgs/share/yolo_msgs/local_setup.sh
[3.581s] -- Up-to-date symlink: /home/dj/yolo_ws/install/yolo_msgs/share/yolo_msgs/local_setup.zsh
[3.581s] -- Up-to-date symlink: /home/dj/yolo_ws/install/yolo_msgs/share/yolo_msgs/local_setup.dsv
[3.581s] -- Symlinking: /home/dj/yolo_ws/install/yolo_msgs/share/yolo_msgs/package.dsv
[3.588s] -- Up-to-date symlink: /home/dj/yolo_ws/install/yolo_msgs/share/ament_index/resource_index/packages/yolo_msgs
[3.588s] -- Up-to-date symlink: /home/dj/yolo_ws/install/yolo_msgs/share/yolo_msgs/cmake/rosidl_cmake-extras.cmake
[3.588s] -- Up-to-date symlink: /home/dj/yolo_ws/install/yolo_msgs/share/yolo_msgs/cmake/ament_cmake_export_dependencies-extras.cmake
[3.588s] -- Up-to-date symlink: /home/dj/yolo_ws/install/yolo_msgs/share/yolo_msgs/cmake/ament_cmake_export_include_directories-extras.cmake
[3.588s] -- Up-to-date symlink: /home/dj/yolo_ws/install/yolo_msgs/share/yolo_msgs/cmake/ament_cmake_export_libraries-extras.cmake
[3.588s] -- Up-to-date symlink: /home/dj/yolo_ws/install/yolo_msgs/share/yolo_msgs/cmake/ament_cmake_export_targets-extras.cmake
[3.589s] -- Up-to-date symlink: /home/dj/yolo_ws/install/yolo_msgs/share/yolo_msgs/cmake/rosidl_cmake_export_typesupport_targets-extras.cmake
[3.589s] -- Up-to-date symlink: /home/dj/yolo_ws/install/yolo_msgs/share/yolo_msgs/cmake/rosidl_cmake_export_typesupport_libraries-extras.cmake
[3.589s] -- Up-to-date symlink: /home/dj/yolo_ws/install/yolo_msgs/share/yolo_msgs/cmake/yolo_msgsConfig.cmake
[3.589s] -- Up-to-date symlink: /home/dj/yolo_ws/install/yolo_msgs/share/yolo_msgs/cmake/yolo_msgsConfig-version.cmake
[3.589s] -- Up-to-date symlink: /home/dj/yolo_ws/install/yolo_msgs/share/yolo_msgs/package.xml
[3.589s] -- Installing: /home/dj/yolo_ws/install/yolo_msgs/lib/libyolo_msgs__rosidl_generator_c.so
[3.589s] -- Set runtime path of "/home/dj/yolo_ws/install/yolo_msgs/lib/libyolo_msgs__rosidl_generator_c.so" to ""
[3.589s] -- Installing: /home/dj/yolo_ws/install/yolo_msgs/lib/libyolo_msgs__rosidl_typesupport_fastrtps_c.so
[3.590s] -- Set runtime path of "/home/dj/yolo_ws/install/yolo_msgs/lib/libyolo_msgs__rosidl_typesupport_fastrtps_c.so" to ""
[3.590s] -- Installing: /home/dj/yolo_ws/install/yolo_msgs/lib/libyolo_msgs__rosidl_typesupport_introspection_c.so
[3.590s] -- Set runtime path of "/home/dj/yolo_ws/install/yolo_msgs/lib/libyolo_msgs__rosidl_typesupport_introspection_c.so" to ""
[3.590s] -- Installing: /home/dj/yolo_ws/install/yolo_msgs/lib/libyolo_msgs__rosidl_typesupport_c.so
[3.591s] -- Set runtime path of "/home/dj/yolo_ws/install/yolo_msgs/lib/libyolo_msgs__rosidl_typesupport_c.so" to ""
[3.591s] -- Installing: /home/dj/yolo_ws/install/yolo_msgs/lib/libyolo_msgs__rosidl_typesupport_fastrtps_cpp.so
[3.591s] -- Set runtime path of "/home/dj/yolo_ws/install/yolo_msgs/lib/libyolo_msgs__rosidl_typesupport_fastrtps_cpp.so" to ""
[3.591s] -- Installing: /home/dj/yolo_ws/install/yolo_msgs/lib/libyolo_msgs__rosidl_typesupport_introspection_cpp.so
[3.592s] -- Set runtime path of "/home/dj/yolo_ws/install/yolo_msgs/lib/libyolo_msgs__rosidl_typesupport_introspection_cpp.so" to ""
[3.592s] -- Installing: /home/dj/yolo_ws/install/yolo_msgs/lib/libyolo_msgs__rosidl_typesupport_cpp.so
[3.592s] -- Set runtime path of "/home/dj/yolo_ws/install/yolo_msgs/lib/libyolo_msgs__rosidl_typesupport_cpp.so" to ""
[3.615s] Listing '/home/dj/yolo_ws/install/yolo_msgs/local/lib/python3.10/dist-packages/yolo_msgs'...
[3.616s] Compiling '/home/dj/yolo_ws/install/yolo_msgs/local/lib/python3.10/dist-packages/yolo_msgs/__init__.py'...
[3.616s] Listing '/home/dj/yolo_ws/install/yolo_msgs/local/lib/python3.10/dist-packages/yolo_msgs/msg'...
[3.616s] Listing '/home/dj/yolo_ws/install/yolo_msgs/local/lib/python3.10/dist-packages/yolo_msgs/srv'...
[3.619s] -- Installing: /home/dj/yolo_ws/install/yolo_msgs/lib/libyolo_msgs__rosidl_generator_py.so
[3.620s] -- Set runtime path of "/home/dj/yolo_ws/install/yolo_msgs/lib/libyolo_msgs__rosidl_generator_py.so" to ""
[3.620s] -- Up-to-date: /home/dj/yolo_ws/install/yolo_msgs/share/yolo_msgs/cmake/export_yolo_msgs__rosidl_generator_cExport.cmake
[3.620s] -- Installing: /home/dj/yolo_ws/install/yolo_msgs/share/yolo_msgs/cmake/export_yolo_msgs__rosidl_generator_cExport-release.cmake
[3.620s] -- Up-to-date: /home/dj/yolo_ws/install/yolo_msgs/share/yolo_msgs/cmake/export_yolo_msgs__rosidl_typesupport_fastrtps_cExport.cmake
[3.620s] -- Installing: /home/dj/yolo_ws/install/yolo_msgs/share/yolo_msgs/cmake/export_yolo_msgs__rosidl_typesupport_fastrtps_cExport-release.cmake
[3.620s] -- Up-to-date: /home/dj/yolo_ws/install/yolo_msgs/share/yolo_msgs/cmake/yolo_msgs__rosidl_typesupport_introspection_cExport.cmake
[3.621s] -- Installing: /home/dj/yolo_ws/install/yolo_msgs/share/yolo_msgs/cmake/yolo_msgs__rosidl_typesupport_introspection_cExport-release.cmake
[3.621s] -- Up-to-date: /home/dj/yolo_ws/install/yolo_msgs/share/yolo_msgs/cmake/yolo_msgs__rosidl_typesupport_cExport.cmake
[3.621s] -- Installing: /home/dj/yolo_ws/install/yolo_msgs/share/yolo_msgs/cmake/yolo_msgs__rosidl_typesupport_cExport-release.cmake
[3.621s] -- Up-to-date: /home/dj/yolo_ws/install/yolo_msgs/share/yolo_msgs/cmake/export_yolo_msgs__rosidl_generator_cppExport.cmake
[3.621s] -- Up-to-date: /home/dj/yolo_ws/install/yolo_msgs/share/yolo_msgs/cmake/export_yolo_msgs__rosidl_typesupport_fastrtps_cppExport.cmake
[3.621s] -- Installing: /home/dj/yolo_ws/install/yolo_msgs/share/yolo_msgs/cmake/export_yolo_msgs__rosidl_typesupport_fastrtps_cppExport-release.cmake
[3.621s] -- Up-to-date: /home/dj/yolo_ws/install/yolo_msgs/share/yolo_msgs/cmake/yolo_msgs__rosidl_typesupport_introspection_cppExport.cmake
[3.621s] -- Installing: /home/dj/yolo_ws/install/yolo_msgs/share/yolo_msgs/cmake/yolo_msgs__rosidl_typesupport_introspection_cppExport-release.cmake
[3.621s] -- Up-to-date: /home/dj/yolo_ws/install/yolo_msgs/share/yolo_msgs/cmake/yolo_msgs__rosidl_typesupport_cppExport.cmake
[3.621s] -- Installing: /home/dj/yolo_ws/install/yolo_msgs/share/yolo_msgs/cmake/yolo_msgs__rosidl_typesupport_cppExport-release.cmake
[3.621s] -- Up-to-date: /home/dj/yolo_ws/install/yolo_msgs/share/yolo_msgs/cmake/export_yolo_msgs__rosidl_generator_pyExport.cmake
[3.621s] -- Installing: /home/dj/yolo_ws/install/yolo_msgs/share/yolo_msgs/cmake/export_yolo_msgs__rosidl_generator_pyExport-release.cmake
[3.623s] Invoked command in '/home/dj/yolo_ws/build/yolo_msgs' returned '0': CMAKE_PREFIX_PATH=${CMAKE_PREFIX_PATH}:/home/dj/yolo_ws/install/yolo_ros:/home/dj/yolo_ws/install/deep_sort_ros:/opt/ros/humble /usr/bin/cmake --install /home/dj/yolo_ws/build/yolo_msgs
