[0.010s] Invoking command in '/home/dj/yolo_ws/build/yolo_bringup': AMENT_PREFIX_PATH=/home/dj/yolo_ws/install/yolo_ros:/home/dj/yolo_ws/install/yolo_bringup:/home/dj/yolo_ws/install/yolo_msgs:/home/dj/yolo_ws/install/deep_sort_ros:/opt/ros/humble CMAKE_PREFIX_PATH=/home/dj/yolo_ws/install/yolo_msgs:/home/dj/yolo_ws/install/yolo_bringup:/home/dj/yolo_ws/install/yolo_ros:/home/dj/yolo_ws/install/deep_sort_ros:/opt/ros/humble /usr/bin/cmake --build /home/dj/yolo_ws/build/yolo_bringup -- -j16 -l16
[0.043s] Invoked command in '/home/dj/yolo_ws/build/yolo_bringup' returned '0': AMENT_PREFIX_PATH=/home/dj/yolo_ws/install/yolo_ros:/home/dj/yolo_ws/install/yolo_bringup:/home/dj/yolo_ws/install/yolo_msgs:/home/dj/yolo_ws/install/deep_sort_ros:/opt/ros/humble CMAKE_PREFIX_PATH=/home/dj/yolo_ws/install/yolo_msgs:/home/dj/yolo_ws/install/yolo_bringup:/home/dj/yolo_ws/install/yolo_ros:/home/dj/yolo_ws/install/deep_sort_ros:/opt/ros/humble /usr/bin/cmake --build /home/dj/yolo_ws/build/yolo_bringup -- -j16 -l16
[0.044s] Invoking command in '/home/dj/yolo_ws/build/yolo_bringup': AMENT_PREFIX_PATH=/home/dj/yolo_ws/install/yolo_ros:/home/dj/yolo_ws/install/yolo_bringup:/home/dj/yolo_ws/install/yolo_msgs:/home/dj/yolo_ws/install/deep_sort_ros:/opt/ros/humble CMAKE_PREFIX_PATH=/home/dj/yolo_ws/install/yolo_msgs:/home/dj/yolo_ws/install/yolo_bringup:/home/dj/yolo_ws/install/yolo_ros:/home/dj/yolo_ws/install/deep_sort_ros:/opt/ros/humble /usr/bin/cmake --install /home/dj/yolo_ws/build/yolo_bringup
[0.049s] -- Install configuration: "release"
[0.049s] -- Execute custom install script
[0.050s] -- Up-to-date symlink: /home/dj/yolo_ws/install/yolo_bringup/share/yolo_bringup//launch/object_control_launch.py
[0.050s] -- Up-to-date symlink: /home/dj/yolo_ws/install/yolo_bringup/share/yolo_bringup//launch/yolo-nas.launch.py
[0.050s] -- Up-to-date symlink: /home/dj/yolo_ws/install/yolo_bringup/share/yolo_bringup//launch/yolo-world.launch.py
[0.050s] -- Up-to-date symlink: /home/dj/yolo_ws/install/yolo_bringup/share/yolo_bringup//launch/yolo.launch.py
[0.050s] -- Up-to-date symlink: /home/dj/yolo_ws/install/yolo_bringup/share/yolo_bringup//launch/yolov10.launch.py
[0.050s] -- Up-to-date symlink: /home/dj/yolo_ws/install/yolo_bringup/share/yolo_bringup//launch/yolov11.launch.py
[0.050s] -- Up-to-date symlink: /home/dj/yolo_ws/install/yolo_bringup/share/yolo_bringup//launch/yolov5.launch.py
[0.050s] -- Up-to-date symlink: /home/dj/yolo_ws/install/yolo_bringup/share/yolo_bringup//launch/yolov8.launch.py
[0.050s] -- Up-to-date symlink: /home/dj/yolo_ws/install/yolo_bringup/share/yolo_bringup//launch/yolov9.launch.py
[0.051s] -- Up-to-date symlink: /home/dj/yolo_ws/install/yolo_bringup/share/ament_index/resource_index/package_run_dependencies/yolo_bringup
[0.051s] -- Up-to-date symlink: /home/dj/yolo_ws/install/yolo_bringup/share/ament_index/resource_index/parent_prefix_path/yolo_bringup
[0.051s] -- Up-to-date symlink: /home/dj/yolo_ws/install/yolo_bringup/share/yolo_bringup/environment/ament_prefix_path.sh
[0.051s] -- Up-to-date symlink: /home/dj/yolo_ws/install/yolo_bringup/share/yolo_bringup/environment/ament_prefix_path.dsv
[0.051s] -- Up-to-date symlink: /home/dj/yolo_ws/install/yolo_bringup/share/yolo_bringup/environment/path.sh
[0.051s] -- Up-to-date symlink: /home/dj/yolo_ws/install/yolo_bringup/share/yolo_bringup/environment/path.dsv
[0.051s] -- Up-to-date symlink: /home/dj/yolo_ws/install/yolo_bringup/share/yolo_bringup/local_setup.bash
[0.051s] -- Up-to-date symlink: /home/dj/yolo_ws/install/yolo_bringup/share/yolo_bringup/local_setup.sh
[0.051s] -- Up-to-date symlink: /home/dj/yolo_ws/install/yolo_bringup/share/yolo_bringup/local_setup.zsh
[0.051s] -- Up-to-date symlink: /home/dj/yolo_ws/install/yolo_bringup/share/yolo_bringup/local_setup.dsv
[0.051s] -- Symlinking: /home/dj/yolo_ws/install/yolo_bringup/share/yolo_bringup/package.dsv
[0.058s] -- Up-to-date symlink: /home/dj/yolo_ws/install/yolo_bringup/share/ament_index/resource_index/packages/yolo_bringup
[0.058s] -- Up-to-date symlink: /home/dj/yolo_ws/install/yolo_bringup/share/yolo_bringup/cmake/yolo_bringupConfig.cmake
[0.058s] -- Up-to-date symlink: /home/dj/yolo_ws/install/yolo_bringup/share/yolo_bringup/cmake/yolo_bringupConfig-version.cmake
[0.058s] -- Up-to-date symlink: /home/dj/yolo_ws/install/yolo_bringup/share/yolo_bringup/package.xml
[0.060s] Invoked command in '/home/dj/yolo_ws/build/yolo_bringup' returned '0': AMENT_PREFIX_PATH=/home/dj/yolo_ws/install/yolo_ros:/home/dj/yolo_ws/install/yolo_bringup:/home/dj/yolo_ws/install/yolo_msgs:/home/dj/yolo_ws/install/deep_sort_ros:/opt/ros/humble CMAKE_PREFIX_PATH=/home/dj/yolo_ws/install/yolo_msgs:/home/dj/yolo_ws/install/yolo_bringup:/home/dj/yolo_ws/install/yolo_ros:/home/dj/yolo_ws/install/deep_sort_ros:/opt/ros/humble /usr/bin/cmake --install /home/dj/yolo_ws/build/yolo_bringup
