[0.510s] Invoking command in '/home/dj/yolo_ws/build/yolo_ros': AMENT_PREFIX_PATH=/home/dj/yolo_ws/install/yolo_msgs:${AMENT_PREFIX_PATH} CMAKE_PREFIX_PATH=/home/dj/yolo_ws/install/yolo_msgs LD_LIBRARY_PATH=/home/dj/yolo_ws/install/yolo_msgs/lib:${LD_LIBRARY_PATH} PYTHONPATH=/home/dj/yolo_ws/build/yolo_ros/prefix_override:/usr/lib/python3/dist-packages/colcon_core/task/python/colcon_distutils_commands:/home/dj/yolo_ws/install/yolo_ros/lib/python3.10/site-packages:/home/dj/yolo_ws/install/yolo_msgs/local/lib/python3.10/dist-packages:${PYTHONPATH} /usr/bin/python3 -W ignore:setup.py install is deprecated -W ignore:easy_install command is deprecated setup.py develop --editable --build-directory /home/dj/yolo_ws/build/yolo_ros/build --no-deps symlink_data
[0.600s] /home/dj/.local/lib/python3.10/site-packages/setuptools/_distutils/dist.py:261: UserWarning: Unknown distribution option: 'tests_require'
[0.600s]   warnings.warn(msg)
[0.719s] running develop
[0.864s] running egg_info
[0.874s] writing yolo_ros.egg-info/PKG-INFO
[0.874s] writing dependency_links to yolo_ros.egg-info/dependency_links.txt
[0.875s] writing entry points to yolo_ros.egg-info/entry_points.txt
[0.875s] writing requirements to yolo_ros.egg-info/requires.txt
[0.875s] writing top-level names to yolo_ros.egg-info/top_level.txt
[0.898s] reading manifest file 'yolo_ros.egg-info/SOURCES.txt'
[0.900s] writing manifest file 'yolo_ros.egg-info/SOURCES.txt'
[0.922s] running build_ext
[0.922s] Creating /home/dj/yolo_ws/install/yolo_ros/lib/python3.10/site-packages/yolo-ros.egg-link (link to .)
[0.923s] Installing debug_node script to /home/dj/yolo_ws/install/yolo_ros/lib/yolo_ros
[0.923s] Installing detect_3d_node script to /home/dj/yolo_ws/install/yolo_ros/lib/yolo_ros
[0.923s] Installing object_control_node script to /home/dj/yolo_ws/install/yolo_ros/lib/yolo_ros
[0.923s] Installing tracking_node script to /home/dj/yolo_ws/install/yolo_ros/lib/yolo_ros
[0.923s] Installing yolo_node script to /home/dj/yolo_ws/install/yolo_ros/lib/yolo_ros
[0.923s] 
[0.923s] Installed /home/dj/yolo_ws/build/yolo_ros
[0.923s] running symlink_data
[0.947s] Invoked command in '/home/dj/yolo_ws/build/yolo_ros' returned '0': AMENT_PREFIX_PATH=/home/dj/yolo_ws/install/yolo_msgs:${AMENT_PREFIX_PATH} CMAKE_PREFIX_PATH=/home/dj/yolo_ws/install/yolo_msgs LD_LIBRARY_PATH=/home/dj/yolo_ws/install/yolo_msgs/lib:${LD_LIBRARY_PATH} PYTHONPATH=/home/dj/yolo_ws/build/yolo_ros/prefix_override:/usr/lib/python3/dist-packages/colcon_core/task/python/colcon_distutils_commands:/home/dj/yolo_ws/install/yolo_ros/lib/python3.10/site-packages:/home/dj/yolo_ws/install/yolo_msgs/local/lib/python3.10/dist-packages:${PYTHONPATH} /usr/bin/python3 -W ignore:setup.py install is deprecated -W ignore:easy_install command is deprecated setup.py develop --editable --build-directory /home/dj/yolo_ws/build/yolo_ros/build --no-deps symlink_data
