[0.018s] Invoking command in '/home/dj/yolo_ws/build/yolo_bringup': AMENT_PREFIX_PATH=/home/dj/yolo_ws/install/yolo_ros:/home/dj/yolo_ws/install/yolo_msgs:${AMENT_PREFIX_PATH} CMAKE_PREFIX_PATH=/home/dj/yolo_ws/install/yolo_msgs:/opt/ros/humble LD_LIBRARY_PATH=/home/dj/yolo_ws/install/yolo_msgs/lib:${LD_LIBRARY_PATH} PYTHONPATH=/home/dj/yolo_ws/build/yolo_ros:/home/dj/yolo_ws/install/yolo_ros/lib/python3.10/site-packages:/home/dj/yolo_ws/install/yolo_msgs/local/lib/python3.10/dist-packages:${PYTHONPATH} /usr/bin/cmake --build /home/dj/yolo_ws/build/yolo_bringup -- -j16 -l16
[0.092s] Invoked command in '/home/dj/yolo_ws/build/yolo_bringup' returned '0': AMENT_PREFIX_PATH=/home/dj/yolo_ws/install/yolo_ros:/home/dj/yolo_ws/install/yolo_msgs:${AMENT_PREFIX_PATH} CMAKE_PREFIX_PATH=/home/dj/yolo_ws/install/yolo_msgs:/opt/ros/humble LD_LIBRARY_PATH=/home/dj/yolo_ws/install/yolo_msgs/lib:${LD_LIBRARY_PATH} PYTHONPATH=/home/dj/yolo_ws/build/yolo_ros:/home/dj/yolo_ws/install/yolo_ros/lib/python3.10/site-packages:/home/dj/yolo_ws/install/yolo_msgs/local/lib/python3.10/dist-packages:${PYTHONPATH} /usr/bin/cmake --build /home/dj/yolo_ws/build/yolo_bringup -- -j16 -l16
[0.095s] Invoking command in '/home/dj/yolo_ws/build/yolo_bringup': AMENT_PREFIX_PATH=/home/dj/yolo_ws/install/yolo_ros:/home/dj/yolo_ws/install/yolo_msgs:${AMENT_PREFIX_PATH} CMAKE_PREFIX_PATH=/home/dj/yolo_ws/install/yolo_msgs:/opt/ros/humble LD_LIBRARY_PATH=/home/dj/yolo_ws/install/yolo_msgs/lib:${LD_LIBRARY_PATH} PYTHONPATH=/home/dj/yolo_ws/build/yolo_ros:/home/dj/yolo_ws/install/yolo_ros/lib/python3.10/site-packages:/home/dj/yolo_ws/install/yolo_msgs/local/lib/python3.10/dist-packages:${PYTHONPATH} /usr/bin/cmake --install /home/dj/yolo_ws/build/yolo_bringup
[0.110s] -- Install configuration: ""
[0.111s] -- Execute custom install script
[0.112s] -- Up-to-date symlink: /home/dj/yolo_ws/install/yolo_bringup/share/yolo_bringup//launch/object_control_launch.py
[0.112s] -- Up-to-date symlink: /home/dj/yolo_ws/install/yolo_bringup/share/yolo_bringup//launch/yolo-nas.launch.py
[0.112s] -- Up-to-date symlink: /home/dj/yolo_ws/install/yolo_bringup/share/yolo_bringup//launch/yolo-world.launch.py
[0.113s] -- Up-to-date symlink: /home/dj/yolo_ws/install/yolo_bringup/share/yolo_bringup//launch/yolo.launch.py
[0.113s] -- Up-to-date symlink: /home/dj/yolo_ws/install/yolo_bringup/share/yolo_bringup//launch/yolov10.launch.py
[0.113s] -- Up-to-date symlink: /home/dj/yolo_ws/install/yolo_bringup/share/yolo_bringup//launch/yolov11.launch.py
[0.113s] -- Up-to-date symlink: /home/dj/yolo_ws/install/yolo_bringup/share/yolo_bringup//launch/yolov5.launch.py
[0.113s] -- Up-to-date symlink: /home/dj/yolo_ws/install/yolo_bringup/share/yolo_bringup//launch/yolov8.launch.py
[0.114s] -- Up-to-date symlink: /home/dj/yolo_ws/install/yolo_bringup/share/yolo_bringup//launch/yolov9.launch.py
[0.114s] -- Up-to-date symlink: /home/dj/yolo_ws/install/yolo_bringup/share/ament_index/resource_index/package_run_dependencies/yolo_bringup
[0.114s] -- Up-to-date symlink: /home/dj/yolo_ws/install/yolo_bringup/share/ament_index/resource_index/parent_prefix_path/yolo_bringup
[0.115s] -- Up-to-date symlink: /home/dj/yolo_ws/install/yolo_bringup/share/yolo_bringup/environment/ament_prefix_path.sh
[0.115s] -- Up-to-date symlink: /home/dj/yolo_ws/install/yolo_bringup/share/yolo_bringup/environment/ament_prefix_path.dsv
[0.115s] -- Up-to-date symlink: /home/dj/yolo_ws/install/yolo_bringup/share/yolo_bringup/environment/path.sh
[0.116s] -- Up-to-date symlink: /home/dj/yolo_ws/install/yolo_bringup/share/yolo_bringup/environment/path.dsv
[0.116s] -- Up-to-date symlink: /home/dj/yolo_ws/install/yolo_bringup/share/yolo_bringup/local_setup.bash
[0.116s] -- Up-to-date symlink: /home/dj/yolo_ws/install/yolo_bringup/share/yolo_bringup/local_setup.sh
[0.116s] -- Up-to-date symlink: /home/dj/yolo_ws/install/yolo_bringup/share/yolo_bringup/local_setup.zsh
[0.117s] -- Up-to-date symlink: /home/dj/yolo_ws/install/yolo_bringup/share/yolo_bringup/local_setup.dsv
[0.117s] -- Symlinking: /home/dj/yolo_ws/install/yolo_bringup/share/yolo_bringup/package.dsv
[0.136s] -- Up-to-date symlink: /home/dj/yolo_ws/install/yolo_bringup/share/ament_index/resource_index/packages/yolo_bringup
[0.136s] -- Up-to-date symlink: /home/dj/yolo_ws/install/yolo_bringup/share/yolo_bringup/cmake/yolo_bringupConfig.cmake
[0.136s] -- Up-to-date symlink: /home/dj/yolo_ws/install/yolo_bringup/share/yolo_bringup/cmake/yolo_bringupConfig-version.cmake
[0.137s] -- Up-to-date symlink: /home/dj/yolo_ws/install/yolo_bringup/share/yolo_bringup/package.xml
[0.141s] Invoked command in '/home/dj/yolo_ws/build/yolo_bringup' returned '0': AMENT_PREFIX_PATH=/home/dj/yolo_ws/install/yolo_ros:/home/dj/yolo_ws/install/yolo_msgs:${AMENT_PREFIX_PATH} CMAKE_PREFIX_PATH=/home/dj/yolo_ws/install/yolo_msgs:/opt/ros/humble LD_LIBRARY_PATH=/home/dj/yolo_ws/install/yolo_msgs/lib:${LD_LIBRARY_PATH} PYTHONPATH=/home/dj/yolo_ws/build/yolo_ros:/home/dj/yolo_ws/install/yolo_ros/lib/python3.10/site-packages:/home/dj/yolo_ws/install/yolo_msgs/local/lib/python3.10/dist-packages:${PYTHONPATH} /usr/bin/cmake --install /home/dj/yolo_ws/build/yolo_bringup
