[0.009s] Invoking command in '/home/dj/yolo_ws/build/yolo_bringup': AMENT_PREFIX_PATH=/home/dj/yolo_ws/install/yolo_ros:/home/dj/yolo_ws/install/yolo_bringup:/home/dj/yolo_ws/install/yolo_msgs:/home/dj/yolo_ws/install/deep_sort_ros:/opt/ros/humble CMAKE_PREFIX_PATH=/home/dj/yolo_ws/install/yolo_msgs:/home/dj/yolo_ws/install/yolo_bringup:/home/dj/yolo_ws/install/yolo_ros:/home/dj/yolo_ws/install/deep_sort_ros:/opt/ros/humble /usr/bin/cmake /home/dj/yolo_ws/src/yolo_ros/yolo_bringup -DCMAKE_EXPORT_COMPILE_COMMANDS=ON -DAMENT_CMAKE_SYMLINK_INSTALL=1 -DCMAKE_INSTALL_PREFIX=/home/dj/yolo_ws/install/yolo_bringup
[0.018s] -- Found ament_cmake: 1.3.10 (/opt/ros/humble/share/ament_cmake/cmake)
[0.106s] -- Override CMake install command with custom implementation using symlinks instead of copying resources
[0.157s] -- Configuring done
[0.159s] -- Generating done
[0.160s] -- Build files have been written to: /home/dj/yolo_ws/build/yolo_bringup
[0.162s] Invoked command in '/home/dj/yolo_ws/build/yolo_bringup' returned '0': AMENT_PREFIX_PATH=/home/dj/yolo_ws/install/yolo_ros:/home/dj/yolo_ws/install/yolo_bringup:/home/dj/yolo_ws/install/yolo_msgs:/home/dj/yolo_ws/install/deep_sort_ros:/opt/ros/humble CMAKE_PREFIX_PATH=/home/dj/yolo_ws/install/yolo_msgs:/home/dj/yolo_ws/install/yolo_bringup:/home/dj/yolo_ws/install/yolo_ros:/home/dj/yolo_ws/install/deep_sort_ros:/opt/ros/humble /usr/bin/cmake /home/dj/yolo_ws/src/yolo_ros/yolo_bringup -DCMAKE_EXPORT_COMPILE_COMMANDS=ON -DAMENT_CMAKE_SYMLINK_INSTALL=1 -DCMAKE_INSTALL_PREFIX=/home/dj/yolo_ws/install/yolo_bringup
[0.163s] Invoking command in '/home/dj/yolo_ws/build/yolo_bringup': AMENT_PREFIX_PATH=/home/dj/yolo_ws/install/yolo_ros:/home/dj/yolo_ws/install/yolo_bringup:/home/dj/yolo_ws/install/yolo_msgs:/home/dj/yolo_ws/install/deep_sort_ros:/opt/ros/humble CMAKE_PREFIX_PATH=/home/dj/yolo_ws/install/yolo_msgs:/home/dj/yolo_ws/install/yolo_bringup:/home/dj/yolo_ws/install/yolo_ros:/home/dj/yolo_ws/install/deep_sort_ros:/opt/ros/humble /usr/bin/cmake --build /home/dj/yolo_ws/build/yolo_bringup -- -j16 -l16
[0.194s] Invoked command in '/home/dj/yolo_ws/build/yolo_bringup' returned '0': AMENT_PREFIX_PATH=/home/dj/yolo_ws/install/yolo_ros:/home/dj/yolo_ws/install/yolo_bringup:/home/dj/yolo_ws/install/yolo_msgs:/home/dj/yolo_ws/install/deep_sort_ros:/opt/ros/humble CMAKE_PREFIX_PATH=/home/dj/yolo_ws/install/yolo_msgs:/home/dj/yolo_ws/install/yolo_bringup:/home/dj/yolo_ws/install/yolo_ros:/home/dj/yolo_ws/install/deep_sort_ros:/opt/ros/humble /usr/bin/cmake --build /home/dj/yolo_ws/build/yolo_bringup -- -j16 -l16
[0.195s] Invoking command in '/home/dj/yolo_ws/build/yolo_bringup': AMENT_PREFIX_PATH=/home/dj/yolo_ws/install/yolo_ros:/home/dj/yolo_ws/install/yolo_bringup:/home/dj/yolo_ws/install/yolo_msgs:/home/dj/yolo_ws/install/deep_sort_ros:/opt/ros/humble CMAKE_PREFIX_PATH=/home/dj/yolo_ws/install/yolo_msgs:/home/dj/yolo_ws/install/yolo_bringup:/home/dj/yolo_ws/install/yolo_ros:/home/dj/yolo_ws/install/deep_sort_ros:/opt/ros/humble /usr/bin/cmake --install /home/dj/yolo_ws/build/yolo_bringup
[0.201s] -- Install configuration: "release"
[0.201s] -- Execute custom install script
[0.202s] -- Up-to-date symlink: /home/dj/yolo_ws/install/yolo_bringup/share/yolo_bringup//launch/object_control_launch.py
[0.202s] -- Up-to-date symlink: /home/dj/yolo_ws/install/yolo_bringup/share/yolo_bringup//launch/yolo-nas.launch.py
[0.202s] -- Up-to-date symlink: /home/dj/yolo_ws/install/yolo_bringup/share/yolo_bringup//launch/yolo-world.launch.py
[0.202s] -- Up-to-date symlink: /home/dj/yolo_ws/install/yolo_bringup/share/yolo_bringup//launch/yolo.launch.py
[0.202s] -- Up-to-date symlink: /home/dj/yolo_ws/install/yolo_bringup/share/yolo_bringup//launch/yolov10.launch.py
[0.202s] -- Up-to-date symlink: /home/dj/yolo_ws/install/yolo_bringup/share/yolo_bringup//launch/yolov11.launch.py
[0.202s] -- Up-to-date symlink: /home/dj/yolo_ws/install/yolo_bringup/share/yolo_bringup//launch/yolov5.launch.py
[0.202s] -- Up-to-date symlink: /home/dj/yolo_ws/install/yolo_bringup/share/yolo_bringup//launch/yolov8.launch.py
[0.202s] -- Up-to-date symlink: /home/dj/yolo_ws/install/yolo_bringup/share/yolo_bringup//launch/yolov9.launch.py
[0.202s] -- Up-to-date symlink: /home/dj/yolo_ws/install/yolo_bringup/share/ament_index/resource_index/package_run_dependencies/yolo_bringup
[0.203s] -- Up-to-date symlink: /home/dj/yolo_ws/install/yolo_bringup/share/ament_index/resource_index/parent_prefix_path/yolo_bringup
[0.203s] -- Up-to-date symlink: /home/dj/yolo_ws/install/yolo_bringup/share/yolo_bringup/environment/ament_prefix_path.sh
[0.203s] -- Up-to-date symlink: /home/dj/yolo_ws/install/yolo_bringup/share/yolo_bringup/environment/ament_prefix_path.dsv
[0.203s] -- Up-to-date symlink: /home/dj/yolo_ws/install/yolo_bringup/share/yolo_bringup/environment/path.sh
[0.203s] -- Up-to-date symlink: /home/dj/yolo_ws/install/yolo_bringup/share/yolo_bringup/environment/path.dsv
[0.203s] -- Up-to-date symlink: /home/dj/yolo_ws/install/yolo_bringup/share/yolo_bringup/local_setup.bash
[0.203s] -- Up-to-date symlink: /home/dj/yolo_ws/install/yolo_bringup/share/yolo_bringup/local_setup.sh
[0.203s] -- Up-to-date symlink: /home/dj/yolo_ws/install/yolo_bringup/share/yolo_bringup/local_setup.zsh
[0.203s] -- Up-to-date symlink: /home/dj/yolo_ws/install/yolo_bringup/share/yolo_bringup/local_setup.dsv
[0.203s] -- Symlinking: /home/dj/yolo_ws/install/yolo_bringup/share/yolo_bringup/package.dsv
[0.212s] -- Up-to-date symlink: /home/dj/yolo_ws/install/yolo_bringup/share/ament_index/resource_index/packages/yolo_bringup
[0.212s] -- Up-to-date symlink: /home/dj/yolo_ws/install/yolo_bringup/share/yolo_bringup/cmake/yolo_bringupConfig.cmake
[0.212s] -- Up-to-date symlink: /home/dj/yolo_ws/install/yolo_bringup/share/yolo_bringup/cmake/yolo_bringupConfig-version.cmake
[0.212s] -- Up-to-date symlink: /home/dj/yolo_ws/install/yolo_bringup/share/yolo_bringup/package.xml
[0.214s] Invoked command in '/home/dj/yolo_ws/build/yolo_bringup' returned '0': AMENT_PREFIX_PATH=/home/dj/yolo_ws/install/yolo_ros:/home/dj/yolo_ws/install/yolo_bringup:/home/dj/yolo_ws/install/yolo_msgs:/home/dj/yolo_ws/install/deep_sort_ros:/opt/ros/humble CMAKE_PREFIX_PATH=/home/dj/yolo_ws/install/yolo_msgs:/home/dj/yolo_ws/install/yolo_bringup:/home/dj/yolo_ws/install/yolo_ros:/home/dj/yolo_ws/install/deep_sort_ros:/opt/ros/humble /usr/bin/cmake --install /home/dj/yolo_ws/build/yolo_bringup
