[0.010s] Invoking command in '/home/dj/yolo_ws/build/yolo_msgs': CMAKE_PREFIX_PATH=${CMAKE_PREFIX_PATH}:/home/dj/yolo_ws/install/yolo_ros:/home/dj/yolo_ws/install/deep_sort_ros:/opt/ros/humble /usr/bin/cmake /home/dj/yolo_ws/src/yolo_ros/yolo_msgs -DCMAKE_EXPORT_COMPILE_COMMANDS=ON -DAMENT_CMAKE_SYMLINK_INSTALL=1 -DCMAKE_INSTALL_PREFIX=/home/dj/yolo_ws/install/yolo_msgs
[0.020s] -- Found ament_cmake: 1.3.10 (/opt/ros/humble/share/ament_cmake/cmake)
[0.102s] -- Override CMake install command with custom implementation using symlinks instead of copying resources
[0.107s] -- Found rosidl_default_generators: 1.2.0 (/opt/ros/humble/share/rosidl_default_generators/cmake)
[0.108s] -- Using all available rosidl_typesupport_c: rosidl_typesupport_fastrtps_c;rosidl_typesupport_introspection_c
[0.112s] -- Found rosidl_adapter: 3.1.5 (/opt/ros/humble/share/rosidl_adapter/cmake)
[0.136s] -- Using all available rosidl_typesupport_cpp: rosidl_typesupport_fastrtps_cpp;rosidl_typesupport_introspection_cpp
[0.153s] -- Found std_msgs: 4.2.4 (/opt/ros/humble/share/std_msgs/cmake)
[0.169s] -- Found geometry_msgs: 4.2.4 (/opt/ros/humble/share/geometry_msgs/cmake)
[0.397s] -- Found ament_cmake_ros: 0.10.0 (/opt/ros/humble/share/ament_cmake_ros/cmake)
[0.567s] -- Using all available rosidl_typesupport_c: rosidl_typesupport_fastrtps_c;rosidl_typesupport_introspection_c
[0.792s] -- Using all available rosidl_typesupport_cpp: rosidl_typesupport_fastrtps_cpp;rosidl_typesupport_introspection_cpp
[0.809s] -- Found python_cmake_module: 0.10.0 (/opt/ros/humble/share/python_cmake_module/cmake)
[0.826s] -- Using PYTHON_EXECUTABLE: /usr/bin/python3
[0.826s] -- Using PYTHON_INCLUDE_DIRS: /usr/include/python3.10
[0.826s] -- Using PYTHON_LIBRARIES: /usr/lib/x86_64-linux-gnu/libpython3.10.so
[0.854s] -- Configuring done
[0.888s] -- Generating done
[0.897s] -- Build files have been written to: /home/dj/yolo_ws/build/yolo_msgs
[0.904s] Invoked command in '/home/dj/yolo_ws/build/yolo_msgs' returned '0': CMAKE_PREFIX_PATH=${CMAKE_PREFIX_PATH}:/home/dj/yolo_ws/install/yolo_ros:/home/dj/yolo_ws/install/deep_sort_ros:/opt/ros/humble /usr/bin/cmake /home/dj/yolo_ws/src/yolo_ros/yolo_msgs -DCMAKE_EXPORT_COMPILE_COMMANDS=ON -DAMENT_CMAKE_SYMLINK_INSTALL=1 -DCMAKE_INSTALL_PREFIX=/home/dj/yolo_ws/install/yolo_msgs
[0.904s] Invoking command in '/home/dj/yolo_ws/build/yolo_msgs': CMAKE_PREFIX_PATH=${CMAKE_PREFIX_PATH}:/home/dj/yolo_ws/install/yolo_ros:/home/dj/yolo_ws/install/deep_sort_ros:/opt/ros/humble /usr/bin/cmake --build /home/dj/yolo_ws/build/yolo_msgs -- -j16 -l16
[0.939s] [35m[1mConsolidate compiler generated dependencies of target yolo_msgs__rosidl_generator_c[0m
[0.945s] [  0%] Built target yolo_msgs__cpp
[0.951s] [  1%] Built target ament_cmake_python_symlink_yolo_msgs
[0.952s] [ 12%] Built target yolo_msgs__rosidl_generator_c
[0.953s] [35m[1mConsolidate compiler generated dependencies of target yolo_msgs__rosidl_typesupport_cpp[0m
[0.954s] [35m[1mConsolidate compiler generated dependencies of target yolo_msgs__rosidl_typesupport_introspection_cpp[0m
[0.955s] [35m[1mConsolidate compiler generated dependencies of target yolo_msgs__rosidl_typesupport_fastrtps_cpp[0m
[0.961s] [35m[1mConsolidate compiler generated dependencies of target yolo_msgs__rosidl_typesupport_c[0m
[0.961s] [35m[1mConsolidate compiler generated dependencies of target yolo_msgs__rosidl_typesupport_introspection_c[0m
[0.962s] [35m[1mConsolidate compiler generated dependencies of target yolo_msgs__rosidl_typesupport_fastrtps_c[0m
[0.971s] [ 42%] Built target yolo_msgs__rosidl_typesupport_introspection_cpp
[0.971s] [ 42%] Built target yolo_msgs__rosidl_typesupport_cpp
[0.971s] [ 48%] Built target yolo_msgs__rosidl_typesupport_c
[0.974s] [ 63%] Built target yolo_msgs__rosidl_typesupport_fastrtps_cpp
[0.975s] [ 72%] Built target yolo_msgs__rosidl_typesupport_introspection_c
[0.981s] [ 84%] Built target yolo_msgs__rosidl_typesupport_fastrtps_c
[0.996s] [ 84%] Built target yolo_msgs
[1.015s] [ 85%] Built target yolo_msgs__py
[1.025s] [35m[1mConsolidate compiler generated dependencies of target yolo_msgs__rosidl_generator_py[0m
[1.043s] [ 96%] Built target yolo_msgs__rosidl_generator_py
[1.052s] [35m[1mConsolidate compiler generated dependencies of target yolo_msgs__rosidl_typesupport_c__pyext[0m
[1.052s] [35m[1mConsolidate compiler generated dependencies of target yolo_msgs__rosidl_typesupport_fastrtps_c__pyext[0m
[1.052s] [35m[1mConsolidate compiler generated dependencies of target yolo_msgs__rosidl_typesupport_introspection_c__pyext[0m
[1.063s] [ 99%] Built target yolo_msgs__rosidl_typesupport_c__pyext
[1.063s] [100%] Built target yolo_msgs__rosidl_typesupport_fastrtps_c__pyext
[1.063s] [100%] Built target yolo_msgs__rosidl_typesupport_introspection_c__pyext
[1.087s] running egg_info
[1.098s] writing yolo_msgs.egg-info/PKG-INFO
[1.098s] writing dependency_links to yolo_msgs.egg-info/dependency_links.txt
[1.098s] writing top-level names to yolo_msgs.egg-info/top_level.txt
[1.130s] reading manifest file 'yolo_msgs.egg-info/SOURCES.txt'
[1.131s] writing manifest file 'yolo_msgs.egg-info/SOURCES.txt'
[1.150s] [100%] Built target ament_cmake_python_build_yolo_msgs_egg
[1.160s] Invoked command in '/home/dj/yolo_ws/build/yolo_msgs' returned '0': CMAKE_PREFIX_PATH=${CMAKE_PREFIX_PATH}:/home/dj/yolo_ws/install/yolo_ros:/home/dj/yolo_ws/install/deep_sort_ros:/opt/ros/humble /usr/bin/cmake --build /home/dj/yolo_ws/build/yolo_msgs -- -j16 -l16
[1.168s] Invoking command in '/home/dj/yolo_ws/build/yolo_msgs': CMAKE_PREFIX_PATH=${CMAKE_PREFIX_PATH}:/home/dj/yolo_ws/install/yolo_ros:/home/dj/yolo_ws/install/deep_sort_ros:/opt/ros/humble /usr/bin/cmake --install /home/dj/yolo_ws/build/yolo_msgs
[1.173s] -- Install configuration: "release"
[1.174s] -- Execute custom install script
[1.174s] -- Up-to-date symlink: /home/dj/yolo_ws/install/yolo_msgs/share/ament_index/resource_index/rosidl_interfaces/yolo_msgs
[1.174s] -- Up-to-date symlink: /home/dj/yolo_ws/install/yolo_msgs/include/yolo_msgs/yolo_msgs/msg/bounding_box2_d.h
[1.175s] -- Up-to-date symlink: /home/dj/yolo_ws/install/yolo_msgs/include/yolo_msgs/yolo_msgs/msg/bounding_box3_d.h
[1.175s] -- Up-to-date symlink: /home/dj/yolo_ws/install/yolo_msgs/include/yolo_msgs/yolo_msgs/msg/detail/bounding_box2_d__functions.h
[1.175s] -- Up-to-date symlink: /home/dj/yolo_ws/install/yolo_msgs/include/yolo_msgs/yolo_msgs/msg/detail/bounding_box2_d__struct.h
[1.175s] -- Up-to-date symlink: /home/dj/yolo_ws/install/yolo_msgs/include/yolo_msgs/yolo_msgs/msg/detail/bounding_box2_d__type_support.h
[1.175s] -- Up-to-date symlink: /home/dj/yolo_ws/install/yolo_msgs/include/yolo_msgs/yolo_msgs/msg/detail/bounding_box3_d__functions.h
[1.175s] -- Up-to-date symlink: /home/dj/yolo_ws/install/yolo_msgs/include/yolo_msgs/yolo_msgs/msg/detail/bounding_box3_d__struct.h
[1.175s] -- Up-to-date symlink: /home/dj/yolo_ws/install/yolo_msgs/include/yolo_msgs/yolo_msgs/msg/detail/bounding_box3_d__type_support.h
[1.175s] -- Up-to-date symlink: /home/dj/yolo_ws/install/yolo_msgs/include/yolo_msgs/yolo_msgs/msg/detail/detection__functions.h
[1.175s] -- Up-to-date symlink: /home/dj/yolo_ws/install/yolo_msgs/include/yolo_msgs/yolo_msgs/msg/detail/detection__struct.h
[1.175s] -- Up-to-date symlink: /home/dj/yolo_ws/install/yolo_msgs/include/yolo_msgs/yolo_msgs/msg/detail/detection__type_support.h
[1.175s] -- Up-to-date symlink: /home/dj/yolo_ws/install/yolo_msgs/include/yolo_msgs/yolo_msgs/msg/detail/detection_array__functions.h
[1.175s] -- Up-to-date symlink: /home/dj/yolo_ws/install/yolo_msgs/include/yolo_msgs/yolo_msgs/msg/detail/detection_array__struct.h
[1.175s] -- Up-to-date symlink: /home/dj/yolo_ws/install/yolo_msgs/include/yolo_msgs/yolo_msgs/msg/detail/detection_array__type_support.h
[1.176s] -- Up-to-date symlink: /home/dj/yolo_ws/install/yolo_msgs/include/yolo_msgs/yolo_msgs/msg/detail/key_point2_d__functions.h
[1.176s] -- Up-to-date symlink: /home/dj/yolo_ws/install/yolo_msgs/include/yolo_msgs/yolo_msgs/msg/detail/key_point2_d__struct.h
[1.176s] -- Up-to-date symlink: /home/dj/yolo_ws/install/yolo_msgs/include/yolo_msgs/yolo_msgs/msg/detail/key_point2_d__type_support.h
[1.176s] -- Up-to-date symlink: /home/dj/yolo_ws/install/yolo_msgs/include/yolo_msgs/yolo_msgs/msg/detail/key_point2_d_array__functions.h
[1.176s] -- Up-to-date symlink: /home/dj/yolo_ws/install/yolo_msgs/include/yolo_msgs/yolo_msgs/msg/detail/key_point2_d_array__struct.h
[1.176s] -- Up-to-date symlink: /home/dj/yolo_ws/install/yolo_msgs/include/yolo_msgs/yolo_msgs/msg/detail/key_point2_d_array__type_support.h
[1.176s] -- Up-to-date symlink: /home/dj/yolo_ws/install/yolo_msgs/include/yolo_msgs/yolo_msgs/msg/detail/key_point3_d__functions.h
[1.176s] -- Up-to-date symlink: /home/dj/yolo_ws/install/yolo_msgs/include/yolo_msgs/yolo_msgs/msg/detail/key_point3_d__struct.h
[1.176s] -- Up-to-date symlink: /home/dj/yolo_ws/install/yolo_msgs/include/yolo_msgs/yolo_msgs/msg/detail/key_point3_d__type_support.h
[1.176s] -- Up-to-date symlink: /home/dj/yolo_ws/install/yolo_msgs/include/yolo_msgs/yolo_msgs/msg/detail/key_point3_d_array__functions.h
[1.176s] -- Up-to-date symlink: /home/dj/yolo_ws/install/yolo_msgs/include/yolo_msgs/yolo_msgs/msg/detail/key_point3_d_array__struct.h
[1.176s] -- Up-to-date symlink: /home/dj/yolo_ws/install/yolo_msgs/include/yolo_msgs/yolo_msgs/msg/detail/key_point3_d_array__type_support.h
[1.176s] -- Up-to-date symlink: /home/dj/yolo_ws/install/yolo_msgs/include/yolo_msgs/yolo_msgs/msg/detail/mask__functions.h
[1.176s] -- Up-to-date symlink: /home/dj/yolo_ws/install/yolo_msgs/include/yolo_msgs/yolo_msgs/msg/detail/mask__struct.h
[1.176s] -- Up-to-date symlink: /home/dj/yolo_ws/install/yolo_msgs/include/yolo_msgs/yolo_msgs/msg/detail/mask__type_support.h
[1.176s] -- Up-to-date symlink: /home/dj/yolo_ws/install/yolo_msgs/include/yolo_msgs/yolo_msgs/msg/detail/point2_d__functions.h
[1.176s] -- Up-to-date symlink: /home/dj/yolo_ws/install/yolo_msgs/include/yolo_msgs/yolo_msgs/msg/detail/point2_d__struct.h
[1.177s] -- Up-to-date symlink: /home/dj/yolo_ws/install/yolo_msgs/include/yolo_msgs/yolo_msgs/msg/detail/point2_d__type_support.h
[1.177s] -- Up-to-date symlink: /home/dj/yolo_ws/install/yolo_msgs/include/yolo_msgs/yolo_msgs/msg/detail/pose2_d__functions.h
[1.177s] -- Up-to-date symlink: /home/dj/yolo_ws/install/yolo_msgs/include/yolo_msgs/yolo_msgs/msg/detail/pose2_d__struct.h
[1.177s] -- Up-to-date symlink: /home/dj/yolo_ws/install/yolo_msgs/include/yolo_msgs/yolo_msgs/msg/detail/pose2_d__type_support.h
[1.177s] -- Up-to-date symlink: /home/dj/yolo_ws/install/yolo_msgs/include/yolo_msgs/yolo_msgs/msg/detail/vector2__functions.h
[1.177s] -- Up-to-date symlink: /home/dj/yolo_ws/install/yolo_msgs/include/yolo_msgs/yolo_msgs/msg/detail/vector2__struct.h
[1.177s] -- Up-to-date symlink: /home/dj/yolo_ws/install/yolo_msgs/include/yolo_msgs/yolo_msgs/msg/detail/vector2__type_support.h
[1.177s] -- Up-to-date symlink: /home/dj/yolo_ws/install/yolo_msgs/include/yolo_msgs/yolo_msgs/msg/detection.h
[1.177s] -- Up-to-date symlink: /home/dj/yolo_ws/install/yolo_msgs/include/yolo_msgs/yolo_msgs/msg/detection_array.h
[1.177s] -- Up-to-date symlink: /home/dj/yolo_ws/install/yolo_msgs/include/yolo_msgs/yolo_msgs/msg/key_point2_d.h
[1.177s] -- Up-to-date symlink: /home/dj/yolo_ws/install/yolo_msgs/include/yolo_msgs/yolo_msgs/msg/key_point2_d_array.h
[1.177s] -- Up-to-date symlink: /home/dj/yolo_ws/install/yolo_msgs/include/yolo_msgs/yolo_msgs/msg/key_point3_d.h
[1.177s] -- Up-to-date symlink: /home/dj/yolo_ws/install/yolo_msgs/include/yolo_msgs/yolo_msgs/msg/key_point3_d_array.h
[1.177s] -- Up-to-date symlink: /home/dj/yolo_ws/install/yolo_msgs/include/yolo_msgs/yolo_msgs/msg/mask.h
[1.177s] -- Up-to-date symlink: /home/dj/yolo_ws/install/yolo_msgs/include/yolo_msgs/yolo_msgs/msg/point2_d.h
[1.178s] -- Up-to-date symlink: /home/dj/yolo_ws/install/yolo_msgs/include/yolo_msgs/yolo_msgs/msg/pose2_d.h
[1.178s] -- Up-to-date symlink: /home/dj/yolo_ws/install/yolo_msgs/include/yolo_msgs/yolo_msgs/msg/rosidl_generator_c__visibility_control.h
[1.178s] -- Up-to-date symlink: /home/dj/yolo_ws/install/yolo_msgs/include/yolo_msgs/yolo_msgs/msg/vector2.h
[1.178s] -- Up-to-date symlink: /home/dj/yolo_ws/install/yolo_msgs/include/yolo_msgs/yolo_msgs/srv/detail/set_classes__functions.h
[1.178s] -- Up-to-date symlink: /home/dj/yolo_ws/install/yolo_msgs/include/yolo_msgs/yolo_msgs/srv/detail/set_classes__struct.h
[1.178s] -- Up-to-date symlink: /home/dj/yolo_ws/install/yolo_msgs/include/yolo_msgs/yolo_msgs/srv/detail/set_classes__type_support.h
[1.178s] -- Up-to-date symlink: /home/dj/yolo_ws/install/yolo_msgs/include/yolo_msgs/yolo_msgs/srv/set_classes.h
[1.178s] -- Up-to-date symlink: /home/dj/yolo_ws/install/yolo_msgs/share/yolo_msgs/environment/library_path.sh
[1.178s] -- Up-to-date symlink: /home/dj/yolo_ws/install/yolo_msgs/share/yolo_msgs/environment/library_path.dsv
[1.179s] -- Up-to-date symlink: /home/dj/yolo_ws/install/yolo_msgs/include/yolo_msgs/yolo_msgs/msg/detail/bounding_box2_d__rosidl_typesupport_fastrtps_c.h
[1.179s] -- Up-to-date symlink: /home/dj/yolo_ws/install/yolo_msgs/include/yolo_msgs/yolo_msgs/msg/detail/bounding_box3_d__rosidl_typesupport_fastrtps_c.h
[1.179s] -- Up-to-date symlink: /home/dj/yolo_ws/install/yolo_msgs/include/yolo_msgs/yolo_msgs/msg/detail/detection__rosidl_typesupport_fastrtps_c.h
[1.179s] -- Up-to-date symlink: /home/dj/yolo_ws/install/yolo_msgs/include/yolo_msgs/yolo_msgs/msg/detail/detection_array__rosidl_typesupport_fastrtps_c.h
[1.179s] -- Up-to-date symlink: /home/dj/yolo_ws/install/yolo_msgs/include/yolo_msgs/yolo_msgs/msg/detail/key_point2_d__rosidl_typesupport_fastrtps_c.h
[1.179s] -- Up-to-date symlink: /home/dj/yolo_ws/install/yolo_msgs/include/yolo_msgs/yolo_msgs/msg/detail/key_point2_d_array__rosidl_typesupport_fastrtps_c.h
[1.179s] -- Up-to-date symlink: /home/dj/yolo_ws/install/yolo_msgs/include/yolo_msgs/yolo_msgs/msg/detail/key_point3_d__rosidl_typesupport_fastrtps_c.h
[1.179s] -- Up-to-date symlink: /home/dj/yolo_ws/install/yolo_msgs/include/yolo_msgs/yolo_msgs/msg/detail/key_point3_d_array__rosidl_typesupport_fastrtps_c.h
[1.179s] -- Up-to-date symlink: /home/dj/yolo_ws/install/yolo_msgs/include/yolo_msgs/yolo_msgs/msg/detail/mask__rosidl_typesupport_fastrtps_c.h
[1.179s] -- Up-to-date symlink: /home/dj/yolo_ws/install/yolo_msgs/include/yolo_msgs/yolo_msgs/msg/detail/point2_d__rosidl_typesupport_fastrtps_c.h
[1.179s] -- Up-to-date symlink: /home/dj/yolo_ws/install/yolo_msgs/include/yolo_msgs/yolo_msgs/msg/detail/pose2_d__rosidl_typesupport_fastrtps_c.h
[1.179s] -- Up-to-date symlink: /home/dj/yolo_ws/install/yolo_msgs/include/yolo_msgs/yolo_msgs/msg/detail/vector2__rosidl_typesupport_fastrtps_c.h
[1.179s] -- Up-to-date symlink: /home/dj/yolo_ws/install/yolo_msgs/include/yolo_msgs/yolo_msgs/msg/rosidl_typesupport_fastrtps_c__visibility_control.h
[1.179s] -- Up-to-date symlink: /home/dj/yolo_ws/install/yolo_msgs/include/yolo_msgs/yolo_msgs/srv/detail/set_classes__rosidl_typesupport_fastrtps_c.h
[1.180s] -- Up-to-date symlink: /home/dj/yolo_ws/install/yolo_msgs/include/yolo_msgs/yolo_msgs/msg/detail/bounding_box2_d__rosidl_typesupport_introspection_c.h
[1.180s] -- Up-to-date symlink: /home/dj/yolo_ws/install/yolo_msgs/include/yolo_msgs/yolo_msgs/msg/detail/bounding_box3_d__rosidl_typesupport_introspection_c.h
[1.180s] -- Up-to-date symlink: /home/dj/yolo_ws/install/yolo_msgs/include/yolo_msgs/yolo_msgs/msg/detail/detection__rosidl_typesupport_introspection_c.h
[1.180s] -- Up-to-date symlink: /home/dj/yolo_ws/install/yolo_msgs/include/yolo_msgs/yolo_msgs/msg/detail/detection_array__rosidl_typesupport_introspection_c.h
[1.180s] -- Up-to-date symlink: /home/dj/yolo_ws/install/yolo_msgs/include/yolo_msgs/yolo_msgs/msg/detail/key_point2_d__rosidl_typesupport_introspection_c.h
[1.180s] -- Up-to-date symlink: /home/dj/yolo_ws/install/yolo_msgs/include/yolo_msgs/yolo_msgs/msg/detail/key_point2_d_array__rosidl_typesupport_introspection_c.h
[1.180s] -- Up-to-date symlink: /home/dj/yolo_ws/install/yolo_msgs/include/yolo_msgs/yolo_msgs/msg/detail/key_point3_d__rosidl_typesupport_introspection_c.h
[1.180s] -- Up-to-date symlink: /home/dj/yolo_ws/install/yolo_msgs/include/yolo_msgs/yolo_msgs/msg/detail/key_point3_d_array__rosidl_typesupport_introspection_c.h
[1.180s] -- Up-to-date symlink: /home/dj/yolo_ws/install/yolo_msgs/include/yolo_msgs/yolo_msgs/msg/detail/mask__rosidl_typesupport_introspection_c.h
[1.180s] -- Up-to-date symlink: /home/dj/yolo_ws/install/yolo_msgs/include/yolo_msgs/yolo_msgs/msg/detail/point2_d__rosidl_typesupport_introspection_c.h
[1.180s] -- Up-to-date symlink: /home/dj/yolo_ws/install/yolo_msgs/include/yolo_msgs/yolo_msgs/msg/detail/pose2_d__rosidl_typesupport_introspection_c.h
[1.181s] -- Up-to-date symlink: /home/dj/yolo_ws/install/yolo_msgs/include/yolo_msgs/yolo_msgs/msg/detail/vector2__rosidl_typesupport_introspection_c.h
[1.181s] -- Up-to-date symlink: /home/dj/yolo_ws/install/yolo_msgs/include/yolo_msgs/yolo_msgs/msg/rosidl_typesupport_introspection_c__visibility_control.h
[1.181s] -- Up-to-date symlink: /home/dj/yolo_ws/install/yolo_msgs/include/yolo_msgs/yolo_msgs/srv/detail/set_classes__rosidl_typesupport_introspection_c.h
[1.181s] -- Up-to-date symlink: /home/dj/yolo_ws/install/yolo_msgs/include/yolo_msgs/yolo_msgs/msg/bounding_box2_d.hpp
[1.181s] -- Up-to-date symlink: /home/dj/yolo_ws/install/yolo_msgs/include/yolo_msgs/yolo_msgs/msg/bounding_box3_d.hpp
[1.181s] -- Up-to-date symlink: /home/dj/yolo_ws/install/yolo_msgs/include/yolo_msgs/yolo_msgs/msg/detail/bounding_box2_d__builder.hpp
[1.181s] -- Up-to-date symlink: /home/dj/yolo_ws/install/yolo_msgs/include/yolo_msgs/yolo_msgs/msg/detail/bounding_box2_d__struct.hpp
[1.181s] -- Up-to-date symlink: /home/dj/yolo_ws/install/yolo_msgs/include/yolo_msgs/yolo_msgs/msg/detail/bounding_box2_d__traits.hpp
[1.181s] -- Up-to-date symlink: /home/dj/yolo_ws/install/yolo_msgs/include/yolo_msgs/yolo_msgs/msg/detail/bounding_box3_d__builder.hpp
[1.182s] -- Up-to-date symlink: /home/dj/yolo_ws/install/yolo_msgs/include/yolo_msgs/yolo_msgs/msg/detail/bounding_box3_d__struct.hpp
[1.182s] -- Up-to-date symlink: /home/dj/yolo_ws/install/yolo_msgs/include/yolo_msgs/yolo_msgs/msg/detail/bounding_box3_d__traits.hpp
[1.182s] -- Up-to-date symlink: /home/dj/yolo_ws/install/yolo_msgs/include/yolo_msgs/yolo_msgs/msg/detail/detection__builder.hpp
[1.182s] -- Up-to-date symlink: /home/dj/yolo_ws/install/yolo_msgs/include/yolo_msgs/yolo_msgs/msg/detail/detection__struct.hpp
[1.182s] -- Up-to-date symlink: /home/dj/yolo_ws/install/yolo_msgs/include/yolo_msgs/yolo_msgs/msg/detail/detection__traits.hpp
[1.182s] -- Up-to-date symlink: /home/dj/yolo_ws/install/yolo_msgs/include/yolo_msgs/yolo_msgs/msg/detail/detection_array__builder.hpp
[1.182s] -- Up-to-date symlink: /home/dj/yolo_ws/install/yolo_msgs/include/yolo_msgs/yolo_msgs/msg/detail/detection_array__struct.hpp
[1.182s] -- Up-to-date symlink: /home/dj/yolo_ws/install/yolo_msgs/include/yolo_msgs/yolo_msgs/msg/detail/detection_array__traits.hpp
[1.182s] -- Up-to-date symlink: /home/dj/yolo_ws/install/yolo_msgs/include/yolo_msgs/yolo_msgs/msg/detail/key_point2_d__builder.hpp
[1.182s] -- Up-to-date symlink: /home/dj/yolo_ws/install/yolo_msgs/include/yolo_msgs/yolo_msgs/msg/detail/key_point2_d__struct.hpp
[1.182s] -- Up-to-date symlink: /home/dj/yolo_ws/install/yolo_msgs/include/yolo_msgs/yolo_msgs/msg/detail/key_point2_d__traits.hpp
[1.182s] -- Up-to-date symlink: /home/dj/yolo_ws/install/yolo_msgs/include/yolo_msgs/yolo_msgs/msg/detail/key_point2_d_array__builder.hpp
[1.182s] -- Up-to-date symlink: /home/dj/yolo_ws/install/yolo_msgs/include/yolo_msgs/yolo_msgs/msg/detail/key_point2_d_array__struct.hpp
[1.182s] -- Up-to-date symlink: /home/dj/yolo_ws/install/yolo_msgs/include/yolo_msgs/yolo_msgs/msg/detail/key_point2_d_array__traits.hpp
[1.182s] -- Up-to-date symlink: /home/dj/yolo_ws/install/yolo_msgs/include/yolo_msgs/yolo_msgs/msg/detail/key_point3_d__builder.hpp
[1.183s] -- Up-to-date symlink: /home/dj/yolo_ws/install/yolo_msgs/include/yolo_msgs/yolo_msgs/msg/detail/key_point3_d__struct.hpp
[1.183s] -- Up-to-date symlink: /home/dj/yolo_ws/install/yolo_msgs/include/yolo_msgs/yolo_msgs/msg/detail/key_point3_d__traits.hpp
[1.183s] -- Up-to-date symlink: /home/dj/yolo_ws/install/yolo_msgs/include/yolo_msgs/yolo_msgs/msg/detail/key_point3_d_array__builder.hpp
[1.183s] -- Up-to-date symlink: /home/dj/yolo_ws/install/yolo_msgs/include/yolo_msgs/yolo_msgs/msg/detail/key_point3_d_array__struct.hpp
[1.183s] -- Up-to-date symlink: /home/dj/yolo_ws/install/yolo_msgs/include/yolo_msgs/yolo_msgs/msg/detail/key_point3_d_array__traits.hpp
[1.183s] -- Up-to-date symlink: /home/dj/yolo_ws/install/yolo_msgs/include/yolo_msgs/yolo_msgs/msg/detail/mask__builder.hpp
[1.183s] -- Up-to-date symlink: /home/dj/yolo_ws/install/yolo_msgs/include/yolo_msgs/yolo_msgs/msg/detail/mask__struct.hpp
[1.183s] -- Up-to-date symlink: /home/dj/yolo_ws/install/yolo_msgs/include/yolo_msgs/yolo_msgs/msg/detail/mask__traits.hpp
[1.183s] -- Up-to-date symlink: /home/dj/yolo_ws/install/yolo_msgs/include/yolo_msgs/yolo_msgs/msg/detail/point2_d__builder.hpp
[1.183s] -- Up-to-date symlink: /home/dj/yolo_ws/install/yolo_msgs/include/yolo_msgs/yolo_msgs/msg/detail/point2_d__struct.hpp
[1.183s] -- Up-to-date symlink: /home/dj/yolo_ws/install/yolo_msgs/include/yolo_msgs/yolo_msgs/msg/detail/point2_d__traits.hpp
[1.183s] -- Up-to-date symlink: /home/dj/yolo_ws/install/yolo_msgs/include/yolo_msgs/yolo_msgs/msg/detail/pose2_d__builder.hpp
[1.183s] -- Up-to-date symlink: /home/dj/yolo_ws/install/yolo_msgs/include/yolo_msgs/yolo_msgs/msg/detail/pose2_d__struct.hpp
[1.183s] -- Up-to-date symlink: /home/dj/yolo_ws/install/yolo_msgs/include/yolo_msgs/yolo_msgs/msg/detail/pose2_d__traits.hpp
[1.183s] -- Up-to-date symlink: /home/dj/yolo_ws/install/yolo_msgs/include/yolo_msgs/yolo_msgs/msg/detail/vector2__builder.hpp
[1.184s] -- Up-to-date symlink: /home/dj/yolo_ws/install/yolo_msgs/include/yolo_msgs/yolo_msgs/msg/detail/vector2__struct.hpp
[1.184s] -- Up-to-date symlink: /home/dj/yolo_ws/install/yolo_msgs/include/yolo_msgs/yolo_msgs/msg/detail/vector2__traits.hpp
[1.184s] -- Up-to-date symlink: /home/dj/yolo_ws/install/yolo_msgs/include/yolo_msgs/yolo_msgs/msg/detection.hpp
[1.184s] -- Up-to-date symlink: /home/dj/yolo_ws/install/yolo_msgs/include/yolo_msgs/yolo_msgs/msg/detection_array.hpp
[1.184s] -- Up-to-date symlink: /home/dj/yolo_ws/install/yolo_msgs/include/yolo_msgs/yolo_msgs/msg/key_point2_d.hpp
[1.184s] -- Up-to-date symlink: /home/dj/yolo_ws/install/yolo_msgs/include/yolo_msgs/yolo_msgs/msg/key_point2_d_array.hpp
[1.184s] -- Up-to-date symlink: /home/dj/yolo_ws/install/yolo_msgs/include/yolo_msgs/yolo_msgs/msg/key_point3_d.hpp
[1.184s] -- Up-to-date symlink: /home/dj/yolo_ws/install/yolo_msgs/include/yolo_msgs/yolo_msgs/msg/key_point3_d_array.hpp
[1.184s] -- Up-to-date symlink: /home/dj/yolo_ws/install/yolo_msgs/include/yolo_msgs/yolo_msgs/msg/mask.hpp
[1.184s] -- Up-to-date symlink: /home/dj/yolo_ws/install/yolo_msgs/include/yolo_msgs/yolo_msgs/msg/point2_d.hpp
[1.184s] -- Up-to-date symlink: /home/dj/yolo_ws/install/yolo_msgs/include/yolo_msgs/yolo_msgs/msg/pose2_d.hpp
[1.184s] -- Up-to-date symlink: /home/dj/yolo_ws/install/yolo_msgs/include/yolo_msgs/yolo_msgs/msg/vector2.hpp
[1.184s] -- Up-to-date symlink: /home/dj/yolo_ws/install/yolo_msgs/include/yolo_msgs/yolo_msgs/srv/detail/set_classes__builder.hpp
[1.184s] -- Up-to-date symlink: /home/dj/yolo_ws/install/yolo_msgs/include/yolo_msgs/yolo_msgs/srv/detail/set_classes__struct.hpp
[1.184s] -- Up-to-date symlink: /home/dj/yolo_ws/install/yolo_msgs/include/yolo_msgs/yolo_msgs/srv/detail/set_classes__traits.hpp
[1.185s] -- Up-to-date symlink: /home/dj/yolo_ws/install/yolo_msgs/include/yolo_msgs/yolo_msgs/srv/set_classes.hpp
[1.185s] -- Up-to-date symlink: /home/dj/yolo_ws/install/yolo_msgs/include/yolo_msgs/yolo_msgs/msg/detail/bounding_box2_d__rosidl_typesupport_fastrtps_cpp.hpp
[1.185s] -- Up-to-date symlink: /home/dj/yolo_ws/install/yolo_msgs/include/yolo_msgs/yolo_msgs/msg/detail/bounding_box3_d__rosidl_typesupport_fastrtps_cpp.hpp
[1.185s] -- Up-to-date symlink: /home/dj/yolo_ws/install/yolo_msgs/include/yolo_msgs/yolo_msgs/msg/detail/detection__rosidl_typesupport_fastrtps_cpp.hpp
[1.185s] -- Up-to-date symlink: /home/dj/yolo_ws/install/yolo_msgs/include/yolo_msgs/yolo_msgs/msg/detail/detection_array__rosidl_typesupport_fastrtps_cpp.hpp
[1.185s] -- Up-to-date symlink: /home/dj/yolo_ws/install/yolo_msgs/include/yolo_msgs/yolo_msgs/msg/detail/key_point2_d__rosidl_typesupport_fastrtps_cpp.hpp
[1.185s] -- Up-to-date symlink: /home/dj/yolo_ws/install/yolo_msgs/include/yolo_msgs/yolo_msgs/msg/detail/key_point2_d_array__rosidl_typesupport_fastrtps_cpp.hpp
[1.185s] -- Up-to-date symlink: /home/dj/yolo_ws/install/yolo_msgs/include/yolo_msgs/yolo_msgs/msg/detail/key_point3_d__rosidl_typesupport_fastrtps_cpp.hpp
[1.186s] -- Up-to-date symlink: /home/dj/yolo_ws/install/yolo_msgs/include/yolo_msgs/yolo_msgs/msg/detail/key_point3_d_array__rosidl_typesupport_fastrtps_cpp.hpp
[1.186s] -- Up-to-date symlink: /home/dj/yolo_ws/install/yolo_msgs/include/yolo_msgs/yolo_msgs/msg/detail/mask__rosidl_typesupport_fastrtps_cpp.hpp
[1.186s] -- Up-to-date symlink: /home/dj/yolo_ws/install/yolo_msgs/include/yolo_msgs/yolo_msgs/msg/detail/point2_d__rosidl_typesupport_fastrtps_cpp.hpp
[1.186s] -- Up-to-date symlink: /home/dj/yolo_ws/install/yolo_msgs/include/yolo_msgs/yolo_msgs/msg/detail/pose2_d__rosidl_typesupport_fastrtps_cpp.hpp
[1.186s] -- Up-to-date symlink: /home/dj/yolo_ws/install/yolo_msgs/include/yolo_msgs/yolo_msgs/msg/detail/vector2__rosidl_typesupport_fastrtps_cpp.hpp
[1.186s] -- Up-to-date symlink: /home/dj/yolo_ws/install/yolo_msgs/include/yolo_msgs/yolo_msgs/msg/rosidl_typesupport_fastrtps_cpp__visibility_control.h
[1.186s] -- Up-to-date symlink: /home/dj/yolo_ws/install/yolo_msgs/include/yolo_msgs/yolo_msgs/srv/detail/set_classes__rosidl_typesupport_fastrtps_cpp.hpp
[1.186s] -- Up-to-date symlink: /home/dj/yolo_ws/install/yolo_msgs/include/yolo_msgs/yolo_msgs/msg/detail/bounding_box2_d__rosidl_typesupport_introspection_cpp.hpp
[1.186s] -- Up-to-date symlink: /home/dj/yolo_ws/install/yolo_msgs/include/yolo_msgs/yolo_msgs/msg/detail/bounding_box3_d__rosidl_typesupport_introspection_cpp.hpp
[1.186s] -- Up-to-date symlink: /home/dj/yolo_ws/install/yolo_msgs/include/yolo_msgs/yolo_msgs/msg/detail/detection__rosidl_typesupport_introspection_cpp.hpp
[1.186s] -- Up-to-date symlink: /home/dj/yolo_ws/install/yolo_msgs/include/yolo_msgs/yolo_msgs/msg/detail/detection_array__rosidl_typesupport_introspection_cpp.hpp
[1.187s] -- Up-to-date symlink: /home/dj/yolo_ws/install/yolo_msgs/include/yolo_msgs/yolo_msgs/msg/detail/key_point2_d__rosidl_typesupport_introspection_cpp.hpp
[1.187s] -- Up-to-date symlink: /home/dj/yolo_ws/install/yolo_msgs/include/yolo_msgs/yolo_msgs/msg/detail/key_point2_d_array__rosidl_typesupport_introspection_cpp.hpp
[1.187s] -- Up-to-date symlink: /home/dj/yolo_ws/install/yolo_msgs/include/yolo_msgs/yolo_msgs/msg/detail/key_point3_d__rosidl_typesupport_introspection_cpp.hpp
[1.187s] -- Up-to-date symlink: /home/dj/yolo_ws/install/yolo_msgs/include/yolo_msgs/yolo_msgs/msg/detail/key_point3_d_array__rosidl_typesupport_introspection_cpp.hpp
[1.187s] -- Up-to-date symlink: /home/dj/yolo_ws/install/yolo_msgs/include/yolo_msgs/yolo_msgs/msg/detail/mask__rosidl_typesupport_introspection_cpp.hpp
[1.187s] -- Up-to-date symlink: /home/dj/yolo_ws/install/yolo_msgs/include/yolo_msgs/yolo_msgs/msg/detail/point2_d__rosidl_typesupport_introspection_cpp.hpp
[1.187s] -- Up-to-date symlink: /home/dj/yolo_ws/install/yolo_msgs/include/yolo_msgs/yolo_msgs/msg/detail/pose2_d__rosidl_typesupport_introspection_cpp.hpp
[1.187s] -- Up-to-date symlink: /home/dj/yolo_ws/install/yolo_msgs/include/yolo_msgs/yolo_msgs/msg/detail/vector2__rosidl_typesupport_introspection_cpp.hpp
[1.187s] -- Up-to-date symlink: /home/dj/yolo_ws/install/yolo_msgs/include/yolo_msgs/yolo_msgs/srv/detail/set_classes__rosidl_typesupport_introspection_cpp.hpp
[1.187s] -- Up-to-date symlink: /home/dj/yolo_ws/install/yolo_msgs/share/yolo_msgs/environment/pythonpath.sh
[1.187s] -- Up-to-date symlink: /home/dj/yolo_ws/install/yolo_msgs/share/yolo_msgs/environment/pythonpath.dsv
[1.187s] -- Up-to-date symlink: /home/dj/yolo_ws/install/yolo_msgs/local/lib/python3.10/dist-packages/yolo_msgs-4.0.1-py3.10.egg-info/PKG-INFO
[1.187s] -- Up-to-date symlink: /home/dj/yolo_ws/install/yolo_msgs/local/lib/python3.10/dist-packages/yolo_msgs-4.0.1-py3.10.egg-info/SOURCES.txt
[1.188s] -- Up-to-date symlink: /home/dj/yolo_ws/install/yolo_msgs/local/lib/python3.10/dist-packages/yolo_msgs-4.0.1-py3.10.egg-info/dependency_links.txt
[1.188s] -- Up-to-date symlink: /home/dj/yolo_ws/install/yolo_msgs/local/lib/python3.10/dist-packages/yolo_msgs-4.0.1-py3.10.egg-info/top_level.txt
[1.188s] -- Up-to-date symlink: /home/dj/yolo_ws/install/yolo_msgs/local/lib/python3.10/dist-packages/yolo_msgs/__init__.py
[1.188s] -- Up-to-date symlink: /home/dj/yolo_ws/install/yolo_msgs/local/lib/python3.10/dist-packages/yolo_msgs/_yolo_msgs_s.ep.rosidl_typesupport_c.c
[1.188s] -- Up-to-date symlink: /home/dj/yolo_ws/install/yolo_msgs/local/lib/python3.10/dist-packages/yolo_msgs/_yolo_msgs_s.ep.rosidl_typesupport_fastrtps_c.c
[1.188s] -- Up-to-date symlink: /home/dj/yolo_ws/install/yolo_msgs/local/lib/python3.10/dist-packages/yolo_msgs/_yolo_msgs_s.ep.rosidl_typesupport_introspection_c.c
[1.188s] -- Up-to-date symlink: /home/dj/yolo_ws/install/yolo_msgs/local/lib/python3.10/dist-packages/yolo_msgs/libyolo_msgs__rosidl_generator_py.so
[1.189s] -- Up-to-date symlink: /home/dj/yolo_ws/install/yolo_msgs/local/lib/python3.10/dist-packages/yolo_msgs/msg/__init__.py
[1.189s] -- Up-to-date symlink: /home/dj/yolo_ws/install/yolo_msgs/local/lib/python3.10/dist-packages/yolo_msgs/msg/_bounding_box2_d.py
[1.189s] -- Up-to-date symlink: /home/dj/yolo_ws/install/yolo_msgs/local/lib/python3.10/dist-packages/yolo_msgs/msg/_bounding_box2_d_s.c
[1.189s] -- Up-to-date symlink: /home/dj/yolo_ws/install/yolo_msgs/local/lib/python3.10/dist-packages/yolo_msgs/msg/_bounding_box3_d.py
[1.189s] -- Up-to-date symlink: /home/dj/yolo_ws/install/yolo_msgs/local/lib/python3.10/dist-packages/yolo_msgs/msg/_bounding_box3_d_s.c
[1.189s] -- Up-to-date symlink: /home/dj/yolo_ws/install/yolo_msgs/local/lib/python3.10/dist-packages/yolo_msgs/msg/_detection.py
[1.189s] -- Up-to-date symlink: /home/dj/yolo_ws/install/yolo_msgs/local/lib/python3.10/dist-packages/yolo_msgs/msg/_detection_array.py
[1.189s] -- Up-to-date symlink: /home/dj/yolo_ws/install/yolo_msgs/local/lib/python3.10/dist-packages/yolo_msgs/msg/_detection_array_s.c
[1.189s] -- Up-to-date symlink: /home/dj/yolo_ws/install/yolo_msgs/local/lib/python3.10/dist-packages/yolo_msgs/msg/_detection_s.c
[1.189s] -- Up-to-date symlink: /home/dj/yolo_ws/install/yolo_msgs/local/lib/python3.10/dist-packages/yolo_msgs/msg/_key_point2_d.py
[1.189s] -- Up-to-date symlink: /home/dj/yolo_ws/install/yolo_msgs/local/lib/python3.10/dist-packages/yolo_msgs/msg/_key_point2_d_array.py
[1.189s] -- Up-to-date symlink: /home/dj/yolo_ws/install/yolo_msgs/local/lib/python3.10/dist-packages/yolo_msgs/msg/_key_point2_d_array_s.c
[1.189s] -- Up-to-date symlink: /home/dj/yolo_ws/install/yolo_msgs/local/lib/python3.10/dist-packages/yolo_msgs/msg/_key_point2_d_s.c
[1.189s] -- Up-to-date symlink: /home/dj/yolo_ws/install/yolo_msgs/local/lib/python3.10/dist-packages/yolo_msgs/msg/_key_point3_d.py
[1.189s] -- Up-to-date symlink: /home/dj/yolo_ws/install/yolo_msgs/local/lib/python3.10/dist-packages/yolo_msgs/msg/_key_point3_d_array.py
[1.190s] -- Up-to-date symlink: /home/dj/yolo_ws/install/yolo_msgs/local/lib/python3.10/dist-packages/yolo_msgs/msg/_key_point3_d_array_s.c
[1.190s] -- Up-to-date symlink: /home/dj/yolo_ws/install/yolo_msgs/local/lib/python3.10/dist-packages/yolo_msgs/msg/_key_point3_d_s.c
[1.190s] -- Up-to-date symlink: /home/dj/yolo_ws/install/yolo_msgs/local/lib/python3.10/dist-packages/yolo_msgs/msg/_mask.py
[1.190s] -- Up-to-date symlink: /home/dj/yolo_ws/install/yolo_msgs/local/lib/python3.10/dist-packages/yolo_msgs/msg/_mask_s.c
[1.190s] -- Up-to-date symlink: /home/dj/yolo_ws/install/yolo_msgs/local/lib/python3.10/dist-packages/yolo_msgs/msg/_point2_d.py
[1.190s] -- Up-to-date symlink: /home/dj/yolo_ws/install/yolo_msgs/local/lib/python3.10/dist-packages/yolo_msgs/msg/_point2_d_s.c
[1.190s] -- Up-to-date symlink: /home/dj/yolo_ws/install/yolo_msgs/local/lib/python3.10/dist-packages/yolo_msgs/msg/_pose2_d.py
[1.190s] -- Up-to-date symlink: /home/dj/yolo_ws/install/yolo_msgs/local/lib/python3.10/dist-packages/yolo_msgs/msg/_pose2_d_s.c
[1.190s] -- Up-to-date symlink: /home/dj/yolo_ws/install/yolo_msgs/local/lib/python3.10/dist-packages/yolo_msgs/msg/_vector2.py
[1.190s] -- Up-to-date symlink: /home/dj/yolo_ws/install/yolo_msgs/local/lib/python3.10/dist-packages/yolo_msgs/msg/_vector2_s.c
[1.190s] -- Up-to-date symlink: /home/dj/yolo_ws/install/yolo_msgs/local/lib/python3.10/dist-packages/yolo_msgs/srv/__init__.py
[1.190s] -- Up-to-date symlink: /home/dj/yolo_ws/install/yolo_msgs/local/lib/python3.10/dist-packages/yolo_msgs/srv/_set_classes.py
[1.190s] -- Up-to-date symlink: /home/dj/yolo_ws/install/yolo_msgs/local/lib/python3.10/dist-packages/yolo_msgs/srv/_set_classes_s.c
[1.190s] -- Up-to-date symlink: /home/dj/yolo_ws/install/yolo_msgs/local/lib/python3.10/dist-packages/yolo_msgs/yolo_msgs_s__rosidl_typesupport_c.cpython-310-x86_64-linux-gnu.so
[1.190s] -- Up-to-date symlink: /home/dj/yolo_ws/install/yolo_msgs/local/lib/python3.10/dist-packages/yolo_msgs/yolo_msgs_s__rosidl_typesupport_fastrtps_c.cpython-310-x86_64-linux-gnu.so
[1.190s] -- Up-to-date symlink: /home/dj/yolo_ws/install/yolo_msgs/local/lib/python3.10/dist-packages/yolo_msgs/yolo_msgs_s__rosidl_typesupport_introspection_c.cpython-310-x86_64-linux-gnu.so
[1.191s] -- Up-to-date symlink: /home/dj/yolo_ws/install/yolo_msgs/local/lib/python3.10/dist-packages/yolo_msgs/yolo_msgs_s__rosidl_typesupport_fastrtps_c.cpython-310-x86_64-linux-gnu.so
[1.191s] -- Up-to-date symlink: /home/dj/yolo_ws/install/yolo_msgs/local/lib/python3.10/dist-packages/yolo_msgs/yolo_msgs_s__rosidl_typesupport_introspection_c.cpython-310-x86_64-linux-gnu.so
[1.191s] -- Up-to-date symlink: /home/dj/yolo_ws/install/yolo_msgs/local/lib/python3.10/dist-packages/yolo_msgs/yolo_msgs_s__rosidl_typesupport_c.cpython-310-x86_64-linux-gnu.so
[1.191s] -- Up-to-date symlink: /home/dj/yolo_ws/install/yolo_msgs/share/yolo_msgs/msg/Point2D.idl
[1.191s] -- Up-to-date symlink: /home/dj/yolo_ws/install/yolo_msgs/share/yolo_msgs/msg/Vector2.idl
[1.191s] -- Up-to-date symlink: /home/dj/yolo_ws/install/yolo_msgs/share/yolo_msgs/msg/Pose2D.idl
[1.191s] -- Up-to-date symlink: /home/dj/yolo_ws/install/yolo_msgs/share/yolo_msgs/msg/BoundingBox2D.idl
[1.191s] -- Up-to-date symlink: /home/dj/yolo_ws/install/yolo_msgs/share/yolo_msgs/msg/BoundingBox3D.idl
[1.191s] -- Up-to-date symlink: /home/dj/yolo_ws/install/yolo_msgs/share/yolo_msgs/msg/Mask.idl
[1.191s] -- Up-to-date symlink: /home/dj/yolo_ws/install/yolo_msgs/share/yolo_msgs/msg/KeyPoint2D.idl
[1.192s] -- Up-to-date symlink: /home/dj/yolo_ws/install/yolo_msgs/share/yolo_msgs/msg/KeyPoint2DArray.idl
[1.192s] -- Up-to-date symlink: /home/dj/yolo_ws/install/yolo_msgs/share/yolo_msgs/msg/KeyPoint3D.idl
[1.192s] -- Up-to-date symlink: /home/dj/yolo_ws/install/yolo_msgs/share/yolo_msgs/msg/KeyPoint3DArray.idl
[1.192s] -- Up-to-date symlink: /home/dj/yolo_ws/install/yolo_msgs/share/yolo_msgs/msg/Detection.idl
[1.192s] -- Up-to-date symlink: /home/dj/yolo_ws/install/yolo_msgs/share/yolo_msgs/msg/DetectionArray.idl
[1.192s] -- Up-to-date symlink: /home/dj/yolo_ws/install/yolo_msgs/share/yolo_msgs/srv/SetClasses.idl
[1.192s] -- Up-to-date symlink: /home/dj/yolo_ws/install/yolo_msgs/share/yolo_msgs/msg/Point2D.msg
[1.192s] -- Up-to-date symlink: /home/dj/yolo_ws/install/yolo_msgs/share/yolo_msgs/msg/Vector2.msg
[1.192s] -- Up-to-date symlink: /home/dj/yolo_ws/install/yolo_msgs/share/yolo_msgs/msg/Pose2D.msg
[1.192s] -- Up-to-date symlink: /home/dj/yolo_ws/install/yolo_msgs/share/yolo_msgs/msg/BoundingBox2D.msg
[1.192s] -- Up-to-date symlink: /home/dj/yolo_ws/install/yolo_msgs/share/yolo_msgs/msg/BoundingBox3D.msg
[1.192s] -- Up-to-date symlink: /home/dj/yolo_ws/install/yolo_msgs/share/yolo_msgs/msg/Mask.msg
[1.192s] -- Up-to-date symlink: /home/dj/yolo_ws/install/yolo_msgs/share/yolo_msgs/msg/KeyPoint2D.msg
[1.193s] -- Up-to-date symlink: /home/dj/yolo_ws/install/yolo_msgs/share/yolo_msgs/msg/KeyPoint2DArray.msg
[1.193s] -- Up-to-date symlink: /home/dj/yolo_ws/install/yolo_msgs/share/yolo_msgs/msg/KeyPoint3D.msg
[1.193s] -- Up-to-date symlink: /home/dj/yolo_ws/install/yolo_msgs/share/yolo_msgs/msg/KeyPoint3DArray.msg
[1.193s] -- Up-to-date symlink: /home/dj/yolo_ws/install/yolo_msgs/share/yolo_msgs/msg/Detection.msg
[1.193s] -- Up-to-date symlink: /home/dj/yolo_ws/install/yolo_msgs/share/yolo_msgs/msg/DetectionArray.msg
[1.193s] -- Up-to-date symlink: /home/dj/yolo_ws/install/yolo_msgs/share/yolo_msgs/srv/SetClasses.srv
[1.193s] -- Up-to-date symlink: /home/dj/yolo_ws/install/yolo_msgs/share/yolo_msgs/srv/SetClasses_Request.msg
[1.193s] -- Up-to-date symlink: /home/dj/yolo_ws/install/yolo_msgs/share/yolo_msgs/srv/SetClasses_Response.msg
[1.193s] -- Up-to-date symlink: /home/dj/yolo_ws/install/yolo_msgs/share/ament_index/resource_index/package_run_dependencies/yolo_msgs
[1.193s] -- Up-to-date symlink: /home/dj/yolo_ws/install/yolo_msgs/share/ament_index/resource_index/parent_prefix_path/yolo_msgs
[1.193s] -- Up-to-date symlink: /home/dj/yolo_ws/install/yolo_msgs/share/yolo_msgs/environment/ament_prefix_path.sh
[1.193s] -- Up-to-date symlink: /home/dj/yolo_ws/install/yolo_msgs/share/yolo_msgs/environment/ament_prefix_path.dsv
[1.194s] -- Up-to-date symlink: /home/dj/yolo_ws/install/yolo_msgs/share/yolo_msgs/environment/path.sh
[1.194s] -- Up-to-date symlink: /home/dj/yolo_ws/install/yolo_msgs/share/yolo_msgs/environment/path.dsv
[1.194s] -- Up-to-date symlink: /home/dj/yolo_ws/install/yolo_msgs/share/yolo_msgs/local_setup.bash
[1.194s] -- Up-to-date symlink: /home/dj/yolo_ws/install/yolo_msgs/share/yolo_msgs/local_setup.sh
[1.194s] -- Up-to-date symlink: /home/dj/yolo_ws/install/yolo_msgs/share/yolo_msgs/local_setup.zsh
[1.194s] -- Up-to-date symlink: /home/dj/yolo_ws/install/yolo_msgs/share/yolo_msgs/local_setup.dsv
[1.194s] -- Symlinking: /home/dj/yolo_ws/install/yolo_msgs/share/yolo_msgs/package.dsv
[1.201s] -- Up-to-date symlink: /home/dj/yolo_ws/install/yolo_msgs/share/ament_index/resource_index/packages/yolo_msgs
[1.201s] -- Up-to-date symlink: /home/dj/yolo_ws/install/yolo_msgs/share/yolo_msgs/cmake/rosidl_cmake-extras.cmake
[1.201s] -- Up-to-date symlink: /home/dj/yolo_ws/install/yolo_msgs/share/yolo_msgs/cmake/ament_cmake_export_dependencies-extras.cmake
[1.201s] -- Up-to-date symlink: /home/dj/yolo_ws/install/yolo_msgs/share/yolo_msgs/cmake/ament_cmake_export_include_directories-extras.cmake
[1.201s] -- Up-to-date symlink: /home/dj/yolo_ws/install/yolo_msgs/share/yolo_msgs/cmake/ament_cmake_export_libraries-extras.cmake
[1.201s] -- Up-to-date symlink: /home/dj/yolo_ws/install/yolo_msgs/share/yolo_msgs/cmake/ament_cmake_export_targets-extras.cmake
[1.202s] -- Up-to-date symlink: /home/dj/yolo_ws/install/yolo_msgs/share/yolo_msgs/cmake/rosidl_cmake_export_typesupport_targets-extras.cmake
[1.202s] -- Up-to-date symlink: /home/dj/yolo_ws/install/yolo_msgs/share/yolo_msgs/cmake/rosidl_cmake_export_typesupport_libraries-extras.cmake
[1.202s] -- Up-to-date symlink: /home/dj/yolo_ws/install/yolo_msgs/share/yolo_msgs/cmake/yolo_msgsConfig.cmake
[1.202s] -- Up-to-date symlink: /home/dj/yolo_ws/install/yolo_msgs/share/yolo_msgs/cmake/yolo_msgsConfig-version.cmake
[1.202s] -- Up-to-date symlink: /home/dj/yolo_ws/install/yolo_msgs/share/yolo_msgs/package.xml
[1.202s] -- Up-to-date: /home/dj/yolo_ws/install/yolo_msgs/lib/libyolo_msgs__rosidl_generator_c.so
[1.202s] -- Up-to-date: /home/dj/yolo_ws/install/yolo_msgs/lib/libyolo_msgs__rosidl_typesupport_fastrtps_c.so
[1.202s] -- Up-to-date: /home/dj/yolo_ws/install/yolo_msgs/lib/libyolo_msgs__rosidl_typesupport_introspection_c.so
[1.203s] -- Up-to-date: /home/dj/yolo_ws/install/yolo_msgs/lib/libyolo_msgs__rosidl_typesupport_c.so
[1.203s] -- Up-to-date: /home/dj/yolo_ws/install/yolo_msgs/lib/libyolo_msgs__rosidl_typesupport_fastrtps_cpp.so
[1.203s] -- Up-to-date: /home/dj/yolo_ws/install/yolo_msgs/lib/libyolo_msgs__rosidl_typesupport_introspection_cpp.so
[1.203s] -- Up-to-date: /home/dj/yolo_ws/install/yolo_msgs/lib/libyolo_msgs__rosidl_typesupport_cpp.so
[1.226s] Listing '/home/dj/yolo_ws/install/yolo_msgs/local/lib/python3.10/dist-packages/yolo_msgs'...
[1.226s] Compiling '/home/dj/yolo_ws/install/yolo_msgs/local/lib/python3.10/dist-packages/yolo_msgs/__init__.py'...
[1.226s] Listing '/home/dj/yolo_ws/install/yolo_msgs/local/lib/python3.10/dist-packages/yolo_msgs/msg'...
[1.226s] Listing '/home/dj/yolo_ws/install/yolo_msgs/local/lib/python3.10/dist-packages/yolo_msgs/srv'...
[1.229s] -- Up-to-date: /home/dj/yolo_ws/install/yolo_msgs/lib/libyolo_msgs__rosidl_generator_py.so
[1.230s] -- Up-to-date: /home/dj/yolo_ws/install/yolo_msgs/share/yolo_msgs/cmake/export_yolo_msgs__rosidl_generator_cExport.cmake
[1.230s] -- Up-to-date: /home/dj/yolo_ws/install/yolo_msgs/share/yolo_msgs/cmake/export_yolo_msgs__rosidl_generator_cExport-release.cmake
[1.230s] -- Up-to-date: /home/dj/yolo_ws/install/yolo_msgs/share/yolo_msgs/cmake/export_yolo_msgs__rosidl_typesupport_fastrtps_cExport.cmake
[1.230s] -- Up-to-date: /home/dj/yolo_ws/install/yolo_msgs/share/yolo_msgs/cmake/export_yolo_msgs__rosidl_typesupport_fastrtps_cExport-release.cmake
[1.230s] -- Up-to-date: /home/dj/yolo_ws/install/yolo_msgs/share/yolo_msgs/cmake/yolo_msgs__rosidl_typesupport_introspection_cExport.cmake
[1.230s] -- Up-to-date: /home/dj/yolo_ws/install/yolo_msgs/share/yolo_msgs/cmake/yolo_msgs__rosidl_typesupport_introspection_cExport-release.cmake
[1.230s] -- Up-to-date: /home/dj/yolo_ws/install/yolo_msgs/share/yolo_msgs/cmake/yolo_msgs__rosidl_typesupport_cExport.cmake
[1.230s] -- Up-to-date: /home/dj/yolo_ws/install/yolo_msgs/share/yolo_msgs/cmake/yolo_msgs__rosidl_typesupport_cExport-release.cmake
[1.230s] -- Up-to-date: /home/dj/yolo_ws/install/yolo_msgs/share/yolo_msgs/cmake/export_yolo_msgs__rosidl_generator_cppExport.cmake
[1.230s] -- Up-to-date: /home/dj/yolo_ws/install/yolo_msgs/share/yolo_msgs/cmake/export_yolo_msgs__rosidl_typesupport_fastrtps_cppExport.cmake
[1.230s] -- Up-to-date: /home/dj/yolo_ws/install/yolo_msgs/share/yolo_msgs/cmake/export_yolo_msgs__rosidl_typesupport_fastrtps_cppExport-release.cmake
[1.231s] -- Up-to-date: /home/dj/yolo_ws/install/yolo_msgs/share/yolo_msgs/cmake/yolo_msgs__rosidl_typesupport_introspection_cppExport.cmake
[1.231s] -- Up-to-date: /home/dj/yolo_ws/install/yolo_msgs/share/yolo_msgs/cmake/yolo_msgs__rosidl_typesupport_introspection_cppExport-release.cmake
[1.231s] -- Up-to-date: /home/dj/yolo_ws/install/yolo_msgs/share/yolo_msgs/cmake/yolo_msgs__rosidl_typesupport_cppExport.cmake
[1.231s] -- Up-to-date: /home/dj/yolo_ws/install/yolo_msgs/share/yolo_msgs/cmake/yolo_msgs__rosidl_typesupport_cppExport-release.cmake
[1.231s] -- Up-to-date: /home/dj/yolo_ws/install/yolo_msgs/share/yolo_msgs/cmake/export_yolo_msgs__rosidl_generator_pyExport.cmake
[1.231s] -- Up-to-date: /home/dj/yolo_ws/install/yolo_msgs/share/yolo_msgs/cmake/export_yolo_msgs__rosidl_generator_pyExport-release.cmake
[1.233s] Invoked command in '/home/dj/yolo_ws/build/yolo_msgs' returned '0': CMAKE_PREFIX_PATH=${CMAKE_PREFIX_PATH}:/home/dj/yolo_ws/install/yolo_ros:/home/dj/yolo_ws/install/deep_sort_ros:/opt/ros/humble /usr/bin/cmake --install /home/dj/yolo_ws/build/yolo_msgs
