[0.465s] Invoking command in '/home/dj/yolo_ws/build/yolo_ros': CMAKE_PREFIX_PATH=/home/dj/yolo_ws/install/yolo_msgs:/home/dj/yolo_ws/install/yolo_bringup PYTHONPATH=/home/dj/yolo_ws/build/yolo_ros/prefix_override:/usr/lib/python3/dist-packages/colcon_core/task/python/colcon_distutils_commands:/home/dj/yolo_ws/install/yolo_ros/lib/python3.10/site-packages:${PYTHONPATH} /usr/bin/python3 -W ignore:setup.py install is deprecated -W ignore:easy_install command is deprecated setup.py develop --editable --build-directory /home/dj/yolo_ws/build/yolo_ros/build --no-deps symlink_data
[0.557s] /home/dj/.local/lib/python3.10/site-packages/setuptools/_distutils/dist.py:261: UserWarning: Unknown distribution option: 'tests_require'
[0.557s]   warnings.warn(msg)
[0.669s] running develop
[0.803s] running egg_info
[0.813s] writing yolo_ros.egg-info/PKG-INFO
[0.813s] writing dependency_links to yolo_ros.egg-info/dependency_links.txt
[0.813s] writing entry points to yolo_ros.egg-info/entry_points.txt
[0.814s] writing requirements to yolo_ros.egg-info/requires.txt
[0.814s] writing top-level names to yolo_ros.egg-info/top_level.txt
[0.841s] reading manifest file 'yolo_ros.egg-info/SOURCES.txt'
[0.842s] writing manifest file 'yolo_ros.egg-info/SOURCES.txt'
[0.852s] running build_ext
[0.852s] Creating /home/dj/yolo_ws/install/yolo_ros/lib/python3.10/site-packages/yolo-ros.egg-link (link to .)
[0.853s] Installing debug_node script to /home/dj/yolo_ws/install/yolo_ros/lib/yolo_ros
[0.853s] Installing detect_3d_node script to /home/dj/yolo_ws/install/yolo_ros/lib/yolo_ros
[0.853s] Installing object_control_node script to /home/dj/yolo_ws/install/yolo_ros/lib/yolo_ros
[0.853s] Installing tracking_node script to /home/dj/yolo_ws/install/yolo_ros/lib/yolo_ros
[0.853s] Installing yolo_node script to /home/dj/yolo_ws/install/yolo_ros/lib/yolo_ros
[0.853s] 
[0.854s] Installed /home/dj/yolo_ws/build/yolo_ros
[0.854s] running symlink_data
[0.876s] Invoked command in '/home/dj/yolo_ws/build/yolo_ros' returned '0': CMAKE_PREFIX_PATH=/home/dj/yolo_ws/install/yolo_msgs:/home/dj/yolo_ws/install/yolo_bringup PYTHONPATH=/home/dj/yolo_ws/build/yolo_ros/prefix_override:/usr/lib/python3/dist-packages/colcon_core/task/python/colcon_distutils_commands:/home/dj/yolo_ws/install/yolo_ros/lib/python3.10/site-packages:${PYTHONPATH} /usr/bin/python3 -W ignore:setup.py install is deprecated -W ignore:easy_install command is deprecated setup.py develop --editable --build-directory /home/dj/yolo_ws/build/yolo_ros/build --no-deps symlink_data
