[0.194s] Invoking command in '/home/dj/yolo_ws/build/yolo_move': /usr/bin/cmake /home/dj/yolo_ws/src/yolo_move/src -DCATKIN_INSTALL_INTO_PREFIX_ROOT=0 -DCATKIN_SYMLINK_INSTALL=ON -DCMAKE_INSTALL_PREFIX=/home/dj/yolo_ws/install/yolo_move
[0.240s] -- The C compiler identification is GNU 11.4.0
[0.287s] -- The CXX compiler identification is GNU 11.4.0
[0.293s] -- Detecting C compiler ABI info
[0.353s] -- Detecting C compiler ABI info - done
[0.358s] -- Check for working C compiler: /usr/bin/cc - skipped
[0.358s] -- Detecting C compile features
[0.358s] -- Detecting C compile features - done
[0.360s] -- Detecting CXX compiler ABI info
[0.428s] -- Detecting CXX compiler ABI info - done
[0.432s] -- Check for working CXX compiler: /usr/bin/c++ - skipped
[0.433s] -- Detecting CXX compile features
[0.433s] -- Detecting CXX compile features - done
[0.434s] -- Found rclcpp: 16.0.10 (/opt/ros/humble/share/rclcpp/cmake)
[0.670s] -- Found Python3: /usr/bin/python3 (found version "3.10.12") found components: Interpreter 
[0.759s] -- Found rosidl_generator_c: 3.1.5 (/opt/ros/humble/share/rosidl_generator_c/cmake)
[0.762s] -- Found rosidl_adapter: 3.1.5 (/opt/ros/humble/share/rosidl_adapter/cmake)
[0.767s] -- Found rosidl_generator_cpp: 3.1.5 (/opt/ros/humble/share/rosidl_generator_cpp/cmake)
[0.775s] -- Using all available rosidl_typesupport_c: rosidl_typesupport_fastrtps_c;rosidl_typesupport_introspection_c
[0.785s] -- Using all available rosidl_typesupport_cpp: rosidl_typesupport_fastrtps_cpp;rosidl_typesupport_introspection_cpp
[0.813s] -- Found rmw_implementation_cmake: 6.1.2 (/opt/ros/humble/share/rmw_implementation_cmake/cmake)
[0.815s] -- Found rmw_fastrtps_cpp: 6.2.7 (/opt/ros/humble/share/rmw_fastrtps_cpp/cmake)
[0.880s] -- Found OpenSSL: /usr/lib/x86_64-linux-gnu/libcrypto.so (found version "3.0.2")  
[0.901s] -- Found FastRTPS: /opt/ros/humble/include  
[0.934s] -- Using RMW implementation 'rmw_fastrtps_cpp' as default
[0.940s] -- Looking for pthread.h
[0.998s] -- Looking for pthread.h - found
[0.998s] -- Performing Test CMAKE_HAVE_LIBC_PTHREAD
[1.058s] -- Performing Test CMAKE_HAVE_LIBC_PTHREAD - Success
[1.059s] -- Found Threads: TRUE  
[1.089s] -- Found geometry_msgs: 4.2.4 (/opt/ros/humble/share/geometry_msgs/cmake)
[1.097s] -- Configuring done
[1.098s] [31mCMake Error at CMakeLists.txt:10 (add_executable):
[1.099s]   Cannot find source file:
[1.099s] 
[1.099s]     src/move.cpp
[1.099s] 
[1.099s]   Tried extensions .c .C .c++ .cc .cpp .cxx .cu .mpp .m .M .mm .ixx .cppm .h
[1.099s]   .hh .h++ .hm .hpp .hxx .in .txx .f .F .for .f77 .f90 .f95 .f03 .hip .ispc
[1.099s] 
[1.099s] [0m
[1.099s] [31mCMake Error at CMakeLists.txt:10 (add_executable):
[1.099s]   No SOURCES given to target: move
[1.099s] 
[1.099s] [0m
[1.099s] [0mCMake Generate step failed.  Build files cannot be regenerated correctly.[0m
[1.106s] Invoked command in '/home/dj/yolo_ws/build/yolo_move' returned '1': /usr/bin/cmake /home/dj/yolo_ws/src/yolo_move/src -DCATKIN_INSTALL_INTO_PREFIX_ROOT=0 -DCATKIN_SYMLINK_INSTALL=ON -DCMAKE_INSTALL_PREFIX=/home/dj/yolo_ws/install/yolo_move
