[1.452s] Invoking command in '/home/dj/yolo_ws/build/yolo_ros': CMAKE_PREFIX_PATH=/home/dj/yolo_ws/install/yolo_msgs:/home/dj/yolo_ws/install/yolo_bringup PYTHONPATH=/home/dj/yolo_ws/build/yolo_ros/prefix_override:/usr/lib/python3/dist-packages/colcon_core/task/python/colcon_distutils_commands:/home/dj/yolo_ws/install/yolo_ros/lib/python3.10/site-packages:${PYTHONPATH} /usr/bin/python3 -W ignore:setup.py install is deprecated -W ignore:easy_install command is deprecated setup.py develop --editable --build-directory /home/dj/yolo_ws/build/yolo_ros/build --no-deps symlink_data
[1.759s] /home/dj/.local/lib/python3.10/site-packages/setuptools/_distutils/dist.py:261: UserWarning: Unknown distribution option: 'tests_require'
[1.759s]   warnings.warn(msg)
[2.125s] running develop
[2.596s] running egg_info
[2.631s] writing yolo_ros.egg-info/PKG-INFO
[2.632s] writing dependency_links to yolo_ros.egg-info/dependency_links.txt
[2.633s] writing entry points to yolo_ros.egg-info/entry_points.txt
[2.633s] writing requirements to yolo_ros.egg-info/requires.txt
[2.633s] writing top-level names to yolo_ros.egg-info/top_level.txt
[2.705s] reading manifest file 'yolo_ros.egg-info/SOURCES.txt'
[2.708s] writing manifest file 'yolo_ros.egg-info/SOURCES.txt'
[2.760s] running build_ext
[2.761s] Creating /home/dj/yolo_ws/install/yolo_ros/lib/python3.10/site-packages/yolo-ros.egg-link (link to .)
[2.762s] Installing debug_node script to /home/dj/yolo_ws/install/yolo_ros/lib/yolo_ros
[2.762s] Installing detect_3d_node script to /home/dj/yolo_ws/install/yolo_ros/lib/yolo_ros
[2.763s] Installing object_control_node script to /home/dj/yolo_ws/install/yolo_ros/lib/yolo_ros
[2.763s] Installing tracking_node script to /home/dj/yolo_ws/install/yolo_ros/lib/yolo_ros
[2.763s] Installing yolo_node script to /home/dj/yolo_ws/install/yolo_ros/lib/yolo_ros
[2.764s] 
[2.764s] Installed /home/dj/yolo_ws/build/yolo_ros
[2.764s] running symlink_data
[2.829s] Invoked command in '/home/dj/yolo_ws/build/yolo_ros' returned '0': CMAKE_PREFIX_PATH=/home/dj/yolo_ws/install/yolo_msgs:/home/dj/yolo_ws/install/yolo_bringup PYTHONPATH=/home/dj/yolo_ws/build/yolo_ros/prefix_override:/usr/lib/python3/dist-packages/colcon_core/task/python/colcon_distutils_commands:/home/dj/yolo_ws/install/yolo_ros/lib/python3.10/site-packages:${PYTHONPATH} /usr/bin/python3 -W ignore:setup.py install is deprecated -W ignore:easy_install command is deprecated setup.py develop --editable --build-directory /home/dj/yolo_ws/build/yolo_ros/build --no-deps symlink_data
