[0.568s] Invoking command in '/home/dj/yolo_ws/build/deep_sort_ros': PYTHONPATH=/home/dj/yolo_ws/build/deep_sort_ros/prefix_override:/usr/lib/python3/dist-packages/colcon_core/task/python/colcon_distutils_commands:/home/dj/yolo_ws/install/deep_sort_ros/lib/python3.10/site-packages:${PYTHONPATH} /usr/bin/python3 -W ignore:setup.py install is deprecated -W ignore:easy_install command is deprecated setup.py develop --editable --build-directory /home/dj/yolo_ws/build/deep_sort_ros/build --no-deps symlink_data
[0.662s] /home/dj/.local/lib/python3.10/site-packages/setuptools/_distutils/dist.py:261: UserWarning: Unknown distribution option: 'tests_require'
[0.662s]   warnings.warn(msg)
[0.778s] running develop
[0.934s] running egg_info
[0.947s] creating deep_sort_ros.egg-info
[0.947s] writing deep_sort_ros.egg-info/PKG-INFO
[0.947s] writing dependency_links to deep_sort_ros.egg-info/dependency_links.txt
[0.947s] writing requirements to deep_sort_ros.egg-info/requires.txt
[0.948s] writing top-level names to deep_sort_ros.egg-info/top_level.txt
[0.948s] writing manifest file 'deep_sort_ros.egg-info/SOURCES.txt'
[0.980s] reading manifest file 'deep_sort_ros.egg-info/SOURCES.txt'
[0.980s] writing manifest file 'deep_sort_ros.egg-info/SOURCES.txt'
[0.992s] running build_ext
[0.992s] Creating /home/dj/yolo_ws/install/deep_sort_ros/lib/python3.10/site-packages/deep-sort-ros.egg-link (link to .)
[0.992s] 
[0.992s] Installed /home/dj/yolo_ws/build/deep_sort_ros
[0.992s] running symlink_data
[0.992s] creating /home/dj/yolo_ws/install/deep_sort_ros/share/ament_index/resource_index/packages
[0.992s] symbolically linking /home/dj/yolo_ws/build/deep_sort_ros/resource/deep_sort_ros -> /home/dj/yolo_ws/install/deep_sort_ros/share/ament_index/resource_index/packages
[0.992s] symbolically linking /home/dj/yolo_ws/build/deep_sort_ros/package.xml -> /home/dj/yolo_ws/install/deep_sort_ros/share/deep_sort_ros
[1.041s] Invoked command in '/home/dj/yolo_ws/build/deep_sort_ros' returned '0': PYTHONPATH=/home/dj/yolo_ws/build/deep_sort_ros/prefix_override:/usr/lib/python3/dist-packages/colcon_core/task/python/colcon_distutils_commands:/home/dj/yolo_ws/install/deep_sort_ros/lib/python3.10/site-packages:${PYTHONPATH} /usr/bin/python3 -W ignore:setup.py install is deprecated -W ignore:easy_install command is deprecated setup.py develop --editable --build-directory /home/dj/yolo_ws/build/deep_sort_ros/build --no-deps symlink_data
