[1.618s] Invoking command in '/home/dj/yolo_ws/build/yolo_ros': CMAKE_PREFIX_PATH=/home/dj/yolo_ws/install/yolo_msgs:/home/dj/yolo_ws/install/yolo_bringup PYTHONPATH=/home/dj/yolo_ws/build/yolo_ros/prefix_override:/usr/lib/python3/dist-packages/colcon_core/task/python/colcon_distutils_commands:/home/dj/yolo_ws/install/yolo_ros/lib/python3.10/site-packages:${PYTHONPATH} /usr/bin/python3 -W ignore:setup.py install is deprecated -W ignore:easy_install command is deprecated setup.py develop --editable --build-directory /home/dj/yolo_ws/build/yolo_ros/build --no-deps symlink_data
[1.941s] /home/dj/.local/lib/python3.10/site-packages/setuptools/_distutils/dist.py:261: UserWarning: Unknown distribution option: 'tests_require'
[1.941s]   warnings.warn(msg)
[2.354s] running develop
[2.861s] running egg_info
[2.899s] writing yolo_ros.egg-info/PKG-INFO
[2.900s] writing dependency_links to yolo_ros.egg-info/dependency_links.txt
[2.901s] writing entry points to yolo_ros.egg-info/entry_points.txt
[2.901s] writing requirements to yolo_ros.egg-info/requires.txt
[2.901s] writing top-level names to yolo_ros.egg-info/top_level.txt
[3.004s] reading manifest file 'yolo_ros.egg-info/SOURCES.txt'
[3.007s] writing manifest file 'yolo_ros.egg-info/SOURCES.txt'
[3.048s] running build_ext
[3.048s] Creating /home/dj/yolo_ws/install/yolo_ros/lib/python3.10/site-packages/yolo-ros.egg-link (link to .)
[3.050s] Installing debug_node script to /home/dj/yolo_ws/install/yolo_ros/lib/yolo_ros
[3.050s] Installing detect_3d_node script to /home/dj/yolo_ws/install/yolo_ros/lib/yolo_ros
[3.051s] Installing object_control_node script to /home/dj/yolo_ws/install/yolo_ros/lib/yolo_ros
[3.051s] Installing tracking_node script to /home/dj/yolo_ws/install/yolo_ros/lib/yolo_ros
[3.051s] Installing yolo_node script to /home/dj/yolo_ws/install/yolo_ros/lib/yolo_ros
[3.052s] 
[3.052s] Installed /home/dj/yolo_ws/build/yolo_ros
[3.052s] running symlink_data
[3.150s] Invoked command in '/home/dj/yolo_ws/build/yolo_ros' returned '0': CMAKE_PREFIX_PATH=/home/dj/yolo_ws/install/yolo_msgs:/home/dj/yolo_ws/install/yolo_bringup PYTHONPATH=/home/dj/yolo_ws/build/yolo_ros/prefix_override:/usr/lib/python3/dist-packages/colcon_core/task/python/colcon_distutils_commands:/home/dj/yolo_ws/install/yolo_ros/lib/python3.10/site-packages:${PYTHONPATH} /usr/bin/python3 -W ignore:setup.py install is deprecated -W ignore:easy_install command is deprecated setup.py develop --editable --build-directory /home/dj/yolo_ws/build/yolo_ros/build --no-deps symlink_data
