[0.476s] Invoking command in '/home/dj/yolo_ws/build/yolo_ros': CMAKE_PREFIX_PATH=/home/dj/yolo_ws/install/yolo_msgs:/home/dj/yolo_ws/install/yolo_bringup PYTHONPATH=/home/dj/yolo_ws/build/yolo_ros/prefix_override:/usr/lib/python3/dist-packages/colcon_core/task/python/colcon_distutils_commands:/home/dj/yolo_ws/install/yolo_ros/lib/python3.10/site-packages:${PYTHONPATH} /usr/bin/python3 -W ignore:setup.py install is deprecated -W ignore:easy_install command is deprecated setup.py develop --editable --build-directory /home/dj/yolo_ws/build/yolo_ros/build --no-deps symlink_data
[0.574s] /home/dj/.local/lib/python3.10/site-packages/setuptools/_distutils/dist.py:261: UserWarning: Unknown distribution option: 'tests_require'
[0.574s]   warnings.warn(msg)
[0.693s] running develop
[0.834s] running egg_info
[0.844s] writing yolo_ros.egg-info/PKG-INFO
[0.844s] writing dependency_links to yolo_ros.egg-info/dependency_links.txt
[0.844s] writing entry points to yolo_ros.egg-info/entry_points.txt
[0.845s] writing requirements to yolo_ros.egg-info/requires.txt
[0.845s] writing top-level names to yolo_ros.egg-info/top_level.txt
[0.872s] reading manifest file 'yolo_ros.egg-info/SOURCES.txt'
[0.873s] writing manifest file 'yolo_ros.egg-info/SOURCES.txt'
[0.884s] running build_ext
[0.884s] Creating /home/dj/yolo_ws/install/yolo_ros/lib/python3.10/site-packages/yolo-ros.egg-link (link to .)
[0.884s] Installing debug_node script to /home/dj/yolo_ws/install/yolo_ros/lib/yolo_ros
[0.884s] Installing detect_3d_node script to /home/dj/yolo_ws/install/yolo_ros/lib/yolo_ros
[0.885s] Installing object_control_node script to /home/dj/yolo_ws/install/yolo_ros/lib/yolo_ros
[0.885s] Installing tracking_node script to /home/dj/yolo_ws/install/yolo_ros/lib/yolo_ros
[0.885s] Installing yolo_node script to /home/dj/yolo_ws/install/yolo_ros/lib/yolo_ros
[0.885s] 
[0.885s] Installed /home/dj/yolo_ws/build/yolo_ros
[0.885s] running symlink_data
[0.911s] Invoked command in '/home/dj/yolo_ws/build/yolo_ros' returned '0': CMAKE_PREFIX_PATH=/home/dj/yolo_ws/install/yolo_msgs:/home/dj/yolo_ws/install/yolo_bringup PYTHONPATH=/home/dj/yolo_ws/build/yolo_ros/prefix_override:/usr/lib/python3/dist-packages/colcon_core/task/python/colcon_distutils_commands:/home/dj/yolo_ws/install/yolo_ros/lib/python3.10/site-packages:${PYTHONPATH} /usr/bin/python3 -W ignore:setup.py install is deprecated -W ignore:easy_install command is deprecated setup.py develop --editable --build-directory /home/dj/yolo_ws/build/yolo_ros/build --no-deps symlink_data
