[0.020s] Invoking command in '/home/dj/yolo_ws/build/yolo_msgs': CMAKE_PREFIX_PATH=/opt/ros/humble /usr/bin/cmake --build /home/dj/yolo_ws/build/yolo_msgs -- -j16 -l16
[0.110s] [  0%] Built target yolo_msgs__cpp
[0.124s] [ 12%] Built target yolo_msgs__rosidl_generator_c
[0.125s] [ 12%] Built target ament_cmake_python_symlink_yolo_msgs
[0.161s] [ 48%] Built target yolo_msgs__rosidl_typesupport_cpp
[0.161s] [ 48%] Built target yolo_msgs__rosidl_typesupport_introspection_cpp
[0.161s] [ 48%] Built target yolo_msgs__rosidl_typesupport_fastrtps_cpp
[0.163s] [ 60%] Built target yolo_msgs__rosidl_typesupport_c
[0.170s] [ 84%] Built target yolo_msgs__rosidl_typesupport_fastrtps_c
[0.170s] [ 84%] Built target yolo_msgs__rosidl_typesupport_introspection_c
[0.196s] [ 84%] Built target yolo_msgs
[0.223s] [ 85%] Built target yolo_msgs__py
[0.256s] [ 96%] Built target yolo_msgs__rosidl_generator_py
[0.280s] [100%] Built target yolo_msgs__rosidl_typesupport_introspection_c__pyext
[0.280s] [100%] Built target yolo_msgs__rosidl_typesupport_fastrtps_c__pyext
[0.280s] [100%] Built target yolo_msgs__rosidl_typesupport_c__pyext
[0.368s] running egg_info
[0.387s] writing yolo_msgs.egg-info/PKG-INFO
[0.387s] writing dependency_links to yolo_msgs.egg-info/dependency_links.txt
[0.388s] writing top-level names to yolo_msgs.egg-info/top_level.txt
[0.437s] reading manifest file 'yolo_msgs.egg-info/SOURCES.txt'
[0.438s] writing manifest file 'yolo_msgs.egg-info/SOURCES.txt'
[0.468s] [100%] Built target ament_cmake_python_build_yolo_msgs_egg
[0.482s] Invoked command in '/home/dj/yolo_ws/build/yolo_msgs' returned '0': CMAKE_PREFIX_PATH=/opt/ros/humble /usr/bin/cmake --build /home/dj/yolo_ws/build/yolo_msgs -- -j16 -l16
[0.492s] Invoking command in '/home/dj/yolo_ws/build/yolo_msgs': CMAKE_PREFIX_PATH=/opt/ros/humble /usr/bin/cmake --install /home/dj/yolo_ws/build/yolo_msgs
[0.501s] -- Install configuration: "release"
[0.505s] -- Execute custom install script
[0.505s] -- Up-to-date symlink: /home/dj/yolo_ws/install/yolo_msgs/share/ament_index/resource_index/rosidl_interfaces/yolo_msgs
[0.507s] -- Up-to-date symlink: /home/dj/yolo_ws/install/yolo_msgs/include/yolo_msgs/yolo_msgs/msg/bounding_box2_d.h
[0.507s] -- Up-to-date symlink: /home/dj/yolo_ws/install/yolo_msgs/include/yolo_msgs/yolo_msgs/msg/bounding_box3_d.h
[0.507s] -- Up-to-date symlink: /home/dj/yolo_ws/install/yolo_msgs/include/yolo_msgs/yolo_msgs/msg/detail/bounding_box2_d__functions.h
[0.507s] -- Up-to-date symlink: /home/dj/yolo_ws/install/yolo_msgs/include/yolo_msgs/yolo_msgs/msg/detail/bounding_box2_d__struct.h
[0.507s] -- Up-to-date symlink: /home/dj/yolo_ws/install/yolo_msgs/include/yolo_msgs/yolo_msgs/msg/detail/bounding_box2_d__type_support.h
[0.507s] -- Up-to-date symlink: /home/dj/yolo_ws/install/yolo_msgs/include/yolo_msgs/yolo_msgs/msg/detail/bounding_box3_d__functions.h
[0.507s] -- Up-to-date symlink: /home/dj/yolo_ws/install/yolo_msgs/include/yolo_msgs/yolo_msgs/msg/detail/bounding_box3_d__struct.h
[0.508s] -- Up-to-date symlink: /home/dj/yolo_ws/install/yolo_msgs/include/yolo_msgs/yolo_msgs/msg/detail/bounding_box3_d__type_support.h
[0.508s] -- Up-to-date symlink: /home/dj/yolo_ws/install/yolo_msgs/include/yolo_msgs/yolo_msgs/msg/detail/detection__functions.h
[0.508s] -- Up-to-date symlink: /home/dj/yolo_ws/install/yolo_msgs/include/yolo_msgs/yolo_msgs/msg/detail/detection__struct.h
[0.508s] -- Up-to-date symlink: /home/dj/yolo_ws/install/yolo_msgs/include/yolo_msgs/yolo_msgs/msg/detail/detection__type_support.h
[0.508s] -- Up-to-date symlink: /home/dj/yolo_ws/install/yolo_msgs/include/yolo_msgs/yolo_msgs/msg/detail/detection_array__functions.h
[0.508s] -- Up-to-date symlink: /home/dj/yolo_ws/install/yolo_msgs/include/yolo_msgs/yolo_msgs/msg/detail/detection_array__struct.h
[0.508s] -- Up-to-date symlink: /home/dj/yolo_ws/install/yolo_msgs/include/yolo_msgs/yolo_msgs/msg/detail/detection_array__type_support.h
[0.508s] -- Up-to-date symlink: /home/dj/yolo_ws/install/yolo_msgs/include/yolo_msgs/yolo_msgs/msg/detail/key_point2_d__functions.h
[0.508s] -- Up-to-date symlink: /home/dj/yolo_ws/install/yolo_msgs/include/yolo_msgs/yolo_msgs/msg/detail/key_point2_d__struct.h
[0.509s] -- Up-to-date symlink: /home/dj/yolo_ws/install/yolo_msgs/include/yolo_msgs/yolo_msgs/msg/detail/key_point2_d__type_support.h
[0.509s] -- Up-to-date symlink: /home/dj/yolo_ws/install/yolo_msgs/include/yolo_msgs/yolo_msgs/msg/detail/key_point2_d_array__functions.h
[0.509s] -- Up-to-date symlink: /home/dj/yolo_ws/install/yolo_msgs/include/yolo_msgs/yolo_msgs/msg/detail/key_point2_d_array__struct.h
[0.509s] -- Up-to-date symlink: /home/dj/yolo_ws/install/yolo_msgs/include/yolo_msgs/yolo_msgs/msg/detail/key_point2_d_array__type_support.h
[0.509s] -- Up-to-date symlink: /home/dj/yolo_ws/install/yolo_msgs/include/yolo_msgs/yolo_msgs/msg/detail/key_point3_d__functions.h
[0.509s] -- Up-to-date symlink: /home/dj/yolo_ws/install/yolo_msgs/include/yolo_msgs/yolo_msgs/msg/detail/key_point3_d__struct.h
[0.509s] -- Up-to-date symlink: /home/dj/yolo_ws/install/yolo_msgs/include/yolo_msgs/yolo_msgs/msg/detail/key_point3_d__type_support.h
[0.509s] -- Up-to-date symlink: /home/dj/yolo_ws/install/yolo_msgs/include/yolo_msgs/yolo_msgs/msg/detail/key_point3_d_array__functions.h
[0.510s] -- Up-to-date symlink: /home/dj/yolo_ws/install/yolo_msgs/include/yolo_msgs/yolo_msgs/msg/detail/key_point3_d_array__struct.h
[0.510s] -- Up-to-date symlink: /home/dj/yolo_ws/install/yolo_msgs/include/yolo_msgs/yolo_msgs/msg/detail/key_point3_d_array__type_support.h
[0.510s] -- Up-to-date symlink: /home/dj/yolo_ws/install/yolo_msgs/include/yolo_msgs/yolo_msgs/msg/detail/mask__functions.h
[0.510s] -- Up-to-date symlink: /home/dj/yolo_ws/install/yolo_msgs/include/yolo_msgs/yolo_msgs/msg/detail/mask__struct.h
[0.510s] -- Up-to-date symlink: /home/dj/yolo_ws/install/yolo_msgs/include/yolo_msgs/yolo_msgs/msg/detail/mask__type_support.h
[0.510s] -- Up-to-date symlink: /home/dj/yolo_ws/install/yolo_msgs/include/yolo_msgs/yolo_msgs/msg/detail/point2_d__functions.h
[0.510s] -- Up-to-date symlink: /home/dj/yolo_ws/install/yolo_msgs/include/yolo_msgs/yolo_msgs/msg/detail/point2_d__struct.h
[0.510s] -- Up-to-date symlink: /home/dj/yolo_ws/install/yolo_msgs/include/yolo_msgs/yolo_msgs/msg/detail/point2_d__type_support.h
[0.510s] -- Up-to-date symlink: /home/dj/yolo_ws/install/yolo_msgs/include/yolo_msgs/yolo_msgs/msg/detail/pose2_d__functions.h
[0.511s] -- Up-to-date symlink: /home/dj/yolo_ws/install/yolo_msgs/include/yolo_msgs/yolo_msgs/msg/detail/pose2_d__struct.h
[0.511s] -- Up-to-date symlink: /home/dj/yolo_ws/install/yolo_msgs/include/yolo_msgs/yolo_msgs/msg/detail/pose2_d__type_support.h
[0.511s] -- Up-to-date symlink: /home/dj/yolo_ws/install/yolo_msgs/include/yolo_msgs/yolo_msgs/msg/detail/vector2__functions.h
[0.511s] -- Up-to-date symlink: /home/dj/yolo_ws/install/yolo_msgs/include/yolo_msgs/yolo_msgs/msg/detail/vector2__struct.h
[0.511s] -- Up-to-date symlink: /home/dj/yolo_ws/install/yolo_msgs/include/yolo_msgs/yolo_msgs/msg/detail/vector2__type_support.h
[0.511s] -- Up-to-date symlink: /home/dj/yolo_ws/install/yolo_msgs/include/yolo_msgs/yolo_msgs/msg/detection.h
[0.511s] -- Up-to-date symlink: /home/dj/yolo_ws/install/yolo_msgs/include/yolo_msgs/yolo_msgs/msg/detection_array.h
[0.511s] -- Up-to-date symlink: /home/dj/yolo_ws/install/yolo_msgs/include/yolo_msgs/yolo_msgs/msg/key_point2_d.h
[0.512s] -- Up-to-date symlink: /home/dj/yolo_ws/install/yolo_msgs/include/yolo_msgs/yolo_msgs/msg/key_point2_d_array.h
[0.512s] -- Up-to-date symlink: /home/dj/yolo_ws/install/yolo_msgs/include/yolo_msgs/yolo_msgs/msg/key_point3_d.h
[0.512s] -- Up-to-date symlink: /home/dj/yolo_ws/install/yolo_msgs/include/yolo_msgs/yolo_msgs/msg/key_point3_d_array.h
[0.512s] -- Up-to-date symlink: /home/dj/yolo_ws/install/yolo_msgs/include/yolo_msgs/yolo_msgs/msg/mask.h
[0.512s] -- Up-to-date symlink: /home/dj/yolo_ws/install/yolo_msgs/include/yolo_msgs/yolo_msgs/msg/point2_d.h
[0.512s] -- Up-to-date symlink: /home/dj/yolo_ws/install/yolo_msgs/include/yolo_msgs/yolo_msgs/msg/pose2_d.h
[0.512s] -- Up-to-date symlink: /home/dj/yolo_ws/install/yolo_msgs/include/yolo_msgs/yolo_msgs/msg/rosidl_generator_c__visibility_control.h
[0.512s] -- Up-to-date symlink: /home/dj/yolo_ws/install/yolo_msgs/include/yolo_msgs/yolo_msgs/msg/vector2.h
[0.512s] -- Up-to-date symlink: /home/dj/yolo_ws/install/yolo_msgs/include/yolo_msgs/yolo_msgs/srv/detail/set_classes__functions.h
[0.513s] -- Up-to-date symlink: /home/dj/yolo_ws/install/yolo_msgs/include/yolo_msgs/yolo_msgs/srv/detail/set_classes__struct.h
[0.513s] -- Up-to-date symlink: /home/dj/yolo_ws/install/yolo_msgs/include/yolo_msgs/yolo_msgs/srv/detail/set_classes__type_support.h
[0.513s] -- Up-to-date symlink: /home/dj/yolo_ws/install/yolo_msgs/include/yolo_msgs/yolo_msgs/srv/set_classes.h
[0.513s] -- Up-to-date symlink: /home/dj/yolo_ws/install/yolo_msgs/share/yolo_msgs/environment/library_path.sh
[0.513s] -- Up-to-date symlink: /home/dj/yolo_ws/install/yolo_msgs/share/yolo_msgs/environment/library_path.dsv
[0.514s] -- Up-to-date symlink: /home/dj/yolo_ws/install/yolo_msgs/include/yolo_msgs/yolo_msgs/msg/detail/bounding_box2_d__rosidl_typesupport_fastrtps_c.h
[0.514s] -- Up-to-date symlink: /home/dj/yolo_ws/install/yolo_msgs/include/yolo_msgs/yolo_msgs/msg/detail/bounding_box3_d__rosidl_typesupport_fastrtps_c.h
[0.514s] -- Up-to-date symlink: /home/dj/yolo_ws/install/yolo_msgs/include/yolo_msgs/yolo_msgs/msg/detail/detection__rosidl_typesupport_fastrtps_c.h
[0.514s] -- Up-to-date symlink: /home/dj/yolo_ws/install/yolo_msgs/include/yolo_msgs/yolo_msgs/msg/detail/detection_array__rosidl_typesupport_fastrtps_c.h
[0.514s] -- Up-to-date symlink: /home/dj/yolo_ws/install/yolo_msgs/include/yolo_msgs/yolo_msgs/msg/detail/key_point2_d__rosidl_typesupport_fastrtps_c.h
[0.515s] -- Up-to-date symlink: /home/dj/yolo_ws/install/yolo_msgs/include/yolo_msgs/yolo_msgs/msg/detail/key_point2_d_array__rosidl_typesupport_fastrtps_c.h
[0.515s] -- Up-to-date symlink: /home/dj/yolo_ws/install/yolo_msgs/include/yolo_msgs/yolo_msgs/msg/detail/key_point3_d__rosidl_typesupport_fastrtps_c.h
[0.515s] -- Up-to-date symlink: /home/dj/yolo_ws/install/yolo_msgs/include/yolo_msgs/yolo_msgs/msg/detail/key_point3_d_array__rosidl_typesupport_fastrtps_c.h
[0.515s] -- Up-to-date symlink: /home/dj/yolo_ws/install/yolo_msgs/include/yolo_msgs/yolo_msgs/msg/detail/mask__rosidl_typesupport_fastrtps_c.h
[0.515s] -- Up-to-date symlink: /home/dj/yolo_ws/install/yolo_msgs/include/yolo_msgs/yolo_msgs/msg/detail/point2_d__rosidl_typesupport_fastrtps_c.h
[0.515s] -- Up-to-date symlink: /home/dj/yolo_ws/install/yolo_msgs/include/yolo_msgs/yolo_msgs/msg/detail/pose2_d__rosidl_typesupport_fastrtps_c.h
[0.515s] -- Up-to-date symlink: /home/dj/yolo_ws/install/yolo_msgs/include/yolo_msgs/yolo_msgs/msg/detail/vector2__rosidl_typesupport_fastrtps_c.h
[0.515s] -- Up-to-date symlink: /home/dj/yolo_ws/install/yolo_msgs/include/yolo_msgs/yolo_msgs/msg/rosidl_typesupport_fastrtps_c__visibility_control.h
[0.515s] -- Up-to-date symlink: /home/dj/yolo_ws/install/yolo_msgs/include/yolo_msgs/yolo_msgs/srv/detail/set_classes__rosidl_typesupport_fastrtps_c.h
[0.516s] -- Up-to-date symlink: /home/dj/yolo_ws/install/yolo_msgs/include/yolo_msgs/yolo_msgs/msg/detail/bounding_box2_d__rosidl_typesupport_introspection_c.h
[0.516s] -- Up-to-date symlink: /home/dj/yolo_ws/install/yolo_msgs/include/yolo_msgs/yolo_msgs/msg/detail/bounding_box3_d__rosidl_typesupport_introspection_c.h
[0.516s] -- Up-to-date symlink: /home/dj/yolo_ws/install/yolo_msgs/include/yolo_msgs/yolo_msgs/msg/detail/detection__rosidl_typesupport_introspection_c.h
[0.516s] -- Up-to-date symlink: /home/dj/yolo_ws/install/yolo_msgs/include/yolo_msgs/yolo_msgs/msg/detail/detection_array__rosidl_typesupport_introspection_c.h
[0.516s] -- Up-to-date symlink: /home/dj/yolo_ws/install/yolo_msgs/include/yolo_msgs/yolo_msgs/msg/detail/key_point2_d__rosidl_typesupport_introspection_c.h
[0.517s] -- Up-to-date symlink: /home/dj/yolo_ws/install/yolo_msgs/include/yolo_msgs/yolo_msgs/msg/detail/key_point2_d_array__rosidl_typesupport_introspection_c.h
[0.517s] -- Up-to-date symlink: /home/dj/yolo_ws/install/yolo_msgs/include/yolo_msgs/yolo_msgs/msg/detail/key_point3_d__rosidl_typesupport_introspection_c.h
[0.517s] -- Up-to-date symlink: /home/dj/yolo_ws/install/yolo_msgs/include/yolo_msgs/yolo_msgs/msg/detail/key_point3_d_array__rosidl_typesupport_introspection_c.h
[0.517s] -- Up-to-date symlink: /home/dj/yolo_ws/install/yolo_msgs/include/yolo_msgs/yolo_msgs/msg/detail/mask__rosidl_typesupport_introspection_c.h
[0.517s] -- Up-to-date symlink: /home/dj/yolo_ws/install/yolo_msgs/include/yolo_msgs/yolo_msgs/msg/detail/point2_d__rosidl_typesupport_introspection_c.h
[0.517s] -- Up-to-date symlink: /home/dj/yolo_ws/install/yolo_msgs/include/yolo_msgs/yolo_msgs/msg/detail/pose2_d__rosidl_typesupport_introspection_c.h
[0.517s] -- Up-to-date symlink: /home/dj/yolo_ws/install/yolo_msgs/include/yolo_msgs/yolo_msgs/msg/detail/vector2__rosidl_typesupport_introspection_c.h
[0.517s] -- Up-to-date symlink: /home/dj/yolo_ws/install/yolo_msgs/include/yolo_msgs/yolo_msgs/msg/rosidl_typesupport_introspection_c__visibility_control.h
[0.517s] -- Up-to-date symlink: /home/dj/yolo_ws/install/yolo_msgs/include/yolo_msgs/yolo_msgs/srv/detail/set_classes__rosidl_typesupport_introspection_c.h
[0.518s] -- Up-to-date symlink: /home/dj/yolo_ws/install/yolo_msgs/include/yolo_msgs/yolo_msgs/msg/bounding_box2_d.hpp
[0.518s] -- Up-to-date symlink: /home/dj/yolo_ws/install/yolo_msgs/include/yolo_msgs/yolo_msgs/msg/bounding_box3_d.hpp
[0.518s] -- Up-to-date symlink: /home/dj/yolo_ws/install/yolo_msgs/include/yolo_msgs/yolo_msgs/msg/detail/bounding_box2_d__builder.hpp
[0.519s] -- Up-to-date symlink: /home/dj/yolo_ws/install/yolo_msgs/include/yolo_msgs/yolo_msgs/msg/detail/bounding_box2_d__struct.hpp
[0.519s] -- Up-to-date symlink: /home/dj/yolo_ws/install/yolo_msgs/include/yolo_msgs/yolo_msgs/msg/detail/bounding_box2_d__traits.hpp
[0.519s] -- Up-to-date symlink: /home/dj/yolo_ws/install/yolo_msgs/include/yolo_msgs/yolo_msgs/msg/detail/bounding_box3_d__builder.hpp
[0.519s] -- Up-to-date symlink: /home/dj/yolo_ws/install/yolo_msgs/include/yolo_msgs/yolo_msgs/msg/detail/bounding_box3_d__struct.hpp
[0.519s] -- Up-to-date symlink: /home/dj/yolo_ws/install/yolo_msgs/include/yolo_msgs/yolo_msgs/msg/detail/bounding_box3_d__traits.hpp
[0.519s] -- Up-to-date symlink: /home/dj/yolo_ws/install/yolo_msgs/include/yolo_msgs/yolo_msgs/msg/detail/detection__builder.hpp
[0.519s] -- Up-to-date symlink: /home/dj/yolo_ws/install/yolo_msgs/include/yolo_msgs/yolo_msgs/msg/detail/detection__struct.hpp
[0.519s] -- Up-to-date symlink: /home/dj/yolo_ws/install/yolo_msgs/include/yolo_msgs/yolo_msgs/msg/detail/detection__traits.hpp
[0.520s] -- Up-to-date symlink: /home/dj/yolo_ws/install/yolo_msgs/include/yolo_msgs/yolo_msgs/msg/detail/detection_array__builder.hpp
[0.520s] -- Up-to-date symlink: /home/dj/yolo_ws/install/yolo_msgs/include/yolo_msgs/yolo_msgs/msg/detail/detection_array__struct.hpp
[0.520s] -- Up-to-date symlink: /home/dj/yolo_ws/install/yolo_msgs/include/yolo_msgs/yolo_msgs/msg/detail/detection_array__traits.hpp
[0.520s] -- Up-to-date symlink: /home/dj/yolo_ws/install/yolo_msgs/include/yolo_msgs/yolo_msgs/msg/detail/key_point2_d__builder.hpp
[0.520s] -- Up-to-date symlink: /home/dj/yolo_ws/install/yolo_msgs/include/yolo_msgs/yolo_msgs/msg/detail/key_point2_d__struct.hpp
[0.520s] -- Up-to-date symlink: /home/dj/yolo_ws/install/yolo_msgs/include/yolo_msgs/yolo_msgs/msg/detail/key_point2_d__traits.hpp
[0.520s] -- Up-to-date symlink: /home/dj/yolo_ws/install/yolo_msgs/include/yolo_msgs/yolo_msgs/msg/detail/key_point2_d_array__builder.hpp
[0.520s] -- Up-to-date symlink: /home/dj/yolo_ws/install/yolo_msgs/include/yolo_msgs/yolo_msgs/msg/detail/key_point2_d_array__struct.hpp
[0.520s] -- Up-to-date symlink: /home/dj/yolo_ws/install/yolo_msgs/include/yolo_msgs/yolo_msgs/msg/detail/key_point2_d_array__traits.hpp
[0.520s] -- Up-to-date symlink: /home/dj/yolo_ws/install/yolo_msgs/include/yolo_msgs/yolo_msgs/msg/detail/key_point3_d__builder.hpp
[0.520s] -- Up-to-date symlink: /home/dj/yolo_ws/install/yolo_msgs/include/yolo_msgs/yolo_msgs/msg/detail/key_point3_d__struct.hpp
[0.521s] -- Up-to-date symlink: /home/dj/yolo_ws/install/yolo_msgs/include/yolo_msgs/yolo_msgs/msg/detail/key_point3_d__traits.hpp
[0.521s] -- Up-to-date symlink: /home/dj/yolo_ws/install/yolo_msgs/include/yolo_msgs/yolo_msgs/msg/detail/key_point3_d_array__builder.hpp
[0.521s] -- Up-to-date symlink: /home/dj/yolo_ws/install/yolo_msgs/include/yolo_msgs/yolo_msgs/msg/detail/key_point3_d_array__struct.hpp
[0.521s] -- Up-to-date symlink: /home/dj/yolo_ws/install/yolo_msgs/include/yolo_msgs/yolo_msgs/msg/detail/key_point3_d_array__traits.hpp
[0.521s] -- Up-to-date symlink: /home/dj/yolo_ws/install/yolo_msgs/include/yolo_msgs/yolo_msgs/msg/detail/mask__builder.hpp
[0.521s] -- Up-to-date symlink: /home/dj/yolo_ws/install/yolo_msgs/include/yolo_msgs/yolo_msgs/msg/detail/mask__struct.hpp
[0.521s] -- Up-to-date symlink: /home/dj/yolo_ws/install/yolo_msgs/include/yolo_msgs/yolo_msgs/msg/detail/mask__traits.hpp
[0.521s] -- Up-to-date symlink: /home/dj/yolo_ws/install/yolo_msgs/include/yolo_msgs/yolo_msgs/msg/detail/point2_d__builder.hpp
[0.521s] -- Up-to-date symlink: /home/dj/yolo_ws/install/yolo_msgs/include/yolo_msgs/yolo_msgs/msg/detail/point2_d__struct.hpp
[0.521s] -- Up-to-date symlink: /home/dj/yolo_ws/install/yolo_msgs/include/yolo_msgs/yolo_msgs/msg/detail/point2_d__traits.hpp
[0.521s] -- Up-to-date symlink: /home/dj/yolo_ws/install/yolo_msgs/include/yolo_msgs/yolo_msgs/msg/detail/pose2_d__builder.hpp
[0.521s] -- Up-to-date symlink: /home/dj/yolo_ws/install/yolo_msgs/include/yolo_msgs/yolo_msgs/msg/detail/pose2_d__struct.hpp
[0.522s] -- Up-to-date symlink: /home/dj/yolo_ws/install/yolo_msgs/include/yolo_msgs/yolo_msgs/msg/detail/pose2_d__traits.hpp
[0.522s] -- Up-to-date symlink: /home/dj/yolo_ws/install/yolo_msgs/include/yolo_msgs/yolo_msgs/msg/detail/vector2__builder.hpp
[0.522s] -- Up-to-date symlink: /home/dj/yolo_ws/install/yolo_msgs/include/yolo_msgs/yolo_msgs/msg/detail/vector2__struct.hpp
[0.522s] -- Up-to-date symlink: /home/dj/yolo_ws/install/yolo_msgs/include/yolo_msgs/yolo_msgs/msg/detail/vector2__traits.hpp
[0.522s] -- Up-to-date symlink: /home/dj/yolo_ws/install/yolo_msgs/include/yolo_msgs/yolo_msgs/msg/detection.hpp
[0.522s] -- Up-to-date symlink: /home/dj/yolo_ws/install/yolo_msgs/include/yolo_msgs/yolo_msgs/msg/detection_array.hpp
[0.522s] -- Up-to-date symlink: /home/dj/yolo_ws/install/yolo_msgs/include/yolo_msgs/yolo_msgs/msg/key_point2_d.hpp
[0.522s] -- Up-to-date symlink: /home/dj/yolo_ws/install/yolo_msgs/include/yolo_msgs/yolo_msgs/msg/key_point2_d_array.hpp
[0.522s] -- Up-to-date symlink: /home/dj/yolo_ws/install/yolo_msgs/include/yolo_msgs/yolo_msgs/msg/key_point3_d.hpp
[0.522s] -- Up-to-date symlink: /home/dj/yolo_ws/install/yolo_msgs/include/yolo_msgs/yolo_msgs/msg/key_point3_d_array.hpp
[0.522s] -- Up-to-date symlink: /home/dj/yolo_ws/install/yolo_msgs/include/yolo_msgs/yolo_msgs/msg/mask.hpp
[0.522s] -- Up-to-date symlink: /home/dj/yolo_ws/install/yolo_msgs/include/yolo_msgs/yolo_msgs/msg/point2_d.hpp
[0.523s] -- Up-to-date symlink: /home/dj/yolo_ws/install/yolo_msgs/include/yolo_msgs/yolo_msgs/msg/pose2_d.hpp
[0.523s] -- Up-to-date symlink: /home/dj/yolo_ws/install/yolo_msgs/include/yolo_msgs/yolo_msgs/msg/vector2.hpp
[0.523s] -- Up-to-date symlink: /home/dj/yolo_ws/install/yolo_msgs/include/yolo_msgs/yolo_msgs/srv/detail/set_classes__builder.hpp
[0.523s] -- Up-to-date symlink: /home/dj/yolo_ws/install/yolo_msgs/include/yolo_msgs/yolo_msgs/srv/detail/set_classes__struct.hpp
[0.523s] -- Up-to-date symlink: /home/dj/yolo_ws/install/yolo_msgs/include/yolo_msgs/yolo_msgs/srv/detail/set_classes__traits.hpp
[0.523s] -- Up-to-date symlink: /home/dj/yolo_ws/install/yolo_msgs/include/yolo_msgs/yolo_msgs/srv/set_classes.hpp
[0.524s] -- Up-to-date symlink: /home/dj/yolo_ws/install/yolo_msgs/include/yolo_msgs/yolo_msgs/msg/detail/bounding_box2_d__rosidl_typesupport_fastrtps_cpp.hpp
[0.524s] -- Up-to-date symlink: /home/dj/yolo_ws/install/yolo_msgs/include/yolo_msgs/yolo_msgs/msg/detail/bounding_box3_d__rosidl_typesupport_fastrtps_cpp.hpp
[0.524s] -- Up-to-date symlink: /home/dj/yolo_ws/install/yolo_msgs/include/yolo_msgs/yolo_msgs/msg/detail/detection__rosidl_typesupport_fastrtps_cpp.hpp
[0.524s] -- Up-to-date symlink: /home/dj/yolo_ws/install/yolo_msgs/include/yolo_msgs/yolo_msgs/msg/detail/detection_array__rosidl_typesupport_fastrtps_cpp.hpp
[0.524s] -- Up-to-date symlink: /home/dj/yolo_ws/install/yolo_msgs/include/yolo_msgs/yolo_msgs/msg/detail/key_point2_d__rosidl_typesupport_fastrtps_cpp.hpp
[0.524s] -- Up-to-date symlink: /home/dj/yolo_ws/install/yolo_msgs/include/yolo_msgs/yolo_msgs/msg/detail/key_point2_d_array__rosidl_typesupport_fastrtps_cpp.hpp
[0.524s] -- Up-to-date symlink: /home/dj/yolo_ws/install/yolo_msgs/include/yolo_msgs/yolo_msgs/msg/detail/key_point3_d__rosidl_typesupport_fastrtps_cpp.hpp
[0.524s] -- Up-to-date symlink: /home/dj/yolo_ws/install/yolo_msgs/include/yolo_msgs/yolo_msgs/msg/detail/key_point3_d_array__rosidl_typesupport_fastrtps_cpp.hpp
[0.525s] -- Up-to-date symlink: /home/dj/yolo_ws/install/yolo_msgs/include/yolo_msgs/yolo_msgs/msg/detail/mask__rosidl_typesupport_fastrtps_cpp.hpp
[0.525s] -- Up-to-date symlink: /home/dj/yolo_ws/install/yolo_msgs/include/yolo_msgs/yolo_msgs/msg/detail/point2_d__rosidl_typesupport_fastrtps_cpp.hpp
[0.525s] -- Up-to-date symlink: /home/dj/yolo_ws/install/yolo_msgs/include/yolo_msgs/yolo_msgs/msg/detail/pose2_d__rosidl_typesupport_fastrtps_cpp.hpp
[0.525s] -- Up-to-date symlink: /home/dj/yolo_ws/install/yolo_msgs/include/yolo_msgs/yolo_msgs/msg/detail/vector2__rosidl_typesupport_fastrtps_cpp.hpp
[0.525s] -- Up-to-date symlink: /home/dj/yolo_ws/install/yolo_msgs/include/yolo_msgs/yolo_msgs/msg/rosidl_typesupport_fastrtps_cpp__visibility_control.h
[0.525s] -- Up-to-date symlink: /home/dj/yolo_ws/install/yolo_msgs/include/yolo_msgs/yolo_msgs/srv/detail/set_classes__rosidl_typesupport_fastrtps_cpp.hpp
[0.525s] -- Up-to-date symlink: /home/dj/yolo_ws/install/yolo_msgs/include/yolo_msgs/yolo_msgs/msg/detail/bounding_box2_d__rosidl_typesupport_introspection_cpp.hpp
[0.525s] -- Up-to-date symlink: /home/dj/yolo_ws/install/yolo_msgs/include/yolo_msgs/yolo_msgs/msg/detail/bounding_box3_d__rosidl_typesupport_introspection_cpp.hpp
[0.525s] -- Up-to-date symlink: /home/dj/yolo_ws/install/yolo_msgs/include/yolo_msgs/yolo_msgs/msg/detail/detection__rosidl_typesupport_introspection_cpp.hpp
[0.526s] -- Up-to-date symlink: /home/dj/yolo_ws/install/yolo_msgs/include/yolo_msgs/yolo_msgs/msg/detail/detection_array__rosidl_typesupport_introspection_cpp.hpp
[0.526s] -- Up-to-date symlink: /home/dj/yolo_ws/install/yolo_msgs/include/yolo_msgs/yolo_msgs/msg/detail/key_point2_d__rosidl_typesupport_introspection_cpp.hpp
[0.526s] -- Up-to-date symlink: /home/dj/yolo_ws/install/yolo_msgs/include/yolo_msgs/yolo_msgs/msg/detail/key_point2_d_array__rosidl_typesupport_introspection_cpp.hpp
[0.526s] -- Up-to-date symlink: /home/dj/yolo_ws/install/yolo_msgs/include/yolo_msgs/yolo_msgs/msg/detail/key_point3_d__rosidl_typesupport_introspection_cpp.hpp
[0.526s] -- Up-to-date symlink: /home/dj/yolo_ws/install/yolo_msgs/include/yolo_msgs/yolo_msgs/msg/detail/key_point3_d_array__rosidl_typesupport_introspection_cpp.hpp
[0.526s] -- Up-to-date symlink: /home/dj/yolo_ws/install/yolo_msgs/include/yolo_msgs/yolo_msgs/msg/detail/mask__rosidl_typesupport_introspection_cpp.hpp
[0.526s] -- Up-to-date symlink: /home/dj/yolo_ws/install/yolo_msgs/include/yolo_msgs/yolo_msgs/msg/detail/point2_d__rosidl_typesupport_introspection_cpp.hpp
[0.526s] -- Up-to-date symlink: /home/dj/yolo_ws/install/yolo_msgs/include/yolo_msgs/yolo_msgs/msg/detail/pose2_d__rosidl_typesupport_introspection_cpp.hpp
[0.526s] -- Up-to-date symlink: /home/dj/yolo_ws/install/yolo_msgs/include/yolo_msgs/yolo_msgs/msg/detail/vector2__rosidl_typesupport_introspection_cpp.hpp
[0.526s] -- Up-to-date symlink: /home/dj/yolo_ws/install/yolo_msgs/include/yolo_msgs/yolo_msgs/srv/detail/set_classes__rosidl_typesupport_introspection_cpp.hpp
[0.526s] -- Up-to-date symlink: /home/dj/yolo_ws/install/yolo_msgs/share/yolo_msgs/environment/pythonpath.sh
[0.527s] -- Up-to-date symlink: /home/dj/yolo_ws/install/yolo_msgs/share/yolo_msgs/environment/pythonpath.dsv
[0.527s] -- Up-to-date symlink: /home/dj/yolo_ws/install/yolo_msgs/local/lib/python3.10/dist-packages/yolo_msgs-4.0.1-py3.10.egg-info/PKG-INFO
[0.527s] -- Up-to-date symlink: /home/dj/yolo_ws/install/yolo_msgs/local/lib/python3.10/dist-packages/yolo_msgs-4.0.1-py3.10.egg-info/SOURCES.txt
[0.527s] -- Up-to-date symlink: /home/dj/yolo_ws/install/yolo_msgs/local/lib/python3.10/dist-packages/yolo_msgs-4.0.1-py3.10.egg-info/dependency_links.txt
[0.527s] -- Up-to-date symlink: /home/dj/yolo_ws/install/yolo_msgs/local/lib/python3.10/dist-packages/yolo_msgs-4.0.1-py3.10.egg-info/top_level.txt
[0.528s] -- Up-to-date symlink: /home/dj/yolo_ws/install/yolo_msgs/local/lib/python3.10/dist-packages/yolo_msgs/__init__.py
[0.528s] -- Up-to-date symlink: /home/dj/yolo_ws/install/yolo_msgs/local/lib/python3.10/dist-packages/yolo_msgs/_yolo_msgs_s.ep.rosidl_typesupport_c.c
[0.528s] -- Up-to-date symlink: /home/dj/yolo_ws/install/yolo_msgs/local/lib/python3.10/dist-packages/yolo_msgs/_yolo_msgs_s.ep.rosidl_typesupport_fastrtps_c.c
[0.528s] -- Up-to-date symlink: /home/dj/yolo_ws/install/yolo_msgs/local/lib/python3.10/dist-packages/yolo_msgs/_yolo_msgs_s.ep.rosidl_typesupport_introspection_c.c
[0.528s] -- Up-to-date symlink: /home/dj/yolo_ws/install/yolo_msgs/local/lib/python3.10/dist-packages/yolo_msgs/libyolo_msgs__rosidl_generator_py.so
[0.528s] -- Up-to-date symlink: /home/dj/yolo_ws/install/yolo_msgs/local/lib/python3.10/dist-packages/yolo_msgs/msg/__init__.py
[0.528s] -- Up-to-date symlink: /home/dj/yolo_ws/install/yolo_msgs/local/lib/python3.10/dist-packages/yolo_msgs/msg/_bounding_box2_d.py
[0.528s] -- Up-to-date symlink: /home/dj/yolo_ws/install/yolo_msgs/local/lib/python3.10/dist-packages/yolo_msgs/msg/_bounding_box2_d_s.c
[0.528s] -- Up-to-date symlink: /home/dj/yolo_ws/install/yolo_msgs/local/lib/python3.10/dist-packages/yolo_msgs/msg/_bounding_box3_d.py
[0.529s] -- Up-to-date symlink: /home/dj/yolo_ws/install/yolo_msgs/local/lib/python3.10/dist-packages/yolo_msgs/msg/_bounding_box3_d_s.c
[0.529s] -- Up-to-date symlink: /home/dj/yolo_ws/install/yolo_msgs/local/lib/python3.10/dist-packages/yolo_msgs/msg/_detection.py
[0.529s] -- Up-to-date symlink: /home/dj/yolo_ws/install/yolo_msgs/local/lib/python3.10/dist-packages/yolo_msgs/msg/_detection_array.py
[0.529s] -- Up-to-date symlink: /home/dj/yolo_ws/install/yolo_msgs/local/lib/python3.10/dist-packages/yolo_msgs/msg/_detection_array_s.c
[0.529s] -- Up-to-date symlink: /home/dj/yolo_ws/install/yolo_msgs/local/lib/python3.10/dist-packages/yolo_msgs/msg/_detection_s.c
[0.529s] -- Up-to-date symlink: /home/dj/yolo_ws/install/yolo_msgs/local/lib/python3.10/dist-packages/yolo_msgs/msg/_key_point2_d.py
[0.529s] -- Up-to-date symlink: /home/dj/yolo_ws/install/yolo_msgs/local/lib/python3.10/dist-packages/yolo_msgs/msg/_key_point2_d_array.py
[0.529s] -- Up-to-date symlink: /home/dj/yolo_ws/install/yolo_msgs/local/lib/python3.10/dist-packages/yolo_msgs/msg/_key_point2_d_array_s.c
[0.529s] -- Up-to-date symlink: /home/dj/yolo_ws/install/yolo_msgs/local/lib/python3.10/dist-packages/yolo_msgs/msg/_key_point2_d_s.c
[0.529s] -- Up-to-date symlink: /home/dj/yolo_ws/install/yolo_msgs/local/lib/python3.10/dist-packages/yolo_msgs/msg/_key_point3_d.py
[0.529s] -- Up-to-date symlink: /home/dj/yolo_ws/install/yolo_msgs/local/lib/python3.10/dist-packages/yolo_msgs/msg/_key_point3_d_array.py
[0.529s] -- Up-to-date symlink: /home/dj/yolo_ws/install/yolo_msgs/local/lib/python3.10/dist-packages/yolo_msgs/msg/_key_point3_d_array_s.c
[0.529s] -- Up-to-date symlink: /home/dj/yolo_ws/install/yolo_msgs/local/lib/python3.10/dist-packages/yolo_msgs/msg/_key_point3_d_s.c
[0.530s] -- Up-to-date symlink: /home/dj/yolo_ws/install/yolo_msgs/local/lib/python3.10/dist-packages/yolo_msgs/msg/_mask.py
[0.530s] -- Up-to-date symlink: /home/dj/yolo_ws/install/yolo_msgs/local/lib/python3.10/dist-packages/yolo_msgs/msg/_mask_s.c
[0.530s] -- Up-to-date symlink: /home/dj/yolo_ws/install/yolo_msgs/local/lib/python3.10/dist-packages/yolo_msgs/msg/_point2_d.py
[0.530s] -- Up-to-date symlink: /home/dj/yolo_ws/install/yolo_msgs/local/lib/python3.10/dist-packages/yolo_msgs/msg/_point2_d_s.c
[0.530s] -- Up-to-date symlink: /home/dj/yolo_ws/install/yolo_msgs/local/lib/python3.10/dist-packages/yolo_msgs/msg/_pose2_d.py
[0.530s] -- Up-to-date symlink: /home/dj/yolo_ws/install/yolo_msgs/local/lib/python3.10/dist-packages/yolo_msgs/msg/_pose2_d_s.c
[0.530s] -- Up-to-date symlink: /home/dj/yolo_ws/install/yolo_msgs/local/lib/python3.10/dist-packages/yolo_msgs/msg/_vector2.py
[0.530s] -- Up-to-date symlink: /home/dj/yolo_ws/install/yolo_msgs/local/lib/python3.10/dist-packages/yolo_msgs/msg/_vector2_s.c
[0.530s] -- Up-to-date symlink: /home/dj/yolo_ws/install/yolo_msgs/local/lib/python3.10/dist-packages/yolo_msgs/srv/__init__.py
[0.530s] -- Up-to-date symlink: /home/dj/yolo_ws/install/yolo_msgs/local/lib/python3.10/dist-packages/yolo_msgs/srv/_set_classes.py
[0.530s] -- Up-to-date symlink: /home/dj/yolo_ws/install/yolo_msgs/local/lib/python3.10/dist-packages/yolo_msgs/srv/_set_classes_s.c
[0.531s] -- Up-to-date symlink: /home/dj/yolo_ws/install/yolo_msgs/local/lib/python3.10/dist-packages/yolo_msgs/yolo_msgs_s__rosidl_typesupport_c.cpython-310-x86_64-linux-gnu.so
[0.531s] -- Up-to-date symlink: /home/dj/yolo_ws/install/yolo_msgs/local/lib/python3.10/dist-packages/yolo_msgs/yolo_msgs_s__rosidl_typesupport_fastrtps_c.cpython-310-x86_64-linux-gnu.so
[0.531s] -- Up-to-date symlink: /home/dj/yolo_ws/install/yolo_msgs/local/lib/python3.10/dist-packages/yolo_msgs/yolo_msgs_s__rosidl_typesupport_introspection_c.cpython-310-x86_64-linux-gnu.so
[0.531s] -- Up-to-date symlink: /home/dj/yolo_ws/install/yolo_msgs/local/lib/python3.10/dist-packages/yolo_msgs/yolo_msgs_s__rosidl_typesupport_fastrtps_c.cpython-310-x86_64-linux-gnu.so
[0.531s] -- Up-to-date symlink: /home/dj/yolo_ws/install/yolo_msgs/local/lib/python3.10/dist-packages/yolo_msgs/yolo_msgs_s__rosidl_typesupport_introspection_c.cpython-310-x86_64-linux-gnu.so
[0.531s] -- Up-to-date symlink: /home/dj/yolo_ws/install/yolo_msgs/local/lib/python3.10/dist-packages/yolo_msgs/yolo_msgs_s__rosidl_typesupport_c.cpython-310-x86_64-linux-gnu.so
[0.531s] -- Up-to-date symlink: /home/dj/yolo_ws/install/yolo_msgs/share/yolo_msgs/msg/Point2D.idl
[0.531s] -- Up-to-date symlink: /home/dj/yolo_ws/install/yolo_msgs/share/yolo_msgs/msg/Vector2.idl
[0.532s] -- Up-to-date symlink: /home/dj/yolo_ws/install/yolo_msgs/share/yolo_msgs/msg/Pose2D.idl
[0.532s] -- Up-to-date symlink: /home/dj/yolo_ws/install/yolo_msgs/share/yolo_msgs/msg/BoundingBox2D.idl
[0.532s] -- Up-to-date symlink: /home/dj/yolo_ws/install/yolo_msgs/share/yolo_msgs/msg/BoundingBox3D.idl
[0.532s] -- Up-to-date symlink: /home/dj/yolo_ws/install/yolo_msgs/share/yolo_msgs/msg/Mask.idl
[0.532s] -- Up-to-date symlink: /home/dj/yolo_ws/install/yolo_msgs/share/yolo_msgs/msg/KeyPoint2D.idl
[0.532s] -- Up-to-date symlink: /home/dj/yolo_ws/install/yolo_msgs/share/yolo_msgs/msg/KeyPoint2DArray.idl
[0.532s] -- Up-to-date symlink: /home/dj/yolo_ws/install/yolo_msgs/share/yolo_msgs/msg/KeyPoint3D.idl
[0.532s] -- Up-to-date symlink: /home/dj/yolo_ws/install/yolo_msgs/share/yolo_msgs/msg/KeyPoint3DArray.idl
[0.532s] -- Up-to-date symlink: /home/dj/yolo_ws/install/yolo_msgs/share/yolo_msgs/msg/Detection.idl
[0.533s] -- Up-to-date symlink: /home/dj/yolo_ws/install/yolo_msgs/share/yolo_msgs/msg/DetectionArray.idl
[0.533s] -- Up-to-date symlink: /home/dj/yolo_ws/install/yolo_msgs/share/yolo_msgs/srv/SetClasses.idl
[0.533s] -- Up-to-date symlink: /home/dj/yolo_ws/install/yolo_msgs/share/yolo_msgs/msg/Point2D.msg
[0.533s] -- Up-to-date symlink: /home/dj/yolo_ws/install/yolo_msgs/share/yolo_msgs/msg/Vector2.msg
[0.533s] -- Up-to-date symlink: /home/dj/yolo_ws/install/yolo_msgs/share/yolo_msgs/msg/Pose2D.msg
[0.533s] -- Up-to-date symlink: /home/dj/yolo_ws/install/yolo_msgs/share/yolo_msgs/msg/BoundingBox2D.msg
[0.533s] -- Up-to-date symlink: /home/dj/yolo_ws/install/yolo_msgs/share/yolo_msgs/msg/BoundingBox3D.msg
[0.533s] -- Up-to-date symlink: /home/dj/yolo_ws/install/yolo_msgs/share/yolo_msgs/msg/Mask.msg
[0.533s] -- Up-to-date symlink: /home/dj/yolo_ws/install/yolo_msgs/share/yolo_msgs/msg/KeyPoint2D.msg
[0.533s] -- Up-to-date symlink: /home/dj/yolo_ws/install/yolo_msgs/share/yolo_msgs/msg/KeyPoint2DArray.msg
[0.534s] -- Up-to-date symlink: /home/dj/yolo_ws/install/yolo_msgs/share/yolo_msgs/msg/KeyPoint3D.msg
[0.534s] -- Up-to-date symlink: /home/dj/yolo_ws/install/yolo_msgs/share/yolo_msgs/msg/KeyPoint3DArray.msg
[0.534s] -- Up-to-date symlink: /home/dj/yolo_ws/install/yolo_msgs/share/yolo_msgs/msg/Detection.msg
[0.534s] -- Up-to-date symlink: /home/dj/yolo_ws/install/yolo_msgs/share/yolo_msgs/msg/DetectionArray.msg
[0.534s] -- Up-to-date symlink: /home/dj/yolo_ws/install/yolo_msgs/share/yolo_msgs/srv/SetClasses.srv
[0.534s] -- Up-to-date symlink: /home/dj/yolo_ws/install/yolo_msgs/share/yolo_msgs/srv/SetClasses_Request.msg
[0.534s] -- Up-to-date symlink: /home/dj/yolo_ws/install/yolo_msgs/share/yolo_msgs/srv/SetClasses_Response.msg
[0.534s] -- Up-to-date symlink: /home/dj/yolo_ws/install/yolo_msgs/share/ament_index/resource_index/package_run_dependencies/yolo_msgs
[0.534s] -- Up-to-date symlink: /home/dj/yolo_ws/install/yolo_msgs/share/ament_index/resource_index/parent_prefix_path/yolo_msgs
[0.534s] -- Up-to-date symlink: /home/dj/yolo_ws/install/yolo_msgs/share/yolo_msgs/environment/ament_prefix_path.sh
[0.535s] -- Up-to-date symlink: /home/dj/yolo_ws/install/yolo_msgs/share/yolo_msgs/environment/ament_prefix_path.dsv
[0.535s] -- Up-to-date symlink: /home/dj/yolo_ws/install/yolo_msgs/share/yolo_msgs/environment/path.sh
[0.535s] -- Up-to-date symlink: /home/dj/yolo_ws/install/yolo_msgs/share/yolo_msgs/environment/path.dsv
[0.535s] -- Up-to-date symlink: /home/dj/yolo_ws/install/yolo_msgs/share/yolo_msgs/local_setup.bash
[0.535s] -- Up-to-date symlink: /home/dj/yolo_ws/install/yolo_msgs/share/yolo_msgs/local_setup.sh
[0.535s] -- Up-to-date symlink: /home/dj/yolo_ws/install/yolo_msgs/share/yolo_msgs/local_setup.zsh
[0.535s] -- Up-to-date symlink: /home/dj/yolo_ws/install/yolo_msgs/share/yolo_msgs/local_setup.dsv
[0.535s] -- Symlinking: /home/dj/yolo_ws/install/yolo_msgs/share/yolo_msgs/package.dsv
[0.544s] -- Up-to-date symlink: /home/dj/yolo_ws/install/yolo_msgs/share/ament_index/resource_index/packages/yolo_msgs
[0.544s] -- Up-to-date symlink: /home/dj/yolo_ws/install/yolo_msgs/share/yolo_msgs/cmake/rosidl_cmake-extras.cmake
[0.544s] -- Up-to-date symlink: /home/dj/yolo_ws/install/yolo_msgs/share/yolo_msgs/cmake/ament_cmake_export_dependencies-extras.cmake
[0.544s] -- Up-to-date symlink: /home/dj/yolo_ws/install/yolo_msgs/share/yolo_msgs/cmake/ament_cmake_export_include_directories-extras.cmake
[0.544s] -- Up-to-date symlink: /home/dj/yolo_ws/install/yolo_msgs/share/yolo_msgs/cmake/ament_cmake_export_libraries-extras.cmake
[0.544s] -- Up-to-date symlink: /home/dj/yolo_ws/install/yolo_msgs/share/yolo_msgs/cmake/ament_cmake_export_targets-extras.cmake
[0.544s] -- Up-to-date symlink: /home/dj/yolo_ws/install/yolo_msgs/share/yolo_msgs/cmake/rosidl_cmake_export_typesupport_targets-extras.cmake
[0.545s] -- Up-to-date symlink: /home/dj/yolo_ws/install/yolo_msgs/share/yolo_msgs/cmake/rosidl_cmake_export_typesupport_libraries-extras.cmake
[0.545s] -- Up-to-date symlink: /home/dj/yolo_ws/install/yolo_msgs/share/yolo_msgs/cmake/yolo_msgsConfig.cmake
[0.545s] -- Up-to-date symlink: /home/dj/yolo_ws/install/yolo_msgs/share/yolo_msgs/cmake/yolo_msgsConfig-version.cmake
[0.545s] -- Up-to-date symlink: /home/dj/yolo_ws/install/yolo_msgs/share/yolo_msgs/package.xml
[0.546s] -- Up-to-date: /home/dj/yolo_ws/install/yolo_msgs/lib/libyolo_msgs__rosidl_generator_c.so
[0.546s] -- Up-to-date: /home/dj/yolo_ws/install/yolo_msgs/lib/libyolo_msgs__rosidl_typesupport_fastrtps_c.so
[0.547s] -- Up-to-date: /home/dj/yolo_ws/install/yolo_msgs/lib/libyolo_msgs__rosidl_typesupport_introspection_c.so
[0.548s] -- Up-to-date: /home/dj/yolo_ws/install/yolo_msgs/lib/libyolo_msgs__rosidl_typesupport_c.so
[0.548s] -- Up-to-date: /home/dj/yolo_ws/install/yolo_msgs/lib/libyolo_msgs__rosidl_typesupport_fastrtps_cpp.so
[0.549s] -- Up-to-date: /home/dj/yolo_ws/install/yolo_msgs/lib/libyolo_msgs__rosidl_typesupport_introspection_cpp.so
[0.550s] -- Up-to-date: /home/dj/yolo_ws/install/yolo_msgs/lib/libyolo_msgs__rosidl_typesupport_cpp.so
[0.577s] Listing '/home/dj/yolo_ws/install/yolo_msgs/local/lib/python3.10/dist-packages/yolo_msgs'...
[0.577s] Listing '/home/dj/yolo_ws/install/yolo_msgs/local/lib/python3.10/dist-packages/yolo_msgs/msg'...
[0.577s] Listing '/home/dj/yolo_ws/install/yolo_msgs/local/lib/python3.10/dist-packages/yolo_msgs/srv'...
[0.581s] -- Up-to-date: /home/dj/yolo_ws/install/yolo_msgs/lib/libyolo_msgs__rosidl_generator_py.so
[0.581s] -- Up-to-date: /home/dj/yolo_ws/install/yolo_msgs/share/yolo_msgs/cmake/export_yolo_msgs__rosidl_generator_cExport.cmake
[0.581s] -- Up-to-date: /home/dj/yolo_ws/install/yolo_msgs/share/yolo_msgs/cmake/export_yolo_msgs__rosidl_generator_cExport-release.cmake
[0.581s] -- Up-to-date: /home/dj/yolo_ws/install/yolo_msgs/share/yolo_msgs/cmake/export_yolo_msgs__rosidl_typesupport_fastrtps_cExport.cmake
[0.581s] -- Up-to-date: /home/dj/yolo_ws/install/yolo_msgs/share/yolo_msgs/cmake/export_yolo_msgs__rosidl_typesupport_fastrtps_cExport-release.cmake
[0.581s] -- Up-to-date: /home/dj/yolo_ws/install/yolo_msgs/share/yolo_msgs/cmake/yolo_msgs__rosidl_typesupport_introspection_cExport.cmake
[0.582s] -- Up-to-date: /home/dj/yolo_ws/install/yolo_msgs/share/yolo_msgs/cmake/yolo_msgs__rosidl_typesupport_introspection_cExport-release.cmake
[0.582s] -- Up-to-date: /home/dj/yolo_ws/install/yolo_msgs/share/yolo_msgs/cmake/yolo_msgs__rosidl_typesupport_cExport.cmake
[0.582s] -- Up-to-date: /home/dj/yolo_ws/install/yolo_msgs/share/yolo_msgs/cmake/yolo_msgs__rosidl_typesupport_cExport-release.cmake
[0.582s] -- Up-to-date: /home/dj/yolo_ws/install/yolo_msgs/share/yolo_msgs/cmake/export_yolo_msgs__rosidl_generator_cppExport.cmake
[0.582s] -- Up-to-date: /home/dj/yolo_ws/install/yolo_msgs/share/yolo_msgs/cmake/export_yolo_msgs__rosidl_typesupport_fastrtps_cppExport.cmake
[0.582s] -- Up-to-date: /home/dj/yolo_ws/install/yolo_msgs/share/yolo_msgs/cmake/export_yolo_msgs__rosidl_typesupport_fastrtps_cppExport-release.cmake
[0.582s] -- Up-to-date: /home/dj/yolo_ws/install/yolo_msgs/share/yolo_msgs/cmake/yolo_msgs__rosidl_typesupport_introspection_cppExport.cmake
[0.582s] -- Up-to-date: /home/dj/yolo_ws/install/yolo_msgs/share/yolo_msgs/cmake/yolo_msgs__rosidl_typesupport_introspection_cppExport-release.cmake
[0.582s] -- Up-to-date: /home/dj/yolo_ws/install/yolo_msgs/share/yolo_msgs/cmake/yolo_msgs__rosidl_typesupport_cppExport.cmake
[0.582s] -- Up-to-date: /home/dj/yolo_ws/install/yolo_msgs/share/yolo_msgs/cmake/yolo_msgs__rosidl_typesupport_cppExport-release.cmake
[0.582s] -- Up-to-date: /home/dj/yolo_ws/install/yolo_msgs/share/yolo_msgs/cmake/export_yolo_msgs__rosidl_generator_pyExport.cmake
[0.582s] -- Up-to-date: /home/dj/yolo_ws/install/yolo_msgs/share/yolo_msgs/cmake/export_yolo_msgs__rosidl_generator_pyExport-release.cmake
[0.584s] Invoked command in '/home/dj/yolo_ws/build/yolo_msgs' returned '0': CMAKE_PREFIX_PATH=/opt/ros/humble /usr/bin/cmake --install /home/dj/yolo_ws/build/yolo_msgs
